<?xml version="1.0" encoding="UTF-8"?>
<testsuites failures="208" name="dependency-check" tests="114">
        <testsuite failures="0" errors="0" time="0" id="0" name="/src/target/internship-service-0.0.1-SNAPSHOT.jar" package="internship-service-0.0.1-SNAPSHOT.jar" skipped="0" tests="1" timestamp="2026-07-25T06:36:55.948153402">
            <testcase classname="dependency-check" name="internship-service-0.0.1-SNAPSHOT.jar"/>
    </testsuite>
        <testsuite failures="0" errors="0" time="0" id="1" name="/src/target/internship-service-0.0.1-SNAPSHOT.jar/BOOT-INF/lib/HdrHistogram-2.2.2.jar" package="internship-service-0.0.1-SNAPSHOT.jar: HdrHistogram-2.2.2.jar" skipped="0" tests="1" timestamp="2026-07-25T06:36:55.948153402">
            <testcase classname="dependency-check" name="internship-service-0.0.1-SNAPSHOT.jar: HdrHistogram-2.2.2.jar"/>
    </testsuite>
        <testsuite failures="0" errors="0" time="0" id="2" name="/src/target/internship-service-0.0.1-SNAPSHOT.jar/BOOT-INF/lib/HikariCP-7.0.2.jar" package="internship-service-0.0.1-SNAPSHOT.jar: HikariCP-7.0.2.jar" skipped="0" tests="1" timestamp="2026-07-25T06:36:55.948153402">
            <testcase classname="dependency-check" name="internship-service-0.0.1-SNAPSHOT.jar: HikariCP-7.0.2.jar"/>
    </testsuite>
        <testsuite failures="0" errors="0" time="0" id="3" name="/src/target/internship-service-0.0.1-SNAPSHOT.jar/BOOT-INF/lib/LatencyUtils-2.0.3.jar" package="internship-service-0.0.1-SNAPSHOT.jar: LatencyUtils-2.0.3.jar" skipped="0" tests="1" timestamp="2026-07-25T06:36:55.948153402">
            <testcase classname="dependency-check" name="internship-service-0.0.1-SNAPSHOT.jar: LatencyUtils-2.0.3.jar"/>
    </testsuite>
        <testsuite failures="0" errors="0" time="0" id="4" name="/src/target/internship-service-0.0.1-SNAPSHOT.jar/BOOT-INF/lib/angus-activation-2.0.3.jar" package="internship-service-0.0.1-SNAPSHOT.jar: angus-activation-2.0.3.jar" skipped="0" tests="1" timestamp="2026-07-25T06:36:55.948153402">
            <testcase classname="dependency-check" name="internship-service-0.0.1-SNAPSHOT.jar: angus-activation-2.0.3.jar"/>
    </testsuite>
        <testsuite failures="0" errors="0" time="0" id="5" name="/src/target/internship-service-0.0.1-SNAPSHOT.jar/BOOT-INF/lib/antlr4-runtime-4.13.2.jar" package="internship-service-0.0.1-SNAPSHOT.jar: antlr4-runtime-4.13.2.jar" skipped="0" tests="1" timestamp="2026-07-25T06:36:55.948153402">
            <testcase classname="dependency-check" name="internship-service-0.0.1-SNAPSHOT.jar: antlr4-runtime-4.13.2.jar"/>
    </testsuite>
        <testsuite failures="0" errors="0" time="0" id="6" name="/src/target/internship-service-0.0.1-SNAPSHOT.jar/BOOT-INF/lib/apiguardian-api-1.1.1.jar" package="internship-service-0.0.1-SNAPSHOT.jar: apiguardian-api-1.1.1.jar" skipped="0" tests="1" timestamp="2026-07-25T06:36:55.948153402">
            <testcase classname="dependency-check" name="internship-service-0.0.1-SNAPSHOT.jar: apiguardian-api-1.1.1.jar"/>
    </testsuite>
        <testsuite failures="0" errors="0" time="0" id="7" name="/src/target/internship-service-0.0.1-SNAPSHOT.jar/BOOT-INF/lib/aspectjweaver-1.9.25.1.jar" package="internship-service-0.0.1-SNAPSHOT.jar: aspectjweaver-1.9.25.1.jar" skipped="0" tests="1" timestamp="2026-07-25T06:36:55.948153402">
            <testcase classname="dependency-check" name="internship-service-0.0.1-SNAPSHOT.jar: aspectjweaver-1.9.25.1.jar"/>
    </testsuite>
        <testsuite failures="0" errors="0" time="0" id="8" name="/src/target/internship-service-0.0.1-SNAPSHOT.jar/BOOT-INF/lib/byte-buddy-1.17.8.jar" package="internship-service-0.0.1-SNAPSHOT.jar: byte-buddy-1.17.8.jar" skipped="0" tests="1" timestamp="2026-07-25T06:36:55.948153402">
            <testcase classname="dependency-check" name="internship-service-0.0.1-SNAPSHOT.jar: byte-buddy-1.17.8.jar"/>
    </testsuite>
        <testsuite failures="0" errors="0" time="0" id="9" name="/src/target/internship-service-0.0.1-SNAPSHOT.jar/BOOT-INF/lib/checker-qual-3.52.0.jar" package="internship-service-0.0.1-SNAPSHOT.jar: checker-qual-3.52.0.jar" skipped="0" tests="1" timestamp="2026-07-25T06:36:55.948153402">
            <testcase classname="dependency-check" name="internship-service-0.0.1-SNAPSHOT.jar: checker-qual-3.52.0.jar"/>
    </testsuite>
        <testsuite failures="0" errors="0" time="0" id="10" name="/src/target/internship-service-0.0.1-SNAPSHOT.jar/BOOT-INF/lib/classmate-1.7.3.jar" package="internship-service-0.0.1-SNAPSHOT.jar: classmate-1.7.3.jar" skipped="0" tests="1" timestamp="2026-07-25T06:36:55.948153402">
            <testcase classname="dependency-check" name="internship-service-0.0.1-SNAPSHOT.jar: classmate-1.7.3.jar"/>
    </testsuite>
        <testsuite failures="0" errors="0" time="0" id="11" name="/src/target/internship-service-0.0.1-SNAPSHOT.jar/BOOT-INF/lib/commons-codec-1.19.0.jar" package="internship-service-0.0.1-SNAPSHOT.jar: commons-codec-1.19.0.jar" skipped="0" tests="1" timestamp="2026-07-25T06:36:55.948153402">
            <testcase classname="dependency-check" name="internship-service-0.0.1-SNAPSHOT.jar: commons-codec-1.19.0.jar"/>
    </testsuite>
        <testsuite failures="0" errors="0" time="0" id="12" name="/src/target/internship-service-0.0.1-SNAPSHOT.jar/BOOT-INF/lib/commons-lang3-3.19.0.jar" package="internship-service-0.0.1-SNAPSHOT.jar: commons-lang3-3.19.0.jar" skipped="0" tests="1" timestamp="2026-07-25T06:36:55.948153402">
            <testcase classname="dependency-check" name="internship-service-0.0.1-SNAPSHOT.jar: commons-lang3-3.19.0.jar"/>
    </testsuite>
        <testsuite failures="0" errors="0" time="0" id="13" name="/src/target/internship-service-0.0.1-SNAPSHOT.jar/BOOT-INF/lib/commons-logging-1.3.6.jar" package="internship-service-0.0.1-SNAPSHOT.jar: commons-logging-1.3.6.jar" skipped="0" tests="1" timestamp="2026-07-25T06:36:55.948153402">
            <testcase classname="dependency-check" name="internship-service-0.0.1-SNAPSHOT.jar: commons-logging-1.3.6.jar"/>
    </testsuite>
        <testsuite failures="15" errors="0" time="0" id="14" name="/src/target/internship-service-0.0.1-SNAPSHOT.jar/BOOT-INF/lib/elasticsearch-java-8.12.0.jar" package="internship-service-0.0.1-SNAPSHOT.jar: elasticsearch-java-8.12.0.jar" skipped="0" tests="15" timestamp="2026-07-25T06:36:55.948153402">
            <testcase classname="CVE-2024-23444" name="pkg:maven/co.elastic.clients/elasticsearch-java@8.12.0">
                <failure message="cvssV3: HIGH, score: 7.5 (CVSS:3.1/AV:N/AC:L/PR:N/UI:N/S:U/C:H/I:N/A:N/E:P/RC:R/MAV:A)"/>
            <system-out>It was discovered by Elastic engineering that when elasticsearch-certutil CLI tool is used with the csr option in order to create a new Certificate Signing Requests, the associated private key that is generated is stored on disk unencrypted even if the --pass parameter is passed in the command invocation.</system-out>
            <system-err>location: /src/target/internship-service-0.0.1-SNAPSHOT.jar/BOOT-INF/lib/elasticsearch-java-8.12.0.jar, project-references: [  ]</system-err>
        </testcase>
            <testcase classname="CVE-2024-23450" name="pkg:maven/co.elastic.clients/elasticsearch-java@8.12.0">
                <failure message="cvssV3: HIGH, score: 7.5 (CVSS:3.1/AV:N/AC:L/PR:N/UI:N/S:U/C:N/I:N/A:H/E:P/RC:R/MAV:A)"/>
            <system-out>A flaw was discovered in Elasticsearch, where processing a document in a deeply nested pipeline on an ingest node could cause the Elasticsearch node to crash.</system-out>
            <system-err>location: /src/target/internship-service-0.0.1-SNAPSHOT.jar/BOOT-INF/lib/elasticsearch-java-8.12.0.jar, project-references: [  ]</system-err>
        </testcase>
            <testcase classname="CVE-2024-43709" name="pkg:maven/co.elastic.clients/elasticsearch-java@8.12.0">
                <failure message="cvssV3: HIGH, score: 7.5 (CVSS:3.1/AV:N/AC:L/PR:N/UI:N/S:U/C:N/I:N/A:H/E:P/RC:R/MAV:A)"/>
            <system-out>An allocation of resources without limits or throttling in Elasticsearch can lead to an OutOfMemoryError exception resulting in a crash via a specially crafted query using an SQL function.</system-out>
            <system-err>location: /src/target/internship-service-0.0.1-SNAPSHOT.jar/BOOT-INF/lib/elasticsearch-java-8.12.0.jar, project-references: [  ]</system-err>
        </testcase>
            <testcase classname="CVE-2024-52979" name="pkg:maven/co.elastic.clients/elasticsearch-java@8.12.0">
                <failure message="cvssV3: HIGH, score: 7.5 (CVSS:3.1/AV:N/AC:L/PR:N/UI:N/S:U/C:N/I:N/A:H/E:P/RC:R/MAV:A)"/>
            <system-out>Uncontrolled Resource Consumption in Elasticsearch while evaluating specifically crafted search templates with Mustache functions can lead to Denial of Service by causing the Elasticsearch node to crash.</system-out>
            <system-err>location: /src/target/internship-service-0.0.1-SNAPSHOT.jar/BOOT-INF/lib/elasticsearch-java-8.12.0.jar, project-references: [  ]</system-err>
        </testcase>
            <testcase classname="CVE-2024-52981" name="pkg:maven/co.elastic.clients/elasticsearch-java@8.12.0">
                <failure message="cvssV3: HIGH, score: 7.5 (CVSS:3.1/AV:N/AC:L/PR:N/UI:N/S:U/C:N/I:N/A:H/E:P/RC:R/MAV:A)"/>
            <system-out>An issue was discovered in Elasticsearch, where a large recursion using the Well-KnownText formatted string with nested GeometryCollection objects could cause a stackoverflow.</system-out>
            <system-err>location: /src/target/internship-service-0.0.1-SNAPSHOT.jar/BOOT-INF/lib/elasticsearch-java-8.12.0.jar, project-references: [  ]</system-err>
        </testcase>
            <testcase classname="CVE-2025-37731" name="pkg:maven/co.elastic.clients/elasticsearch-java@8.12.0">
                <failure message="cvssV3: HIGH, score: 7.4 (CVSS:3.1/AV:N/AC:H/PR:N/UI:N/S:U/C:H/I:H/A:N/E:P/RC:R/MAV:A)"/>
            <system-out>Improper Authentication in Elasticsearch PKI realm can lead to user impersonation via specially crafted client certificates. A malicious actor would need to have such a crafted client certificate signed by a legitimate, trusted Certificate Authority.</system-out>
            <system-err>location: /src/target/internship-service-0.0.1-SNAPSHOT.jar/BOOT-INF/lib/elasticsearch-java-8.12.0.jar, project-references: [  ]</system-err>
        </testcase>
            <testcase classname="CVE-2024-23445" name="pkg:maven/co.elastic.clients/elasticsearch-java@8.12.0">
                <failure message="cvssV3: MEDIUM, score: 6.5 (CVSS:3.1/AV:N/AC:L/PR:L/UI:N/S:U/C:H/I:N/A:N/E:P/RC:R/MAV:A)"/>
            <system-out>It was identified that if a  cross-cluster API key https://www.elastic.co/guide/en/elasticsearch/reference/8.14/security-api-create-cross-cluster-api-key.html#security-api-create-cross-cluster-api-key-request-body  restricts search for a given index using the query or the field_security parameter, and the same cross-cluster API key also grants replication for the same index, the search restrictions are not enforced during cross cluster search operations and search results may include documents and terms that should not be returned.

This issue only affects the  API key based security model for remote clusters https://www.elastic.co/guide/en/elasticsearch/reference/8.14/remote-clusters.html#remote-clusters-security-models  that was previously a beta feature and is released as GA with 8.14.0</system-out>
            <system-err>location: /src/target/internship-service-0.0.1-SNAPSHOT.jar/BOOT-INF/lib/elasticsearch-java-8.12.0.jar, project-references: [  ]</system-err>
        </testcase>
            <testcase classname="CVE-2024-23451" name="pkg:maven/co.elastic.clients/elasticsearch-java@8.12.0">
                <failure message="cvssV3: MEDIUM, score: 6.5 (CVSS:3.1/AV:N/AC:L/PR:L/UI:N/S:U/C:H/I:N/A:N/E:P/RC:R/MAV:A)"/>
            <system-out>Incorrect Authorization issue exists in the API key based security model for Remote Cluster Security, which is currently in Beta, in Elasticsearch 8.10.0 and before 8.13.0. This allows a malicious user with a valid API key for a remote cluster configured to use the new Remote Cluster Security to read arbitrary documents from any index on the remote cluster, and only if they use the Elasticsearch custom transport protocol to issue requests with the target index ID, the shard ID and the document ID. None of Elasticsearch REST API endpoints are affected by this issue.</system-out>
            <system-err>location: /src/target/internship-service-0.0.1-SNAPSHOT.jar/BOOT-INF/lib/elasticsearch-java-8.12.0.jar, project-references: [  ]</system-err>
        </testcase>
            <testcase classname="CVE-2024-52980" name="pkg:maven/co.elastic.clients/elasticsearch-java@8.12.0">
                <failure message="cvssV3: MEDIUM, score: 6.5 (CVSS:3.1/AV:N/AC:L/PR:L/UI:N/S:U/C:N/I:N/A:H/E:P/RC:R/MAV:A)"/>
            <system-out>A flaw was discovered in Elasticsearch, where a large recursion using the innerForbidCircularReferences function of the PatternBank class could cause the Elasticsearch node to crash.

A successful attack requires a malicious user to have read_pipeline Elasticsearch cluster privilege assigned to them.</system-out>
            <system-err>location: /src/target/internship-service-0.0.1-SNAPSHOT.jar/BOOT-INF/lib/elasticsearch-java-8.12.0.jar, project-references: [  ]</system-err>
        </testcase>
            <testcase classname="CVE-2025-68384" name="pkg:maven/co.elastic.clients/elasticsearch-java@8.12.0">
                <failure message="cvssV3: MEDIUM, score: 6.5 (CVSS:3.1/AV:N/AC:L/PR:L/UI:N/S:U/C:N/I:N/A:H/E:P/RC:R/MAV:A)"/>
            <system-out>Allocation of Resources Without Limits or Throttling (CWE-770) in Elasticsearch can allow a low-privileged authenticated user to cause Excessive Allocation (CAPEC-130) causing a persistent denial of service (OOM crash) via submission of oversized user settings data.</system-out>
            <system-err>location: /src/target/internship-service-0.0.1-SNAPSHOT.jar/BOOT-INF/lib/elasticsearch-java-8.12.0.jar, project-references: [  ]</system-err>
        </testcase>
            <testcase classname="CVE-2026-49090" name="pkg:maven/co.elastic.clients/elasticsearch-java@8.12.0">
                <failure message="cvssV3: MEDIUM, score: 6.5 (CVSS:3.1/AV:N/AC:L/PR:L/UI:N/S:U/C:N/I:N/A:H/E:P/RC:R/MAV:A)"/>
            <system-out>Uncontrolled Resource Consumption (CWE-400) in Elasticsearch can lead to a denial of service via Excessive Allocation (CAPEC-130). An authenticated user can submit a specially crafted bulk request that causes sustained high CPU consumption, which can render the affected node unable to process requests.</system-out>
            <system-err>location: /src/target/internship-service-0.0.1-SNAPSHOT.jar/BOOT-INF/lib/elasticsearch-java-8.12.0.jar, project-references: [  ]</system-err>
        </testcase>
            <testcase classname="CVE-2026-56148" name="pkg:maven/co.elastic.clients/elasticsearch-java@8.12.0">
                <failure message="cvssV3: MEDIUM, score: 6.5 (CVSS:3.1/AV:N/AC:L/PR:L/UI:N/S:U/C:N/I:N/A:H/E:P/RC:R/MAV:A)"/>
            <system-out>Uncontrolled Recursion (CWE-674) in Elasticsearch can lead to a denial of service via Excessive Allocation (CAPEC-130). An authenticated user can submit a specially crafted query that causes excessive resource consumption while the request is processed, which may render the affected node unavailable.</system-out>
            <system-err>location: /src/target/internship-service-0.0.1-SNAPSHOT.jar/BOOT-INF/lib/elasticsearch-java-8.12.0.jar, project-references: [  ]</system-err>
        </testcase>
            <testcase classname="CVE-2025-37727" name="pkg:maven/co.elastic.clients/elasticsearch-java@8.12.0">
                <failure message="cvssV3: MEDIUM, score: 5.7 (CVSS:3.1/AV:A/AC:L/PR:L/UI:N/S:U/C:H/I:N/A:N/E:P/RC:R/MAV:A)"/>
            <system-out>Insertion of sensitive information in log file in Elasticsearch can lead to loss of confidentiality under specific preconditions when auditing requests to the  reindex API https://www.elastic.co/docs/api/doc/elasticsearch/operation/operation-reindex</system-out>
            <system-err>location: /src/target/internship-service-0.0.1-SNAPSHOT.jar/BOOT-INF/lib/elasticsearch-java-8.12.0.jar, project-references: [  ]</system-err>
        </testcase>
            <testcase classname="CVE-2025-68390" name="pkg:maven/co.elastic.clients/elasticsearch-java@8.12.0">
                <failure message="cvssV3: MEDIUM, score: 4.9 (CVSS:3.1/AV:N/AC:L/PR:H/UI:N/S:U/C:N/I:N/A:H/E:P/RC:R/MAV:A)"/>
            <system-out>Allocation of Resources Without Limits or Throttling (CWE-770) in Elasticsearch can allow an authenticated user with snapshot restore privileges to cause Excessive Allocation (CAPEC-130) of memory and a denial of service (DoS) via crafted HTTP request.</system-out>
            <system-err>location: /src/target/internship-service-0.0.1-SNAPSHOT.jar/BOOT-INF/lib/elasticsearch-java-8.12.0.jar, project-references: [  ]</system-err>
        </testcase>
            <testcase classname="CVE-2026-56149" name="pkg:maven/co.elastic.clients/elasticsearch-java@8.12.0">
                <failure message="cvssV3: MEDIUM, score: 4.9 (CVSS:3.1/AV:N/AC:L/PR:H/UI:N/S:U/C:N/I:N/A:H/E:P/RC:R/MAV:A)"/>
            <system-out>Allocation of Resources Without Limits or Throttling (CWE-770) in Elasticsearch can lead to a denial of service via Excessive Allocation (CAPEC-130). A user with elevated privileges can submit a specially crafted machine learning request that causes excessive memory consumption, which may render the affected node unavailable.</system-out>
            <system-err>location: /src/target/internship-service-0.0.1-SNAPSHOT.jar/BOOT-INF/lib/elasticsearch-java-8.12.0.jar, project-references: [  ]</system-err>
        </testcase>
    </testsuite>
        <testsuite failures="0" errors="0" time="0" id="15" name="/src/target/internship-service-0.0.1-SNAPSHOT.jar/BOOT-INF/lib/hibernate-core-7.2.12.Final.jar" package="internship-service-0.0.1-SNAPSHOT.jar: hibernate-core-7.2.12.Final.jar" skipped="0" tests="1" timestamp="2026-07-25T06:36:55.948153402">
            <testcase classname="dependency-check" name="internship-service-0.0.1-SNAPSHOT.jar: hibernate-core-7.2.12.Final.jar"/>
    </testsuite>
        <testsuite failures="0" errors="0" time="0" id="16" name="/src/target/internship-service-0.0.1-SNAPSHOT.jar/BOOT-INF/lib/hibernate-models-1.0.1.jar" package="internship-service-0.0.1-SNAPSHOT.jar: hibernate-models-1.0.1.jar" skipped="0" tests="1" timestamp="2026-07-25T06:36:55.948153402">
            <testcase classname="dependency-check" name="internship-service-0.0.1-SNAPSHOT.jar: hibernate-models-1.0.1.jar"/>
    </testsuite>
        <testsuite failures="0" errors="0" time="0" id="17" name="/src/target/internship-service-0.0.1-SNAPSHOT.jar/BOOT-INF/lib/httpasyncclient-4.1.5.jar" package="internship-service-0.0.1-SNAPSHOT.jar: httpasyncclient-4.1.5.jar" skipped="0" tests="1" timestamp="2026-07-25T06:36:55.948153402">
            <testcase classname="dependency-check" name="internship-service-0.0.1-SNAPSHOT.jar: httpasyncclient-4.1.5.jar"/>
    </testsuite>
        <testsuite failures="0" errors="0" time="0" id="18" name="/src/target/internship-service-0.0.1-SNAPSHOT.jar/BOOT-INF/lib/httpclient-4.5.13.jar" package="internship-service-0.0.1-SNAPSHOT.jar: httpclient-4.5.13.jar" skipped="0" tests="1" timestamp="2026-07-25T06:36:55.948153402">
            <testcase classname="dependency-check" name="internship-service-0.0.1-SNAPSHOT.jar: httpclient-4.5.13.jar"/>
    </testsuite>
        <testsuite failures="0" errors="0" time="0" id="19" name="/src/target/internship-service-0.0.1-SNAPSHOT.jar/BOOT-INF/lib/httpcore-4.4.16.jar" package="internship-service-0.0.1-SNAPSHOT.jar: httpcore-4.4.16.jar" skipped="0" tests="1" timestamp="2026-07-25T06:36:55.948153402">
            <testcase classname="dependency-check" name="internship-service-0.0.1-SNAPSHOT.jar: httpcore-4.4.16.jar"/>
    </testsuite>
        <testsuite failures="0" errors="0" time="0" id="20" name="/src/target/internship-service-0.0.1-SNAPSHOT.jar/BOOT-INF/lib/istack-commons-runtime-4.1.2.jar" package="internship-service-0.0.1-SNAPSHOT.jar: istack-commons-runtime-4.1.2.jar" skipped="0" tests="1" timestamp="2026-07-25T06:36:55.948153402">
            <testcase classname="dependency-check" name="internship-service-0.0.1-SNAPSHOT.jar: istack-commons-runtime-4.1.2.jar"/>
    </testsuite>
        <testsuite failures="0" errors="0" time="0" id="21" name="/src/target/internship-service-0.0.1-SNAPSHOT.jar/BOOT-INF/lib/jackson-annotations-2.21.jar" package="internship-service-0.0.1-SNAPSHOT.jar: jackson-annotations-2.21.jar" skipped="0" tests="1" timestamp="2026-07-25T06:36:55.948153402">
            <testcase classname="dependency-check" name="internship-service-0.0.1-SNAPSHOT.jar: jackson-annotations-2.21.jar"/>
    </testsuite>
        <testsuite failures="0" errors="0" time="0" id="22" name="/src/target/internship-service-0.0.1-SNAPSHOT.jar/BOOT-INF/lib/jackson-core-2.21.2.jar" package="internship-service-0.0.1-SNAPSHOT.jar: jackson-core-2.21.2.jar" skipped="0" tests="1" timestamp="2026-07-25T06:36:55.948153402">
            <testcase classname="dependency-check" name="internship-service-0.0.1-SNAPSHOT.jar: jackson-core-2.21.2.jar"/>
    </testsuite>
        <testsuite failures="0" errors="0" time="0" id="23" name="/src/target/internship-service-0.0.1-SNAPSHOT.jar/BOOT-INF/lib/jackson-core-3.1.2.jar" package="internship-service-0.0.1-SNAPSHOT.jar: jackson-core-3.1.2.jar" skipped="0" tests="1" timestamp="2026-07-25T06:36:55.948153402">
            <testcase classname="dependency-check" name="internship-service-0.0.1-SNAPSHOT.jar: jackson-core-3.1.2.jar"/>
    </testsuite>
        <testsuite failures="7" errors="0" time="0" id="24" name="/src/target/internship-service-0.0.1-SNAPSHOT.jar/BOOT-INF/lib/jackson-databind-2.21.2.jar" package="internship-service-0.0.1-SNAPSHOT.jar: jackson-databind-2.21.2.jar" skipped="0" tests="7" timestamp="2026-07-25T06:36:55.948153402">
            <testcase classname="CVE-2026-54512" name="pkg:maven/com.fasterxml.jackson.core/jackson-databind@2.21.2">
                <failure message="cvssV3: HIGH, score: 8.1 (CVSS:3.1/AV:N/AC:H/PR:N/UI:N/S:U/C:H/I:H/A:H/E:P/RC:R/MAV:A)"/>
            <system-out>jackson-databind contains the general-purpose data-binding functionality and tree-model for Jackson Data Processor. From 2.10.0 until 2.18.8, 2.21.4, and 3.1.4, jackson-databind&apos;s PolymorphicTypeValidator (PTV) is the primary safety mechanism guarding polymorphic deserialization. When polymorphic typing is enabled and a type identifier contains generic parameters (i.e. the type ID string contains &lt;), DatabindContext._resolveAndValidateGeneric() validates only the raw container class name (the substring before &lt;) against the configured PTV. If the container type is approved, the method parses the full canonical type string via TypeFactory.constructFromCanonical() and returns the fully parameterized type without ever validating the nested type arguments against the PTV. The nested type arguments are then resolved, instantiated, and populated as beans during deserialization. An attacker who controls the type ID can therefore place a denied class as a generic type parameter of an allowed container — for example java.util.ArrayList&lt;com.evil.Gadget&gt; when only java.util.ArrayList is allow-listed. The container passes the PTV check; com.evil.Gadget is loaded via Class.forName(name, true, loader), instantiated, and its properties are set from attacker-controlled JSON. This completely bypasses an explicitly configured PTV allow-list. This vulnerability is fixed in 2.18.8, 2.21.4, and 3.1.4.</system-out>
            <system-err>location: /src/target/internship-service-0.0.1-SNAPSHOT.jar/BOOT-INF/lib/jackson-databind-2.21.2.jar, project-references: [  ]</system-err>
        </testcase>
            <testcase classname="CVE-2026-54513" name="pkg:maven/com.fasterxml.jackson.core/jackson-databind@2.21.2">
                <failure message="cvssV3: HIGH, score: 8.1 (CVSS:3.1/AV:N/AC:H/PR:N/UI:N/S:U/C:H/I:H/A:H/E:P/RC:R/MAV:A)"/>
            <system-out>jackson-databind contains the general-purpose data-binding functionality and tree-model for Jackson Data Processor. From 2.10.0 until 2.18.8, 2.21.4, and 3.1.4, BasicPolymorphicTypeValidator.Builder.allowIfSubTypeIsArray() allowlists any array type based only on clazz.isArray(), without validating the array&apos;s component (element) type against the configured allowlist. A PTV built with allowIfSubTypeIsArray() plus an explicit concrete-type allowlist therefore still permits EvilType[] even though EvilType is not allowlisted. When Jackson deserializes the elements and no per-element type IDs are present, it instantiates the component type directly with no further PTV check, bypassing the allowlist. This vulnerability is fixed in 2.18.8, 2.21.4, and 3.1.4.</system-out>
            <system-err>location: /src/target/internship-service-0.0.1-SNAPSHOT.jar/BOOT-INF/lib/jackson-databind-2.21.2.jar, project-references: [  ]</system-err>
        </testcase>
            <testcase classname="CVE-2026-54518" name="pkg:maven/com.fasterxml.jackson.core/jackson-databind@2.21.2">
                <failure message="cvssV3: MEDIUM, score: 6.5 (CVSS:3.1/AV:N/AC:L/PR:N/UI:N/S:U/C:L/I:L/A:N/E:P/RC:R/MAV:A)"/>
            <system-out>jackson-databind contains the general-purpose data-binding functionality and tree-model for Jackson Data Processor. From 2.21.0 until 2.21.4 and 3.1.4, UnwrappedPropertyHandler.processUnwrappedCreatorProperties() replays buffered JSON into creator parameters but never consults prop.visibleInView(activeView). The normal property-based creator path gates creator properties on the active view, but this unwrapped-creator replay path bypasses that check, so a constructor parameter annotated with both @JsonView(AdminView.class) and @JsonUnwrapped is populated from attacker JSON even when a more restrictive view is active. This vulnerability is fixed in 2.21.4 and 3.1.4.</system-out>
            <system-err>location: /src/target/internship-service-0.0.1-SNAPSHOT.jar/BOOT-INF/lib/jackson-databind-2.21.2.jar, project-references: [  ]</system-err>
        </testcase>
            <testcase classname="CVE-2026-54514" name="pkg:maven/com.fasterxml.jackson.core/jackson-databind@2.21.2">
                <failure message="cvssV3: MEDIUM, score: 5.3 (CVSS:3.1/AV:N/AC:L/PR:N/UI:N/S:U/C:L/I:N/A:N/E:P/RC:R/MAV:A)"/>
            <system-out>jackson-databind contains the general-purpose data-binding functionality and tree-model for Jackson Data Processor. From 2.0.0 until 2.18.8, 2.21.4, and 3.1.4, JDKFromStringDeserializer constructed InetSocketAddress with new InetSocketAddress(host, port), which performs eager DNS name resolution for hostname inputs at deserialization time. An application that binds untrusted JSON into a type containing an InetSocketAddress field issues an attacker-chosen DNS query during readValue, before any application-level validation or connect logic. The fix uses InetSocketAddress.createUnresolved(host, port), deferring DNS to an explicit connect. This vulnerability is fixed in 2.18.8, 2.21.4, and 3.1.4.</system-out>
            <system-err>location: /src/target/internship-service-0.0.1-SNAPSHOT.jar/BOOT-INF/lib/jackson-databind-2.21.2.jar, project-references: [  ]</system-err>
        </testcase>
            <testcase classname="CVE-2026-54515" name="pkg:maven/com.fasterxml.jackson.core/jackson-databind@2.21.2">
                <failure message="cvssV3: MEDIUM, score: 5.3 (CVSS:3.1/AV:N/AC:L/PR:N/UI:N/S:U/C:N/I:L/A:N/E:P/RC:R/MAV:A)"/>
            <system-out>jackson-databind contains the general-purpose data-binding functionality and tree-model for Jackson Data Processor. From 2.8.0 until 2.18.9, 2.21.5, and 3.1.4, in BeanDeserializerBase.createContextual(), per-property @JsonIgnoreProperties exclusions are applied by _handleByNameInclusion(), producing a contextual deserializer whose BeanPropertyMap has the ignored properties removed. The subsequent per-property case-insensitivity block (triggered by @JsonFormat(ACCEPT_CASE_INSENSITIVE_PROPERTIES)) rebuilds from this._beanProperties (the original, unfiltered map) instead of contextual._beanProperties, then overwrites the filtered map — restoring every property _handleByNameInclusion had just removed. The ignored property becomes writable again. This vulnerability is fixed in 2.18.9, 2.21.5, and 3.1.4.</system-out>
            <system-err>location: /src/target/internship-service-0.0.1-SNAPSHOT.jar/BOOT-INF/lib/jackson-databind-2.21.2.jar, project-references: [  ]</system-err>
        </testcase>
            <testcase classname="CVE-2026-54516" name="pkg:maven/com.fasterxml.jackson.core/jackson-databind@2.21.2">
                <failure message="cvssV3: MEDIUM, score: 5.3 (CVSS:3.1/AV:N/AC:L/PR:N/UI:N/S:U/C:N/I:L/A:N/E:P/RC:R/MAV:A)"/>
            <system-out>jackson-databind contains the general-purpose data-binding functionality and tree-model for Jackson Data Processor. From 2.21.0 until 2.21.4 and 3.1.4, POJOPropertiesCollector._renameProperties() allows a property with @JsonProperty(&quot;renamed&quot;) on the getter and @JsonIgnore on the setter to be renamed rather than dropped. With MapperFeature.INFER_PROPERTY_MUTATORS enabled (default), the private backing field is retained; during deserialization BeanDeserializerFactory.addBeanProps() sees hasField()==true, builds a FieldProperty, and makes the backing field writable. An attacker supplying the renamed JSON key writes the backing field directly, bypassing the @JsonIgnore on the setter. This vulnerability is fixed in 3.1.4.</system-out>
            <system-err>location: /src/target/internship-service-0.0.1-SNAPSHOT.jar/BOOT-INF/lib/jackson-databind-2.21.2.jar, project-references: [  ]</system-err>
        </testcase>
            <testcase classname="CVE-2026-54517" name="pkg:maven/com.fasterxml.jackson.core/jackson-databind@2.21.2">
                <failure message="cvssV3: MEDIUM, score: 5.3 (CVSS:3.1/AV:N/AC:L/PR:N/UI:N/S:U/C:N/I:L/A:N/E:P/RC:R/MAV:A)"/>
            <system-out>jackson-databind contains the general-purpose data-binding functionality and tree-model for Jackson Data Processor. From 2.21.0 until 2.21.4 and 3.1.4, in BeanDeserializer._deserializeUsingPropertyBased, the active-view (@JsonView) filter was applied only to creator properties; the regular property-buffering branch performed no prop.visibleInView(activeView) check. A change making SetterlessProperty.isMerging() return true routed setterless Collection/Map properties through this unguarded path, so a setterless collection annotated with a restricted @JsonView is populated from attacker JSON even when the active view excludes it. This vulnerability is fixed in 2.21.4 and 3.1.4.</system-out>
            <system-err>location: /src/target/internship-service-0.0.1-SNAPSHOT.jar/BOOT-INF/lib/jackson-databind-2.21.2.jar, project-references: [  ]</system-err>
        </testcase>
    </testsuite>
        <testsuite failures="7" errors="0" time="0" id="25" name="/src/target/internship-service-0.0.1-SNAPSHOT.jar/BOOT-INF/lib/jackson-databind-3.1.2.jar" package="internship-service-0.0.1-SNAPSHOT.jar: jackson-databind-3.1.2.jar" skipped="0" tests="7" timestamp="2026-07-25T06:36:55.948153402">
            <testcase classname="CVE-2026-54512" name="pkg:maven/tools.jackson.core/jackson-databind@3.1.2">
                <failure message="cvssV3: HIGH, score: 8.1 (CVSS:3.1/AV:N/AC:H/PR:N/UI:N/S:U/C:H/I:H/A:H/E:P/RC:R/MAV:A)"/>
            <system-out>jackson-databind contains the general-purpose data-binding functionality and tree-model for Jackson Data Processor. From 2.10.0 until 2.18.8, 2.21.4, and 3.1.4, jackson-databind&apos;s PolymorphicTypeValidator (PTV) is the primary safety mechanism guarding polymorphic deserialization. When polymorphic typing is enabled and a type identifier contains generic parameters (i.e. the type ID string contains &lt;), DatabindContext._resolveAndValidateGeneric() validates only the raw container class name (the substring before &lt;) against the configured PTV. If the container type is approved, the method parses the full canonical type string via TypeFactory.constructFromCanonical() and returns the fully parameterized type without ever validating the nested type arguments against the PTV. The nested type arguments are then resolved, instantiated, and populated as beans during deserialization. An attacker who controls the type ID can therefore place a denied class as a generic type parameter of an allowed container — for example java.util.ArrayList&lt;com.evil.Gadget&gt; when only java.util.ArrayList is allow-listed. The container passes the PTV check; com.evil.Gadget is loaded via Class.forName(name, true, loader), instantiated, and its properties are set from attacker-controlled JSON. This completely bypasses an explicitly configured PTV allow-list. This vulnerability is fixed in 2.18.8, 2.21.4, and 3.1.4.</system-out>
            <system-err>location: /src/target/internship-service-0.0.1-SNAPSHOT.jar/BOOT-INF/lib/jackson-databind-3.1.2.jar, project-references: [  ]</system-err>
        </testcase>
            <testcase classname="CVE-2026-54513" name="pkg:maven/tools.jackson.core/jackson-databind@3.1.2">
                <failure message="cvssV3: HIGH, score: 8.1 (CVSS:3.1/AV:N/AC:H/PR:N/UI:N/S:U/C:H/I:H/A:H/E:P/RC:R/MAV:A)"/>
            <system-out>jackson-databind contains the general-purpose data-binding functionality and tree-model for Jackson Data Processor. From 2.10.0 until 2.18.8, 2.21.4, and 3.1.4, BasicPolymorphicTypeValidator.Builder.allowIfSubTypeIsArray() allowlists any array type based only on clazz.isArray(), without validating the array&apos;s component (element) type against the configured allowlist. A PTV built with allowIfSubTypeIsArray() plus an explicit concrete-type allowlist therefore still permits EvilType[] even though EvilType is not allowlisted. When Jackson deserializes the elements and no per-element type IDs are present, it instantiates the component type directly with no further PTV check, bypassing the allowlist. This vulnerability is fixed in 2.18.8, 2.21.4, and 3.1.4.</system-out>
            <system-err>location: /src/target/internship-service-0.0.1-SNAPSHOT.jar/BOOT-INF/lib/jackson-databind-3.1.2.jar, project-references: [  ]</system-err>
        </testcase>
            <testcase classname="CVE-2026-54518" name="pkg:maven/tools.jackson.core/jackson-databind@3.1.2">
                <failure message="cvssV3: MEDIUM, score: 6.5 (CVSS:3.1/AV:N/AC:L/PR:N/UI:N/S:U/C:L/I:L/A:N/E:P/RC:R/MAV:A)"/>
            <system-out>jackson-databind contains the general-purpose data-binding functionality and tree-model for Jackson Data Processor. From 2.21.0 until 2.21.4 and 3.1.4, UnwrappedPropertyHandler.processUnwrappedCreatorProperties() replays buffered JSON into creator parameters but never consults prop.visibleInView(activeView). The normal property-based creator path gates creator properties on the active view, but this unwrapped-creator replay path bypasses that check, so a constructor parameter annotated with both @JsonView(AdminView.class) and @JsonUnwrapped is populated from attacker JSON even when a more restrictive view is active. This vulnerability is fixed in 2.21.4 and 3.1.4.</system-out>
            <system-err>location: /src/target/internship-service-0.0.1-SNAPSHOT.jar/BOOT-INF/lib/jackson-databind-3.1.2.jar, project-references: [  ]</system-err>
        </testcase>
            <testcase classname="CVE-2026-54514" name="pkg:maven/tools.jackson.core/jackson-databind@3.1.2">
                <failure message="cvssV3: MEDIUM, score: 5.3 (CVSS:3.1/AV:N/AC:L/PR:N/UI:N/S:U/C:L/I:N/A:N/E:P/RC:R/MAV:A)"/>
            <system-out>jackson-databind contains the general-purpose data-binding functionality and tree-model for Jackson Data Processor. From 2.0.0 until 2.18.8, 2.21.4, and 3.1.4, JDKFromStringDeserializer constructed InetSocketAddress with new InetSocketAddress(host, port), which performs eager DNS name resolution for hostname inputs at deserialization time. An application that binds untrusted JSON into a type containing an InetSocketAddress field issues an attacker-chosen DNS query during readValue, before any application-level validation or connect logic. The fix uses InetSocketAddress.createUnresolved(host, port), deferring DNS to an explicit connect. This vulnerability is fixed in 2.18.8, 2.21.4, and 3.1.4.</system-out>
            <system-err>location: /src/target/internship-service-0.0.1-SNAPSHOT.jar/BOOT-INF/lib/jackson-databind-3.1.2.jar, project-references: [  ]</system-err>
        </testcase>
            <testcase classname="CVE-2026-54515" name="pkg:maven/tools.jackson.core/jackson-databind@3.1.2">
                <failure message="cvssV3: MEDIUM, score: 5.3 (CVSS:3.1/AV:N/AC:L/PR:N/UI:N/S:U/C:N/I:L/A:N/E:P/RC:R/MAV:A)"/>
            <system-out>jackson-databind contains the general-purpose data-binding functionality and tree-model for Jackson Data Processor. From 2.8.0 until 2.18.9, 2.21.5, and 3.1.4, in BeanDeserializerBase.createContextual(), per-property @JsonIgnoreProperties exclusions are applied by _handleByNameInclusion(), producing a contextual deserializer whose BeanPropertyMap has the ignored properties removed. The subsequent per-property case-insensitivity block (triggered by @JsonFormat(ACCEPT_CASE_INSENSITIVE_PROPERTIES)) rebuilds from this._beanProperties (the original, unfiltered map) instead of contextual._beanProperties, then overwrites the filtered map — restoring every property _handleByNameInclusion had just removed. The ignored property becomes writable again. This vulnerability is fixed in 2.18.9, 2.21.5, and 3.1.4.</system-out>
            <system-err>location: /src/target/internship-service-0.0.1-SNAPSHOT.jar/BOOT-INF/lib/jackson-databind-3.1.2.jar, project-references: [  ]</system-err>
        </testcase>
            <testcase classname="CVE-2026-54516" name="pkg:maven/tools.jackson.core/jackson-databind@3.1.2">
                <failure message="cvssV3: MEDIUM, score: 5.3 (CVSS:3.1/AV:N/AC:L/PR:N/UI:N/S:U/C:N/I:L/A:N/E:P/RC:R/MAV:A)"/>
            <system-out>jackson-databind contains the general-purpose data-binding functionality and tree-model for Jackson Data Processor. From 2.21.0 until 2.21.4 and 3.1.4, POJOPropertiesCollector._renameProperties() allows a property with @JsonProperty(&quot;renamed&quot;) on the getter and @JsonIgnore on the setter to be renamed rather than dropped. With MapperFeature.INFER_PROPERTY_MUTATORS enabled (default), the private backing field is retained; during deserialization BeanDeserializerFactory.addBeanProps() sees hasField()==true, builds a FieldProperty, and makes the backing field writable. An attacker supplying the renamed JSON key writes the backing field directly, bypassing the @JsonIgnore on the setter. This vulnerability is fixed in 3.1.4.</system-out>
            <system-err>location: /src/target/internship-service-0.0.1-SNAPSHOT.jar/BOOT-INF/lib/jackson-databind-3.1.2.jar, project-references: [  ]</system-err>
        </testcase>
            <testcase classname="CVE-2026-54517" name="pkg:maven/tools.jackson.core/jackson-databind@3.1.2">
                <failure message="cvssV3: MEDIUM, score: 5.3 (CVSS:3.1/AV:N/AC:L/PR:N/UI:N/S:U/C:N/I:L/A:N/E:P/RC:R/MAV:A)"/>
            <system-out>jackson-databind contains the general-purpose data-binding functionality and tree-model for Jackson Data Processor. From 2.21.0 until 2.21.4 and 3.1.4, in BeanDeserializer._deserializeUsingPropertyBased, the active-view (@JsonView) filter was applied only to creator properties; the regular property-buffering branch performed no prop.visibleInView(activeView) check. A change making SetterlessProperty.isMerging() return true routed setterless Collection/Map properties through this unguarded path, so a setterless collection annotated with a restricted @JsonView is populated from attacker JSON even when the active view excludes it. This vulnerability is fixed in 2.21.4 and 3.1.4.</system-out>
            <system-err>location: /src/target/internship-service-0.0.1-SNAPSHOT.jar/BOOT-INF/lib/jackson-databind-3.1.2.jar, project-references: [  ]</system-err>
        </testcase>
    </testsuite>
        <testsuite failures="0" errors="0" time="0" id="26" name="/src/target/internship-service-0.0.1-SNAPSHOT.jar/BOOT-INF/lib/jackson-dataformat-yaml-2.21.2.jar" package="internship-service-0.0.1-SNAPSHOT.jar: jackson-dataformat-yaml-2.21.2.jar" skipped="0" tests="1" timestamp="2026-07-25T06:36:55.948153402">
            <testcase classname="dependency-check" name="internship-service-0.0.1-SNAPSHOT.jar: jackson-dataformat-yaml-2.21.2.jar"/>
    </testsuite>
        <testsuite failures="0" errors="0" time="0" id="27" name="/src/target/internship-service-0.0.1-SNAPSHOT.jar/BOOT-INF/lib/jackson-datatype-jsr310-2.21.2.jar" package="internship-service-0.0.1-SNAPSHOT.jar: jackson-datatype-jsr310-2.21.2.jar" skipped="0" tests="1" timestamp="2026-07-25T06:36:55.948153402">
            <testcase classname="dependency-check" name="internship-service-0.0.1-SNAPSHOT.jar: jackson-datatype-jsr310-2.21.2.jar"/>
    </testsuite>
        <testsuite failures="0" errors="0" time="0" id="28" name="/src/target/internship-service-0.0.1-SNAPSHOT.jar/BOOT-INF/lib/jakarta.activation-api-2.1.4.jar" package="internship-service-0.0.1-SNAPSHOT.jar: jakarta.activation-api-2.1.4.jar" skipped="0" tests="1" timestamp="2026-07-25T06:36:55.948153402">
            <testcase classname="dependency-check" name="internship-service-0.0.1-SNAPSHOT.jar: jakarta.activation-api-2.1.4.jar"/>
    </testsuite>
        <testsuite failures="0" errors="0" time="0" id="29" name="/src/target/internship-service-0.0.1-SNAPSHOT.jar/BOOT-INF/lib/jakarta.annotation-api-3.0.0.jar" package="internship-service-0.0.1-SNAPSHOT.jar: jakarta.annotation-api-3.0.0.jar" skipped="0" tests="1" timestamp="2026-07-25T06:36:55.948153402">
            <testcase classname="dependency-check" name="internship-service-0.0.1-SNAPSHOT.jar: jakarta.annotation-api-3.0.0.jar"/>
    </testsuite>
        <testsuite failures="0" errors="0" time="0" id="30" name="/src/target/internship-service-0.0.1-SNAPSHOT.jar/BOOT-INF/lib/jakarta.inject-api-2.0.1.jar" package="internship-service-0.0.1-SNAPSHOT.jar: jakarta.inject-api-2.0.1.jar" skipped="0" tests="1" timestamp="2026-07-25T06:36:55.948153402">
            <testcase classname="dependency-check" name="internship-service-0.0.1-SNAPSHOT.jar: jakarta.inject-api-2.0.1.jar"/>
    </testsuite>
        <testsuite failures="0" errors="0" time="0" id="31" name="/src/target/internship-service-0.0.1-SNAPSHOT.jar/BOOT-INF/lib/jakarta.json-api-2.1.3.jar" package="internship-service-0.0.1-SNAPSHOT.jar: jakarta.json-api-2.1.3.jar" skipped="0" tests="1" timestamp="2026-07-25T06:36:55.948153402">
            <testcase classname="dependency-check" name="internship-service-0.0.1-SNAPSHOT.jar: jakarta.json-api-2.1.3.jar"/>
    </testsuite>
        <testsuite failures="0" errors="0" time="0" id="32" name="/src/target/internship-service-0.0.1-SNAPSHOT.jar/BOOT-INF/lib/jakarta.persistence-api-3.2.0.jar" package="internship-service-0.0.1-SNAPSHOT.jar: jakarta.persistence-api-3.2.0.jar" skipped="0" tests="1" timestamp="2026-07-25T06:36:55.948153402">
            <testcase classname="dependency-check" name="internship-service-0.0.1-SNAPSHOT.jar: jakarta.persistence-api-3.2.0.jar"/>
    </testsuite>
        <testsuite failures="0" errors="0" time="0" id="33" name="/src/target/internship-service-0.0.1-SNAPSHOT.jar/BOOT-INF/lib/jakarta.transaction-api-2.0.1.jar" package="internship-service-0.0.1-SNAPSHOT.jar: jakarta.transaction-api-2.0.1.jar" skipped="0" tests="1" timestamp="2026-07-25T06:36:55.948153402">
            <testcase classname="dependency-check" name="internship-service-0.0.1-SNAPSHOT.jar: jakarta.transaction-api-2.0.1.jar"/>
    </testsuite>
        <testsuite failures="0" errors="0" time="0" id="34" name="/src/target/internship-service-0.0.1-SNAPSHOT.jar/BOOT-INF/lib/jakarta.validation-api-3.1.1.jar" package="internship-service-0.0.1-SNAPSHOT.jar: jakarta.validation-api-3.1.1.jar" skipped="0" tests="1" timestamp="2026-07-25T06:36:55.948153402">
            <testcase classname="dependency-check" name="internship-service-0.0.1-SNAPSHOT.jar: jakarta.validation-api-3.1.1.jar"/>
    </testsuite>
        <testsuite failures="0" errors="0" time="0" id="35" name="/src/target/internship-service-0.0.1-SNAPSHOT.jar/BOOT-INF/lib/jakarta.xml.bind-api-4.0.4.jar" package="internship-service-0.0.1-SNAPSHOT.jar: jakarta.xml.bind-api-4.0.4.jar" skipped="0" tests="1" timestamp="2026-07-25T06:36:55.948153402">
            <testcase classname="dependency-check" name="internship-service-0.0.1-SNAPSHOT.jar: jakarta.xml.bind-api-4.0.4.jar"/>
    </testsuite>
        <testsuite failures="0" errors="0" time="0" id="36" name="/src/target/internship-service-0.0.1-SNAPSHOT.jar/BOOT-INF/lib/jaxb-core-4.0.6.jar" package="internship-service-0.0.1-SNAPSHOT.jar: jaxb-core-4.0.6.jar" skipped="0" tests="1" timestamp="2026-07-25T06:36:55.948153402">
            <testcase classname="dependency-check" name="internship-service-0.0.1-SNAPSHOT.jar: jaxb-core-4.0.6.jar"/>
    </testsuite>
        <testsuite failures="0" errors="0" time="0" id="37" name="/src/target/internship-service-0.0.1-SNAPSHOT.jar/BOOT-INF/lib/jaxb-runtime-4.0.6.jar" package="internship-service-0.0.1-SNAPSHOT.jar: jaxb-runtime-4.0.6.jar" skipped="0" tests="1" timestamp="2026-07-25T06:36:55.948153402">
            <testcase classname="dependency-check" name="internship-service-0.0.1-SNAPSHOT.jar: jaxb-runtime-4.0.6.jar"/>
    </testsuite>
        <testsuite failures="0" errors="0" time="0" id="38" name="/src/target/internship-service-0.0.1-SNAPSHOT.jar/BOOT-INF/lib/jboss-logging-3.6.3.Final.jar" package="internship-service-0.0.1-SNAPSHOT.jar: jboss-logging-3.6.3.Final.jar" skipped="0" tests="1" timestamp="2026-07-25T06:36:55.948153402">
            <testcase classname="dependency-check" name="internship-service-0.0.1-SNAPSHOT.jar: jboss-logging-3.6.3.Final.jar"/>
    </testsuite>
        <testsuite failures="0" errors="0" time="0" id="39" name="/src/target/internship-service-0.0.1-SNAPSHOT.jar/BOOT-INF/lib/jspecify-1.0.0.jar" package="internship-service-0.0.1-SNAPSHOT.jar: jspecify-1.0.0.jar" skipped="0" tests="1" timestamp="2026-07-25T06:36:55.948153402">
            <testcase classname="dependency-check" name="internship-service-0.0.1-SNAPSHOT.jar: jspecify-1.0.0.jar"/>
    </testsuite>
        <testsuite failures="0" errors="0" time="0" id="40" name="/src/target/internship-service-0.0.1-SNAPSHOT.jar/BOOT-INF/lib/jsr305-3.0.2.jar" package="internship-service-0.0.1-SNAPSHOT.jar: jsr305-3.0.2.jar" skipped="0" tests="1" timestamp="2026-07-25T06:36:55.948153402">
            <testcase classname="dependency-check" name="internship-service-0.0.1-SNAPSHOT.jar: jsr305-3.0.2.jar"/>
    </testsuite>
        <testsuite failures="0" errors="0" time="0" id="41" name="/src/target/internship-service-0.0.1-SNAPSHOT.jar/BOOT-INF/lib/jul-to-slf4j-2.0.17.jar" package="internship-service-0.0.1-SNAPSHOT.jar: jul-to-slf4j-2.0.17.jar" skipped="0" tests="1" timestamp="2026-07-25T06:36:55.948153402">
            <testcase classname="dependency-check" name="internship-service-0.0.1-SNAPSHOT.jar: jul-to-slf4j-2.0.17.jar"/>
    </testsuite>
        <testsuite failures="1" errors="0" time="0" id="42" name="/src/target/internship-service-0.0.1-SNAPSHOT.jar/BOOT-INF/lib/kafka-clients-4.1.2.jar" package="internship-service-0.0.1-SNAPSHOT.jar: kafka-clients-4.1.2.jar" skipped="0" tests="1" timestamp="2026-07-25T06:36:55.948153402">
            <testcase classname="CVE-2026-41115" name="pkg:maven/org.apache.kafka/kafka-clients@4.1.2">
                <failure message="cvssV3: MEDIUM, score: 4.3 (CVSS:3.1/AV:N/AC:L/PR:L/UI:N/S:U/C:L/I:N/A:N/E:P/RC:R/MAV:A)"/>
            <system-out>An improper authorization vulnerability has been identified in Apache Kafka.

The implementation of the CONSUMER_GROUP_DESCRIBE (69) API validates the DESCRIBE operation on the GROUP resource instead of the READ operation that documented in the official kafka documentation and the KIP-848. This discrepancy can result in misconfigured Access Control Lists (ACLs) and unintended security postures, like granting READ permission to users who should not be able to join/sync groups, or allowing users without READ permission (but with DESCRIBE permission) to access sensitive group metadata.

The correct permission for CONSUMER_GROUP_DESCRIBE API is DESCRIBE GROUP so the current implementation is correct. However, the kafka documentation as well as the KIP-848 will be updated to reflect the correct permission. We advise the Kafka users to review existing group ACLs to ensure the principle of least privilege.</system-out>
            <system-err>location: /src/target/internship-service-0.0.1-SNAPSHOT.jar/BOOT-INF/lib/kafka-clients-4.1.2.jar, project-references: [  ]</system-err>
        </testcase>
    </testsuite>
        <testsuite failures="0" errors="0" time="0" id="43" name="/src/target/internship-service-0.0.1-SNAPSHOT.jar/BOOT-INF/lib/lettuce-core-6.8.2.RELEASE.jar" package="internship-service-0.0.1-SNAPSHOT.jar: lettuce-core-6.8.2.RELEASE.jar" skipped="0" tests="1" timestamp="2026-07-25T06:36:55.948153402">
            <testcase classname="dependency-check" name="internship-service-0.0.1-SNAPSHOT.jar: lettuce-core-6.8.2.RELEASE.jar"/>
    </testsuite>
        <testsuite failures="1" errors="0" time="0" id="44" name="/src/target/internship-service-0.0.1-SNAPSHOT.jar/BOOT-INF/lib/log4j-api-2.25.4.jar" package="internship-service-0.0.1-SNAPSHOT.jar: log4j-api-2.25.4.jar" skipped="0" tests="1" timestamp="2026-07-25T06:36:55.948153402">
            <testcase classname="CVE-2026-49844" name="pkg:maven/org.apache.logging.log4j/log4j-api@2.25.4">
                <failure message="cvssV4: MEDIUM, score: 6.3 (CVSS:4.0/AV:N/AC:L/AT:P/PR:N/UI:N/VC:N/VI:N/VA:N/SC:N/SI:L/SA:N/E:X/CR:X/IR:X/AR:X/MAV:X/MAC:X/MAT:X/MPR:X/MUI:X/MVC:X/MVI:X/MVA:X/MSC:X/MSI:X/MSA:X/S:X/AU:X/R:X/V:X/RE:X/U:X)"/>
            <system-out>Improper encoding of non-finite floating-point values during MapMessage JSON serialization in Apache Log4j API produces output that is not valid JSON. This issue affects Apache Log4j API versions 2.13.1 through 2.25.4 and version 2.26.0.

The fix for CVE-2026-34481 did not cover all code paths: when a MapMessage contains a non-finite IEEE 754 value (NaN, Infinity, or -Infinity), MapMessage.asJson() emits the corresponding bare token. RFC 8259 does not permit these tokens, so a conformant parser rejects the resulting document.

The defect is reachable only when both of the following conditions hold:

  *  The application uses the  message resolver https://logging.apache.org/log4j/2.x/manual/json-template-layout.html#event-template-resolver-message  of JsonTemplateLayout or any other layout that relies on MapMessage.asJson() or MapMessage.getFormattedMessage(new String[]{&quot;JSON&quot;}).
  *  The application logs a MapMessage that contains an attacker-controlled floating-point value.


An attacker who can supply a non-finite value can cause the affected layout to emit malformed JSON, which may corrupt the enclosing log record or disrupt downstream log ingestion and parsing.

Users are advised to upgrade to Apache Log4j API 2.25.5 or 2.26.1, both of which emit RFC 8259-compliant JSON for non-finite values.</system-out>
            <system-err>location: /src/target/internship-service-0.0.1-SNAPSHOT.jar/BOOT-INF/lib/log4j-api-2.25.4.jar, project-references: [  ]</system-err>
        </testcase>
    </testsuite>
        <testsuite failures="0" errors="0" time="0" id="45" name="/src/target/internship-service-0.0.1-SNAPSHOT.jar/BOOT-INF/lib/logback-core-1.5.32.jar" package="internship-service-0.0.1-SNAPSHOT.jar: logback-core-1.5.32.jar" skipped="0" tests="1" timestamp="2026-07-25T06:36:55.948153402">
            <testcase classname="dependency-check" name="internship-service-0.0.1-SNAPSHOT.jar: logback-core-1.5.32.jar"/>
    </testsuite>
        <testsuite failures="0" errors="0" time="0" id="46" name="/src/target/internship-service-0.0.1-SNAPSHOT.jar/BOOT-INF/lib/logstash-logback-encoder-7.4.jar" package="internship-service-0.0.1-SNAPSHOT.jar: logstash-logback-encoder-7.4.jar" skipped="0" tests="1" timestamp="2026-07-25T06:36:55.948153402">
            <testcase classname="dependency-check" name="internship-service-0.0.1-SNAPSHOT.jar: logstash-logback-encoder-7.4.jar"/>
    </testsuite>
        <testsuite failures="0" errors="0" time="0" id="47" name="/src/target/internship-service-0.0.1-SNAPSHOT.jar/BOOT-INF/lib/lz4-java-1.10.1.jar" package="internship-service-0.0.1-SNAPSHOT.jar: lz4-java-1.10.1.jar" skipped="0" tests="1" timestamp="2026-07-25T06:36:55.948153402">
            <testcase classname="dependency-check" name="internship-service-0.0.1-SNAPSHOT.jar: lz4-java-1.10.1.jar"/>
    </testsuite>
        <testsuite failures="0" errors="0" time="0" id="48" name="/src/target/internship-service-0.0.1-SNAPSHOT.jar/BOOT-INF/lib/micrometer-core-1.16.5.jar" package="internship-service-0.0.1-SNAPSHOT.jar: micrometer-core-1.16.5.jar" skipped="0" tests="1" timestamp="2026-07-25T06:36:55.948153402">
            <testcase classname="dependency-check" name="internship-service-0.0.1-SNAPSHOT.jar: micrometer-core-1.16.5.jar"/>
    </testsuite>
        <testsuite failures="1" errors="0" time="0" id="49" name="/src/target/internship-service-0.0.1-SNAPSHOT.jar/BOOT-INF/lib/neo4j-bolt-connection-11.0.1.jar" package="internship-service-0.0.1-SNAPSHOT.jar: neo4j-bolt-connection-11.0.1.jar" skipped="0" tests="1" timestamp="2026-07-25T06:36:55.948153402">
            <testcase classname="CVE-2026-1337" name="pkg:maven/org.neo4j.bolt/neo4j-bolt-connection@11.0.1">
                <failure message="cvssV4: LOW, score: 1.1 (CVSS:4.0/AV:N/AC:L/AT:P/PR:L/UI:A/VC:N/VI:N/VA:N/SC:L/SI:L/SA:N/E:P/CR:X/IR:X/AR:X/MAV:X/MAC:X/MAT:X/MPR:X/MUI:X/MVC:X/MVI:X/MVA:X/MSC:X/MSI:X/MSA:X/S:X/AU:X/R:X/V:X/RE:X/U:X)"/>
            <system-out>Insufficient escaping of unicode characters in query log in Neo4j Enterprise and Community editions prior to 2026.01 can lead to XSS if the user opens the logs in a tool that treats them as HTML. There is no security impact on Neo4j products, but this advisory is released as a precaution to treat the logs as plain text if using versions prior to 2026.01.

Proof of concept exploit:  https://github.com/JoakimBulow/CVE-2026-1337</system-out>
            <system-err>location: /src/target/internship-service-0.0.1-SNAPSHOT.jar/BOOT-INF/lib/neo4j-bolt-connection-11.0.1.jar, project-references: [  ]</system-err>
        </testcase>
    </testsuite>
        <testsuite failures="4" errors="0" time="0" id="50" name="/src/target/internship-service-0.0.1-SNAPSHOT.jar/BOOT-INF/lib/neo4j-cypher-dsl-2025.2.0.jar" package="internship-service-0.0.1-SNAPSHOT.jar: neo4j-cypher-dsl-2025.2.0.jar" skipped="0" tests="4" timestamp="2026-07-25T06:36:55.948153402">
            <testcase classname="CVE-2026-1471" name="pkg:maven/org.neo4j/neo4j-cypher-dsl@2025.2.0">
                <failure message="cvssV4: LOW, score: 2.1 (CVSS:4.0/AV:N/AC:L/AT:P/PR:L/UI:P/VC:L/VI:L/VA:L/SC:N/SI:N/SA:N/E:X/CR:X/IR:X/AR:X/MAV:X/MAC:X/MAT:X/MPR:X/MUI:X/MVC:X/MVI:X/MVA:X/MSC:X/MSI:X/MSA:X/S:X/AU:N/R:U/V:D/RE:L/U:Clear)"/>
            <system-out>Excessive caching of authentication context in Neo4j Enterprise edition versions prior to 2026.01.4 leads to authenticated users inheriting the context of the first user who authenticated after restart. The issue is limited to certain non-default configurations of SSO (UserInfo endpoint). 
We recommend upgrading to versions 2026.01.4 (or 5.26.22) where the issue is fixed.</system-out>
            <system-err>location: /src/target/internship-service-0.0.1-SNAPSHOT.jar/BOOT-INF/lib/neo4j-cypher-dsl-2025.2.0.jar, project-references: [  ]</system-err>
        </testcase>
            <testcase classname="CVE-2026-1524" name="pkg:maven/org.neo4j/neo4j-cypher-dsl@2025.2.0">
                <failure message="cvssV4: LOW, score: 2.1 (CVSS:4.0/AV:N/AC:L/AT:P/PR:H/UI:N/VC:L/VI:L/VA:L/SC:N/SI:N/SA:N/E:X/CR:X/IR:X/AR:X/MAV:X/MAC:X/MAT:X/MPR:X/MUI:X/MVC:X/MVI:X/MVA:X/MSC:X/MSI:X/MSA:X/S:X/AU:N/R:U/V:D/RE:M/U:Green)"/>
            <system-out>An edgecase in SSO implementation in Neo4j Enterprise edition versions prior to version 2026.02 can lead to unauthorised access under the following conditions:


If a neo4j admin configures two or more OIDC providers AND configures one or more of them to be an authorization provider AND configures one or more of them to be authentication-only, then those that are authentication-only will also provide authorization. This edgecase becomes a security problem only if the authentication-only provider contains groups which have higher privileges than provided by the intended (configured) authorization provider.  

When using multiple plugins for authentication and authorisation, prior to the fix the issue could lead to a plugin configured to provide only authentication or authorisation capabilities erroneously providing both capabilities. 

We recommend upgrading to versions 2026.02 (or 5.26.22) where the issue is fixed.</system-out>
            <system-err>location: /src/target/internship-service-0.0.1-SNAPSHOT.jar/BOOT-INF/lib/neo4j-cypher-dsl-2025.2.0.jar, project-references: [  ]</system-err>
        </testcase>
            <testcase classname="CVE-2026-1497" name="pkg:maven/org.neo4j/neo4j-cypher-dsl@2025.2.0">
                <failure message="cvssV4: LOW, score: 2.0 (CVSS:4.0/AV:N/AC:L/AT:P/PR:L/UI:A/VC:L/VI:L/VA:L/SC:N/SI:N/SA:N/E:X/CR:X/IR:X/AR:X/MAV:X/MAC:X/MAT:X/MPR:X/MUI:X/MVC:X/MVI:X/MVA:X/MSC:X/MSI:X/MSA:X/S:X/AU:N/R:U/V:D/RE:M/U:Green)"/>
            <system-out>Incorrect resolving of namespaces in composite databases in Neo4j Enterprise edition prior to versions 2026.02 and 5.26.22 can lead to the following scenario: 
an admin that intends to give a user an access to a remote database constituent &quot;namespace.name&quot; will inadvertently grant access to any local database or remote alias called &quot;name&quot;. If such database or alias doesn&apos;t exist when the command is run, the privileges will apply if it&apos;s created in the future.</system-out>
            <system-err>location: /src/target/internship-service-0.0.1-SNAPSHOT.jar/BOOT-INF/lib/neo4j-cypher-dsl-2025.2.0.jar, project-references: [  ]</system-err>
        </testcase>
            <testcase classname="CVE-2026-1337" name="pkg:maven/org.neo4j/neo4j-cypher-dsl@2025.2.0">
                <failure message="cvssV4: LOW, score: 1.1 (CVSS:4.0/AV:N/AC:L/AT:P/PR:L/UI:A/VC:N/VI:N/VA:N/SC:L/SI:L/SA:N/E:P/CR:X/IR:X/AR:X/MAV:X/MAC:X/MAT:X/MPR:X/MUI:X/MVC:X/MVI:X/MVA:X/MSC:X/MSI:X/MSA:X/S:X/AU:X/R:X/V:X/RE:X/U:X)"/>
            <system-out>Insufficient escaping of unicode characters in query log in Neo4j Enterprise and Community editions prior to 2026.01 can lead to XSS if the user opens the logs in a tool that treats them as HTML. There is no security impact on Neo4j products, but this advisory is released as a precaution to treat the logs as plain text if using versions prior to 2026.01.

Proof of concept exploit:  https://github.com/JoakimBulow/CVE-2026-1337</system-out>
            <system-err>location: /src/target/internship-service-0.0.1-SNAPSHOT.jar/BOOT-INF/lib/neo4j-cypher-dsl-2025.2.0.jar, project-references: [  ]</system-err>
        </testcase>
    </testsuite>
        <testsuite failures="1" errors="0" time="0" id="51" name="/src/target/internship-service-0.0.1-SNAPSHOT.jar/BOOT-INF/lib/neo4j-java-driver-6.0.5.jar" package="internship-service-0.0.1-SNAPSHOT.jar: neo4j-java-driver-6.0.5.jar" skipped="0" tests="1" timestamp="2026-07-25T06:36:55.948153402">
            <testcase classname="CVE-2026-1337" name="pkg:maven/org.neo4j.driver/neo4j-java-driver@6.0.5">
                <failure message="cvssV4: LOW, score: 1.1 (CVSS:4.0/AV:N/AC:L/AT:P/PR:L/UI:A/VC:N/VI:N/VA:N/SC:L/SI:L/SA:N/E:P/CR:X/IR:X/AR:X/MAV:X/MAC:X/MAT:X/MPR:X/MUI:X/MVC:X/MVI:X/MVA:X/MSC:X/MSI:X/MSA:X/S:X/AU:X/R:X/V:X/RE:X/U:X)"/>
            <system-out>Insufficient escaping of unicode characters in query log in Neo4j Enterprise and Community editions prior to 2026.01 can lead to XSS if the user opens the logs in a tool that treats them as HTML. There is no security impact on Neo4j products, but this advisory is released as a precaution to treat the logs as plain text if using versions prior to 2026.01.

Proof of concept exploit:  https://github.com/JoakimBulow/CVE-2026-1337</system-out>
            <system-err>location: /src/target/internship-service-0.0.1-SNAPSHOT.jar/BOOT-INF/lib/neo4j-java-driver-6.0.5.jar, project-references: [  ]</system-err>
        </testcase>
    </testsuite>
        <testsuite failures="0" errors="0" time="0" id="52" name="/src/target/internship-service-0.0.1-SNAPSHOT.jar/BOOT-INF/lib/netty-common-4.2.12.Final.jar/META-INF/maven/org.jctools/jctools-core/pom.xml" package="internship-service-0.0.1-SNAPSHOT.jar: netty-common-4.2.12.Final.jar (shaded: org.jctools:jctools-core:4.0.5)" skipped="0" tests="1" timestamp="2026-07-25T06:36:55.948153402">
            <testcase classname="dependency-check" name="internship-service-0.0.1-SNAPSHOT.jar: netty-common-4.2.12.Final.jar (shaded: org.jctools:jctools-core:4.0.5)"/>
    </testsuite>
        <testsuite failures="0" errors="0" time="0" id="53" name="/src/target/internship-service-0.0.1-SNAPSHOT.jar/BOOT-INF/lib/netty-tcnative-classes-2.0.75.Final.jar" package="internship-service-0.0.1-SNAPSHOT.jar: netty-tcnative-classes-2.0.75.Final.jar" skipped="0" tests="1" timestamp="2026-07-25T06:36:55.948153402">
            <testcase classname="dependency-check" name="internship-service-0.0.1-SNAPSHOT.jar: netty-tcnative-classes-2.0.75.Final.jar"/>
    </testsuite>
        <testsuite failures="38" errors="0" time="0" id="54" name="/src/target/internship-service-0.0.1-SNAPSHOT.jar/BOOT-INF/lib/netty-transport-4.2.12.Final.jar" package="internship-service-0.0.1-SNAPSHOT.jar: netty-transport-4.2.12.Final.jar" skipped="0" tests="38" timestamp="2026-07-25T06:36:55.948153402">
            <testcase classname="CVE-2026-45674" name="pkg:maven/io.netty/netty-transport@4.2.12.Final">
                <failure message="cvssV3: CRITICAL, score: 10.0 (CVSS:3.1/AV:N/AC:L/PR:N/UI:N/S:C/C:H/I:H/A:N/E:P/RC:R/MAV:A)"/>
            <system-out>Netty is a network application framework for development of protocol servers and clients. Prior to versions 4.1.135.Final and 4.2.15.Final, Netty&apos;s DnsResolveContext fails to validate the origin (bailiwick) of CNAME records in DNS responses. Versions 4.1.135.Final and 4.2.15.Final patch the issue.</system-out>
            <system-err>location: /src/target/internship-service-0.0.1-SNAPSHOT.jar/BOOT-INF/lib/netty-transport-4.2.12.Final.jar, project-references: [  ]</system-err>
        </testcase>
            <testcase classname="CVE-2026-47691" name="pkg:maven/io.netty/netty-transport@4.2.12.Final">
                <failure message="cvssV3: CRITICAL, score: 10.0 (CVSS:3.1/AV:N/AC:L/PR:N/UI:N/S:C/C:H/I:H/A:N/E:P/RC:R/MAV:A)"/>
            <system-out>Netty is a network application framework for development of protocol servers and clients. Prior to versions 4.1.135.Final and 4.2.15.Final, Netty&apos;s `DnsResolveContext` insufficiently validates the bailiwick of NS records, enabling DNS Cache Poisoning. An attacker controlling an authoritative name server for a subdomain can poison the cache for parent domains (like `.co.uk`). In `io.netty.resolver.dns.DnsResolveContext.AuthoritativeNameServerList#add` method accepts any NS record from the AUTHORITY section as long as the record&apos;s name is a suffix of the questionName. Subsequently, the `handleWithAdditional` method caches the associated A records from the ADDITIONAL section directly into the `authoritativeDnsServerCache` under the parent domain&apos;s key. This bypasses standard bailiwick rules, where a server authoritative for a subdomain should not be trusted to provide authoritative records for its parent. The poisoned cache is then used for all future resolutions under the parent domain&apos;s key. Versions 4.1.135.Final and 4.2.15.Final patch the issue.</system-out>
            <system-err>location: /src/target/internship-service-0.0.1-SNAPSHOT.jar/BOOT-INF/lib/netty-transport-4.2.12.Final.jar, project-references: [  ]</system-err>
        </testcase>
            <testcase classname="CVE-2026-42581" name="pkg:maven/io.netty/netty-transport@4.2.12.Final">
                <failure message="cvssV3: CRITICAL, score: 9.8 (CVSS:3.1/AV:N/AC:L/PR:N/UI:N/S:U/C:H/I:H/A:H/E:P/RC:R/MAV:A)"/>
            <system-out>Netty is an asynchronous, event-driven network application framework. Prior to 4.2.13.Final and 4.1.133.Final, HttpObjectDecoder strips a conflicting Content-Length header when a request carries both Transfer-Encoding: chunked and Content-Length, but only for HTTP/1.1 messages. The guard is absent for HTTP/1.0. An attacker that sends an HTTP/1.0 request with both headers causes Netty to decode the body as chunked while leaving Content-Length intact in the forwarded HttpMessage. Any downstream proxy or handler that trusts Content-Length over Transfer-Encoding will disagree on message boundaries, enabling request smuggling. This vulnerability is fixed in 4.2.13.Final and 4.1.133.Final.</system-out>
            <system-err>location: /src/target/internship-service-0.0.1-SNAPSHOT.jar/BOOT-INF/lib/netty-transport-4.2.12.Final.jar, project-references: [  ]</system-err>
        </testcase>
            <testcase classname="CVE-2026-42579" name="pkg:maven/io.netty/netty-transport@4.2.12.Final">
                <failure message="cvssV3: CRITICAL, score: 9.1 (CVSS:3.1/AV:N/AC:L/PR:N/UI:N/S:U/C:N/I:H/A:H/E:P/RC:R/MAV:A)"/>
            <system-out>Netty is an asynchronous, event-driven network application framework. Prior to 4.2.13.Final and 4.1.133.Final, Netty&apos;s DNS codec does not enforce RFC 1035 domain name constraints during either encoding or decoding. This creates a bidirectional attack surface: malicious DNS responses can exploit the decoder, and user-influenced hostnames can exploit the encoder. This vulnerability is fixed in 4.2.13.Final and 4.1.133.Final.</system-out>
            <system-err>location: /src/target/internship-service-0.0.1-SNAPSHOT.jar/BOOT-INF/lib/netty-transport-4.2.12.Final.jar, project-references: [  ]</system-err>
        </testcase>
            <testcase classname="CVE-2026-42584" name="pkg:maven/io.netty/netty-transport@4.2.12.Final">
                <failure message="cvssV3: CRITICAL, score: 9.1 (CVSS:3.1/AV:N/AC:L/PR:N/UI:N/S:U/C:N/I:H/A:H/E:P/RC:R/MAV:A)"/>
            <system-out>Netty is an asynchronous, event-driven network application framework. Prior to 4.2.13.Final and 4.1.133.Final, HttpClientCodec pairs each inbound response with an outbound request by queue.poll() once per response, including for 1xx. If the client pipelines GET then HEAD and the server sends 103, then 200 with GET body, then 200 for HEAD, the queue pairs HEAD with the first 200. The HEAD rule then skips reading that message’s body, so the GET entity bytes stay on the stream and the following 200 is parsed from the wrong offset. This vulnerability is fixed in 4.2.13.Final and 4.1.133.Final.</system-out>
            <system-err>location: /src/target/internship-service-0.0.1-SNAPSHOT.jar/BOOT-INF/lib/netty-transport-4.2.12.Final.jar, project-references: [  ]</system-err>
        </testcase>
            <testcase classname="CVE-2026-48006" name="pkg:maven/io.netty/netty-transport@4.2.12.Final">
                <failure message="cvssV4: HIGH, score: 8.7 (CVSS:4.0/AV:N/AC:L/AT:N/PR:N/UI:N/VC:N/VI:N/VA:H/SC:N/SI:N/SA:N/E:X/CR:X/IR:X/AR:X/MAV:X/MAC:X/MAT:X/MPR:X/MUI:X/MVC:X/MVI:X/MVA:X/MSC:X/MSI:X/MSA:X/S:X/AU:X/R:X/V:X/RE:X/U:X)"/>
            <system-out>Netty is a network application framework for development of protocol servers and clients. Prior to versions 4.1.135.Final and 4.2.15.Final, the RedisArrayAggregator handler permanently leaks pooled direct-memory buffers when a Redis pipeline connection closes before a RESP array aggregate completes. The handler retains child messages in per-handler state (`depths` field) but defines no `channelInactive`, `handlerRemoved`, or `exceptionCaught` method to release them when the pipeline tears down. Because the leaked buffers are slices of `PooledByteBufAllocator` chunks, they prevent those chunks from being returned to the JVM-wide direct-memory pool. Repeated connection churn by any network peer monotonically drains this shared pool, eventually causing allocation failures on all Netty channels in the process. Versions 4.1.135.Final and 4.2.15.Final patch the issue.</system-out>
            <system-err>location: /src/target/internship-service-0.0.1-SNAPSHOT.jar/BOOT-INF/lib/netty-transport-4.2.12.Final.jar, project-references: [  ]</system-err>
        </testcase>
            <testcase classname="CVE-2026-48059" name="pkg:maven/io.netty/netty-transport@4.2.12.Final">
                <failure message="cvssV4: HIGH, score: 8.7 (CVSS:4.0/AV:N/AC:L/AT:N/PR:N/UI:N/VC:N/VI:N/VA:H/SC:N/SI:N/SA:N/E:X/CR:X/IR:X/AR:X/MAV:X/MAC:X/MAT:X/MPR:X/MUI:X/MVC:X/MVI:X/MVA:X/MSC:X/MSI:X/MSA:X/S:X/AU:X/R:X/V:X/RE:X/U:X)"/>
            <system-out>Netty is a network application framework for development of protocol servers and clients. Prior to versions 4.1.135.Final and 4.2.15.Final, the HAProxy PROXY protocol v2 codec in netty leaks native or heap memory on every connection when a client sends a syntactically valid header containing nested `PP2_TYPE_SSL` TLVs (type-length-value records) at depth two or greater. The leak occurs on the successful parse path — no exception is thrown, the message fires downstream, the decoder removes itself, and the application releases the `HAProxyMessage` normally. Yet the underlying cumulation buffer (a pooled, potentially direct `ByteBuf` allocated by the channel) remains permanently pinned. Versions 4.1.135.Final and 4.2.15.Final patch the issue.</system-out>
            <system-err>location: /src/target/internship-service-0.0.1-SNAPSHOT.jar/BOOT-INF/lib/netty-transport-4.2.12.Final.jar, project-references: [  ]</system-err>
        </testcase>
            <testcase classname="CVE-2026-44249" name="pkg:maven/io.netty/netty-transport@4.2.12.Final">
                <failure message="cvssV3: HIGH, score: 8.1 (CVSS:3.1/AV:N/AC:H/PR:N/UI:N/S:U/C:H/I:H/A:H/E:P/RC:R/MAV:A)"/>
            <system-out>Netty is a network application framework for development of protocol servers and clients. In netty-handler prior to versions 4.1.135.Final and 4.2.15.Final, an attacker can bypass IPv6 subnet rules due to an incorrect masking operation in IpSubnetFilterRule.compareTo(). Valid public IP addresses can bypass the restrictions. Versions 4.1.135.Final and 4.2.15.Final patch the issue.</system-out>
            <system-err>location: /src/target/internship-service-0.0.1-SNAPSHOT.jar/BOOT-INF/lib/netty-transport-4.2.12.Final.jar, project-references: [  ]</system-err>
        </testcase>
            <testcase classname="CVE-2026-42577" name="pkg:maven/io.netty/netty-transport@4.2.12.Final">
                <failure message="cvssV3: HIGH, score: 7.5 (CVSS:3.1/AV:N/AC:L/PR:N/UI:N/S:U/C:N/I:N/A:H/E:P/RC:R/MAV:A)"/>
            <system-out>Netty is an asynchronous, event-driven network application framework. From 4.2.0.Final to 4.2.13.Final , Netty&apos;s epoll transport fails to detect and close TCP connections that receive a RST after being half-closed, leading to stale channels that are never cleaned up and, in some code paths, a 100% CPU busy-loop in the event loop thread. This vulnerability is fixed in 4.2.13.Final.</system-out>
            <system-err>location: /src/target/internship-service-0.0.1-SNAPSHOT.jar/BOOT-INF/lib/netty-transport-4.2.12.Final.jar, project-references: [  ]</system-err>
        </testcase>
            <testcase classname="CVE-2026-42582" name="pkg:maven/io.netty/netty-transport@4.2.12.Final">
                <failure message="cvssV3: HIGH, score: 7.5 (CVSS:3.1/AV:N/AC:L/PR:N/UI:N/S:U/C:N/I:N/A:H/E:P/RC:R/MAV:A)"/>
            <system-out>Netty is an asynchronous, event-driven network application framework. Prior to 4.2.13.Final, when decoding header blocks, the non-Huffman branch of io.netty.handler.codec.http3.QpackDecoder#decodeHuffmanEncodedLiteral may execute new byte[length] for a string literal before verifying that length bytes are actually present in the compressed field section. The wire encoding allows a very large length to be expressed in few bytes. There is no check that length &lt;= in.readableBytes() before new byte[length]. This vulnerability is fixed in 4.2.13.Final.</system-out>
            <system-err>location: /src/target/internship-service-0.0.1-SNAPSHOT.jar/BOOT-INF/lib/netty-transport-4.2.12.Final.jar, project-references: [  ]</system-err>
        </testcase>
            <testcase classname="CVE-2026-42583" name="pkg:maven/io.netty/netty-transport@4.2.12.Final">
                <failure message="cvssV3: HIGH, score: 7.5 (CVSS:3.1/AV:N/AC:L/PR:N/UI:N/S:U/C:N/I:N/A:H/E:P/RC:R/MAV:A)"/>
            <system-out>Netty is an asynchronous, event-driven network application framework. Prior to 4.2.13.Final and 4.1.133.Final, Lz4FrameDecoder allocates a ByteBuf of size decompressedLength (up to 32 MB per block) before LZ4 runs. A peer only needs a 21-byte header plus compressedLength payload bytes - 22 bytes if compressedLength == 1 - to force that allocation. This vulnerability is fixed in 4.2.13.Final and 4.1.133.Final.</system-out>
            <system-err>location: /src/target/internship-service-0.0.1-SNAPSHOT.jar/BOOT-INF/lib/netty-transport-4.2.12.Final.jar, project-references: [  ]</system-err>
        </testcase>
            <testcase classname="CVE-2026-42585" name="pkg:maven/io.netty/netty-transport@4.2.12.Final">
                <failure message="cvssV3: HIGH, score: 7.5 (CVSS:3.1/AV:N/AC:L/PR:N/UI:N/S:U/C:N/I:H/A:N/E:P/RC:R/MAV:A)"/>
            <system-out>Netty is an asynchronous, event-driven network application framework. Prior to 4.2.13.Final and 4.1.133.Final, Netty incorrectly parses malformed Transfer-Encoding, enabling request smuggling attacks. This vulnerability is fixed in 4.2.13.Final and 4.1.133.Final.</system-out>
            <system-err>location: /src/target/internship-service-0.0.1-SNAPSHOT.jar/BOOT-INF/lib/netty-transport-4.2.12.Final.jar, project-references: [  ]</system-err>
        </testcase>
            <testcase classname="CVE-2026-42587" name="pkg:maven/io.netty/netty-transport@4.2.12.Final">
                <failure message="cvssV3: HIGH, score: 7.5 (CVSS:3.1/AV:N/AC:L/PR:N/UI:N/S:U/C:N/I:N/A:H/E:P/RC:R/MAV:A)"/>
            <system-out>Netty is an asynchronous, event-driven network application framework. Prior to 4.2.13.Final and 4.1.133.Final, HttpContentDecompressor accepts a maxAllocation parameter to limit decompression buffer size and prevent decompression bomb attacks. This limit is correctly enforced for gzip and deflate encodings via ZlibDecoder, but is silently ignored when the content encoding is br (Brotli), zstd, or snappy. An attacker can bypass the configured decompression limit by sending a compressed payload with Content-Encoding: br instead of Content-Encoding: gzip, causing unbounded memory allocation and out-of-memory denial of service. The same vulnerability exists in DelegatingDecompressorFrameListener for HTTP/2 connections. This vulnerability is fixed in 4.2.13.Final and 4.1.133.Final.</system-out>
            <system-err>location: /src/target/internship-service-0.0.1-SNAPSHOT.jar/BOOT-INF/lib/netty-transport-4.2.12.Final.jar, project-references: [  ]</system-err>
        </testcase>
            <testcase classname="CVE-2026-44248" name="pkg:maven/io.netty/netty-transport@4.2.12.Final">
                <failure message="cvssV3: HIGH, score: 7.5 (CVSS:3.1/AV:N/AC:L/PR:N/UI:N/S:U/C:N/I:N/A:H/E:P/RC:R/MAV:A)"/>
            <system-out>Netty is an asynchronous, event-driven network application framework. Prior to 4.2.13.Final and 4.1.133.Final, the MQTT 5 header Properties section is parsed and buffered before any message size limit is applied. Specifically, in MqttDecoder, the decodeVariableHeader() method is called before the bytesRemainingBeforeVariableHeader &gt; maxBytesInMessage check. The decodeVariableHeader() can call other methods which will call decodeProperties(). Effectively, Netty does not apply any limits to the size of the properties being decoded. Additionally, because MqttDecoder extends ReplayingDecoder, Netty will repeatedly re-parse the enormous Properties sections and buffer the bytes in memory, until the entire thing parses to completion. This can cause high resource usage in both CPU and memory. This vulnerability is fixed in 4.2.13.Final and 4.1.133.Final.</system-out>
            <system-err>location: /src/target/internship-service-0.0.1-SNAPSHOT.jar/BOOT-INF/lib/netty-transport-4.2.12.Final.jar, project-references: [  ]</system-err>
        </testcase>
            <testcase classname="CVE-2026-44250" name="pkg:maven/io.netty/netty-transport@4.2.12.Final">
                <failure message="cvssV3: HIGH, score: 7.5 (CVSS:3.1/AV:N/AC:L/PR:N/UI:N/S:U/C:N/I:N/A:H/E:P/RC:R/MAV:A)"/>
            <system-out>Netty is a network application framework for development of protocol servers and clients. In netty-codec-redis prior to versions 4.1.135.Final and 4.2.15.Final, an attacker can cause DoS by sending a crafted Redis payload with deeply nested arrays. This forces the server to allocate a massive number of state objects and collections, leading to memory exhaustion and an OutOfMemoryError. Versions 4.1.135.Final and 4.2.15.Final patch the issue.</system-out>
            <system-err>location: /src/target/internship-service-0.0.1-SNAPSHOT.jar/BOOT-INF/lib/netty-transport-4.2.12.Final.jar, project-references: [  ]</system-err>
        </testcase>
            <testcase classname="CVE-2026-44890" name="pkg:maven/io.netty/netty-transport@4.2.12.Final">
                <failure message="cvssV3: HIGH, score: 7.5 (CVSS:3.1/AV:N/AC:L/PR:N/UI:N/S:U/C:N/I:N/A:H/E:P/RC:R/MAV:A)"/>
            <system-out>Netty is a network application framework for development of protocol servers and clients. In netty-codec-redis prior to versions 4.1.135.Final and 4.2.15.Final, an attacker can cause DoS by sending crafted Redis payloads across multiple connections without `\r\n`. This exhausts the server&apos;s direct memory pool (OutOfDirectMemoryError), preventing legitimate connections from being processed. Versions 4.1.135.Final and 4.2.15.Final patch the issue.</system-out>
            <system-err>location: /src/target/internship-service-0.0.1-SNAPSHOT.jar/BOOT-INF/lib/netty-transport-4.2.12.Final.jar, project-references: [  ]</system-err>
        </testcase>
            <testcase classname="CVE-2026-44891" name="pkg:maven/io.netty/netty-transport@4.2.12.Final">
                <failure message="cvssV3: HIGH, score: 7.5 (CVSS:3.1/AV:N/AC:L/PR:N/UI:N/S:U/C:N/I:N/A:H/E:P/RC:R/MAV:A)"/>
[...]
            <system-err>location: /src/target/internship-service-0.0.1-SNAPSHOT.jar/BOOT-INF/lib/swagger-ui-5.18.3.jar/META-INF/resources/webjars/swagger-ui/5.18.3/swagger-ui-es-bundle.js, project-references: [  ]</system-err>
        </testcase>
            <testcase classname="CVE-2026-65901" name="pkg:javascript/DOMPurify@3.1.6">
                <failure message="unscored severity: low"/>
            <system-out>DOMPurify: `IN_PLACE` mode trusts attacker-controlled `nodeName` on live non-form nodes, allowing script retention and XSS via attacker-supplied DOM objects</system-out>
            <system-err>location: /src/target/internship-service-0.0.1-SNAPSHOT.jar/BOOT-INF/lib/swagger-ui-5.18.3.jar/META-INF/resources/webjars/swagger-ui/5.18.3/swagger-ui-es-bundle.js, project-references: [  ]</system-err>
        </testcase>
            <testcase classname="GHSA-c2j3-45gr-mqc4" name="pkg:javascript/DOMPurify@3.1.6">
                <failure message="unscored severity: low"/>
            <system-out>DOMPurify: `CUSTOM_ELEMENT_HANDLING` bypasses `afterSanitizeElements` for allowed custom elements.</system-out>
            <system-err>location: /src/target/internship-service-0.0.1-SNAPSHOT.jar/BOOT-INF/lib/swagger-ui-5.18.3.jar/META-INF/resources/webjars/swagger-ui/5.18.3/swagger-ui-es-bundle.js, project-references: [  ]</system-err>
        </testcase>
    </testsuite>
        <testsuite failures="0" errors="0" time="0" id="122" name="/src/target/internship-service-0.0.1-SNAPSHOT.jar/BOOT-INF/lib/swagger-ui-5.18.3.jar/META-INF/resources/webjars/swagger-ui/5.18.3/swagger-ui-standalone-preset.js" package="internship-service-0.0.1-SNAPSHOT.jar: swagger-ui-5.18.3.jar: swagger-ui-standalone-preset.js" skipped="0" tests="1" timestamp="2026-07-25T06:36:55.948153402">
            <testcase classname="dependency-check" name="internship-service-0.0.1-SNAPSHOT.jar: swagger-ui-5.18.3.jar: swagger-ui-standalone-preset.js"/>
    </testsuite>
        <testsuite failures="0" errors="0" time="0" id="123" name="/src/target/internship-service-0.0.1-SNAPSHOT.jar/BOOT-INF/lib/swagger-ui-5.18.3.jar/META-INF/resources/webjars/swagger-ui/5.18.3/swagger-ui.js" package="internship-service-0.0.1-SNAPSHOT.jar: swagger-ui-5.18.3.jar: swagger-ui.js" skipped="0" tests="1" timestamp="2026-07-25T06:36:55.948153402">
            <testcase classname="dependency-check" name="internship-service-0.0.1-SNAPSHOT.jar: swagger-ui-5.18.3.jar: swagger-ui.js"/>
    </testsuite>
        <testsuite failures="15" errors="0" time="0" id="124" name="/src/target/internship-service-0.0.1-SNAPSHOT.jar/BOOT-INF/lib/tomcat-embed-core-11.0.21.jar" package="internship-service-0.0.1-SNAPSHOT.jar: tomcat-embed-core-11.0.21.jar" skipped="0" tests="15" timestamp="2026-07-25T06:36:55.948153402">
            <testcase classname="CVE-2026-41293" name="pkg:maven/org.apache.tomcat.embed/tomcat-embed-core@11.0.21">
                <failure message="cvssV3: CRITICAL, score: 9.8 (CVSS:3.1/AV:N/AC:L/PR:N/UI:N/S:U/C:H/I:H/A:H/E:P/RC:R/MAV:A)"/>
            <system-out>Improper Input Validation vulnerability in Apache Tomcat.

This issue affects Apache Tomcat: from 11.0.0-M1 through 11.0.21, from 10.1.0-M1 through 10.1.54, from 9.0.0.M1 through 9.0.117, from 10.0.0-M1 through 10.0.27.
Older, end of support versions may also be affected.

Users are recommended to upgrade to version [FIXED_VERSION], which fixes the issue.</system-out>
            <system-err>location: /src/target/internship-service-0.0.1-SNAPSHOT.jar/BOOT-INF/lib/tomcat-embed-core-11.0.21.jar, project-references: [  ]</system-err>
        </testcase>
            <testcase classname="CVE-2026-43512" name="pkg:maven/org.apache.tomcat.embed/tomcat-embed-core@11.0.21">
                <failure message="cvssV3: CRITICAL, score: 9.8 (CVSS:3.1/AV:N/AC:L/PR:N/UI:N/S:U/C:H/I:H/A:H/E:P/RC:R/MAV:A)"/>
            <system-out>DEPRECATED: Authentication Bypass Issues vulnerability in digest authentication in Apache Tomcat.

This issue affects Apache Tomcat: from 11.0.0-M1 through 11.0.21, from 10.1.0-M1 through 10.1.54, from 9.0.0.M1 through 9.0.117, from 8.5.0 through 8.5.100, from before 7.0.0.
Older unsupported versions any also be affect

Users are recommended to upgrade to version 11.0.22, 10.1.55 or 9.0.118 which fix the issue.</system-out>
            <system-err>location: /src/target/internship-service-0.0.1-SNAPSHOT.jar/BOOT-INF/lib/tomcat-embed-core-11.0.21.jar, project-references: [  ]</system-err>
        </testcase>
            <testcase classname="CVE-2026-43515" name="pkg:maven/org.apache.tomcat.embed/tomcat-embed-core@11.0.21">
                <failure message="cvssV3: CRITICAL, score: 9.1 (CVSS:3.1/AV:N/AC:L/PR:N/UI:N/S:U/C:H/I:H/A:N/E:P/RC:R/MAV:A)"/>
            <system-out>Improper Authorization vulnerability when multiple method constraints define an HTTP method for the same extension in Apache Tomcat.

This issue affects Apache Tomcat: from 11.0.0-M1 through 11.0.21, from 10.1.0-M1 through 10.1.54, from 9.0.0.M1 through 9.0.117, from 8.5.0 through 8.5.100, from 7.0.0 through 7.0.109.

Users are recommended to upgrade to version 11.0.22, 10.1.55 or 9.0.118 which fix the issue.</system-out>
            <system-err>location: /src/target/internship-service-0.0.1-SNAPSHOT.jar/BOOT-INF/lib/tomcat-embed-core-11.0.21.jar, project-references: [  ]</system-err>
        </testcase>
            <testcase classname="CVE-2026-53434" name="pkg:maven/org.apache.tomcat.embed/tomcat-embed-core@11.0.21">
                <failure message="cvssV3: CRITICAL, score: 9.1 (CVSS:3.1/AV:N/AC:L/PR:N/UI:N/S:U/C:H/I:H/A:N/E:P/RC:R/MAV:A)"/>
            <system-out>Detection of Error Condition Without Action vulnerability in Apache Tomcat when configuring CRLs for a FFM based connector.

This issue affects Apache Tomcat: from 11.0.0-M1 through 11.0.22, from 10.1.0-M7 through 10.1.55, from 9.0.83 through 9.0.118.

Users are recommended to upgrade to version 11.0.23, 10.1.56 or 9.0.119, which fixes the issue.</system-out>
            <system-err>location: /src/target/internship-service-0.0.1-SNAPSHOT.jar/BOOT-INF/lib/tomcat-embed-core-11.0.21.jar, project-references: [  ]</system-err>
        </testcase>
            <testcase classname="CVE-2026-55276" name="pkg:maven/org.apache.tomcat.embed/tomcat-embed-core@11.0.21">
                <failure message="cvssV3: CRITICAL, score: 9.1 (CVSS:3.1/AV:N/AC:L/PR:N/UI:N/S:U/C:H/I:H/A:N/E:P/RC:R/MAV:A)"/>
            <system-out>Always-Incorrect Control Flow Implementation vulnerability in Apache Tomcat meant that special roles and empty authorisation constraints were not included when the effective web.xml was logged.

This issue affects Apache Tomcat: from 11.0.0-M1 through 11.0.22, from 10.1.0-M1 through 10.1.55, from 9.0.0.M1 through 9.0.118, from 8.5.0 through 8.5.100. Other versions that have reached end of support may also be affected.

Users are recommended to upgrade to version 11.0.23, 10.1.56 or 9.0.119 which fixes the issue.</system-out>
            <system-err>location: /src/target/internship-service-0.0.1-SNAPSHOT.jar/BOOT-INF/lib/tomcat-embed-core-11.0.21.jar, project-references: [  ]</system-err>
        </testcase>
            <testcase classname="CVE-2026-59083" name="pkg:maven/org.apache.tomcat.embed/tomcat-embed-core@11.0.21">
                <failure message="cvssV3: CRITICAL, score: 9.1 (CVSS:3.1/AV:N/AC:L/PR:N/UI:N/S:U/C:H/I:H/A:N/E:P/RC:R/MAV:A)"/>
            <system-out>Improper Handling of URL Encoding (Hex Encoding) vulnerability in Apache Tomcat&apos;s rewrite valve allowed security constraint bypass for some configurations.

This issue affects Apache Tomcat: from 11.0.0-M1 through 11.0.23, from 10.1.0-M1 through 10.1.56, from 9.0.0.M1 through 9.0.119, from 8.5.0 through 8.5.100. Other versions that have reached end of support may also be affected.

Users are recommended to upgrade to version 11.0.24, 10.1.57 or 9.0.120, which fix the issue.</system-out>
            <system-err>location: /src/target/internship-service-0.0.1-SNAPSHOT.jar/BOOT-INF/lib/tomcat-embed-core-11.0.21.jar, project-references: [  ]</system-err>
        </testcase>
            <testcase classname="CVE-2026-59084" name="pkg:maven/org.apache.tomcat.embed/tomcat-embed-core@11.0.21">
                <failure message="cvssV3: CRITICAL, score: 9.1 (CVSS:3.1/AV:N/AC:L/PR:N/UI:N/S:U/C:H/I:H/A:N/E:P/RC:R/MAV:A)"/>
            <system-out>Insufficient Technical Documentation vulnerability in Apache Tomcat since the requirements to securely configure the EncryptInterceptor were not clearly documented.

This issue affects Apache Tomcat: from 11.0.0-M1 through 11.0.23, from 10.1.0-M1 through 10.1.56, from 9.0.13 through 9.0.119, from 8.5.38 through 8.5.100, from 7.0.100 through 7.0.109. Other versions that have reached end of support may also be affected.

Users are recommended to upgrade to version 11.0.24, 10.1.57 or 9.0.120 which fix the issue.</system-out>
            <system-err>location: /src/target/internship-service-0.0.1-SNAPSHOT.jar/BOOT-INF/lib/tomcat-embed-core-11.0.21.jar, project-references: [  ]</system-err>
        </testcase>
            <testcase classname="CVE-2026-41284" name="pkg:maven/org.apache.tomcat.embed/tomcat-embed-core@11.0.21">
                <failure message="cvssV3: HIGH, score: 7.5 (CVSS:3.1/AV:N/AC:L/PR:N/UI:N/S:U/C:N/I:N/A:H/E:P/RC:R/MAV:A)"/>
            <system-out>Allocation of Resources Without Limits or Throttling vulnerability in Apache Tomcat.

This issue affects Apache Tomcat: from 11.0.0-M1 through 11.0.21, from 10.1.0-M1 through 10.1.54, from 9.0.0.M1 through 9.0.117.
Older, unsupported versions may also be affected.

Users are recommended to upgrade to version [FIXED_VERSION], which fixes the issue.</system-out>
            <system-err>location: /src/target/internship-service-0.0.1-SNAPSHOT.jar/BOOT-INF/lib/tomcat-embed-core-11.0.21.jar, project-references: [  ]</system-err>
        </testcase>
            <testcase classname="CVE-2026-43513" name="pkg:maven/org.apache.tomcat.embed/tomcat-embed-core@11.0.21">
                <failure message="cvssV3: HIGH, score: 7.5 (CVSS:3.1/AV:N/AC:L/PR:N/UI:N/S:U/C:H/I:N/A:N/E:P/RC:R/MAV:A)"/>
            <system-out>Improper Handling of Case Sensitivity vulnerability in LockOutRealm in Apache Tomcat.

This issue affects Apache Tomcat: from 11.0.0-M1 through 11.0.21, from 10.1.0-M1 through 10.1.54, from 9.0.0.M1 through 9.0.117, from 8.5.0 through 8.5.100, from 7.0.0 through 7.0.109.
Older unsupported versions may also be affected.

Users are recommended to upgrade to version 11.0.22, 10.1.55 or 9.0.118 which fix the issue.</system-out>
            <system-err>location: /src/target/internship-service-0.0.1-SNAPSHOT.jar/BOOT-INF/lib/tomcat-embed-core-11.0.21.jar, project-references: [  ]</system-err>
        </testcase>
            <testcase classname="CVE-2026-42498" name="pkg:maven/org.apache.tomcat.embed/tomcat-embed-core@11.0.21">
                <failure message="cvssV3: HIGH, score: 7.3 (CVSS:3.1/AV:N/AC:L/PR:N/UI:N/S:U/C:L/I:L/A:L/E:P/RC:R/MAV:A)"/>
            <system-out>Exposure of HTTP Authentication Header to unexpected hosts during WebSocket authentication vulnerability in Apache Tomcat.

This issue affects Apache Tomcat: from 11.0.0-M1 through 11.0.21, from 10.1.0-M1 through 10.1.54, from 9.0.2 through 9.0.117, from 8.5.24 through 8.5.100, from 7.0.83 through 7.0.109.

Users are recommended to upgrade to version 11.0.22, 10.1.55 or 9.0.118, which fix the issue.</system-out>
            <system-err>location: /src/target/internship-service-0.0.1-SNAPSHOT.jar/BOOT-INF/lib/tomcat-embed-core-11.0.21.jar, project-references: [  ]</system-err>
        </testcase>
            <testcase classname="CVE-2026-53404" name="pkg:maven/org.apache.tomcat.embed/tomcat-embed-core@11.0.21">
                <failure message="cvssV3: HIGH, score: 7.3 (CVSS:3.1/AV:N/AC:L/PR:N/UI:N/S:U/C:L/I:L/A:L/E:P/RC:R/MAV:A)"/>
            <system-out>Always-Incorrect Control Flow Implementation vulnerability in Apache Tomcat&apos;s rewrite valve meant that if the first condition in an OR chain matched, subsequent non-OR conditions were skipped.

This issue affects Apache Tomcat: from 11.0.0-M1 through 11.0.22, from 10.1.0-M1 through 10.1.55, from 9.0.0.M1 through 9.0.118, from 8.5.0 through 8.5.100. Other versions that have reached end of support may also be affected.

Users are recommended to upgrade to version 11.0.23, 10.1.56 or 9.0.119, which fix the issue.</system-out>
            <system-err>location: /src/target/internship-service-0.0.1-SNAPSHOT.jar/BOOT-INF/lib/tomcat-embed-core-11.0.21.jar, project-references: [  ]</system-err>
        </testcase>
            <testcase classname="CVE-2026-55955" name="pkg:maven/org.apache.tomcat.embed/tomcat-embed-core@11.0.21">
                <failure message="cvssV3: MEDIUM, score: 6.5 (CVSS:3.1/AV:N/AC:L/PR:N/UI:N/S:U/C:L/I:L/A:N/E:P/RC:R/MAV:A)"/>
            <system-out>Improper Authentication vulnerability in Apache Tomcat allowed a replay attack against the EncryptionInterceptor in the cluster component.

This issue affects Apache Tomcat: from 11.0.0-M1 through 11.0.22, from 10.1.0-M1 through 10.1.55, from 9.0.13 through 9.0.18, from 8.5.38 through 8.5.100, from 7.0.100 through 7.0.109.

Users are recommended to upgrade to version 11.0.23, 10.1.56, 9.0.119, which fixes the issue.</system-out>
            <system-err>location: /src/target/internship-service-0.0.1-SNAPSHOT.jar/BOOT-INF/lib/tomcat-embed-core-11.0.21.jar, project-references: [  ]</system-err>
        </testcase>
            <testcase classname="CVE-2026-55956" name="pkg:maven/org.apache.tomcat.embed/tomcat-embed-core@11.0.21">
                <failure message="cvssV3: MEDIUM, score: 6.5 (CVSS:3.1/AV:N/AC:L/PR:N/UI:N/S:U/C:L/I:L/A:N/E:P/RC:R/MAV:A)"/>
            <system-out>Improper Authorization vulnerability in Apache Tomcat leads to security constraints specified for the default servlet ignoring any method or method omission configured as part of the constraint.

This issue affects Apache Tomcat: from 11.0.0-M1 through 11.0.22, from 10.1.0-M1 through 10.1.55, from 9.0.0.M1 through 9.0.118, from 8.5.0 through 8.5.100, from 7.0.0 through 7.0.109. Other versions that have reached end of support may also be affected.

Users are recommended to upgrade to version 11.0.23, 10.1.56 or 9.0.119, which fix the issue.</system-out>
            <system-err>location: /src/target/internship-service-0.0.1-SNAPSHOT.jar/BOOT-INF/lib/tomcat-embed-core-11.0.21.jar, project-references: [  ]</system-err>
        </testcase>
            <testcase classname="CVE-2026-50229" name="pkg:maven/org.apache.tomcat.embed/tomcat-embed-core@11.0.21">
                <failure message="cvssV3: MEDIUM, score: 6.1 (CVSS:3.1/AV:N/AC:L/PR:N/UI:R/S:C/C:L/I:L/A:N/E:P/RC:R/MAV:A)"/>
            <system-out>Improper Neutralization of Script-Related HTML Tags in a Web Page (Basic XSS) vulnerability in the number guess example for Apache Tomcat.

This issue affects Apache Tomcat: from 11.0.0-M1 through 11.0.22, from 10.1.0-M1 through 10.1.55, from 9.0.0.M1 through 9.0.118, from 8.5.0 through 8.5.100, from 7.0.0 through 7.0.109. Other versions that have reached end of support may also be affected.

Users are recommended to upgrade to version 11.0.23, 10.1.56 or 9.0.119, which fix the issue.</system-out>
            <system-err>location: /src/target/internship-service-0.0.1-SNAPSHOT.jar/BOOT-INF/lib/tomcat-embed-core-11.0.21.jar, project-references: [  ]</system-err>
        </testcase>
            <testcase classname="CVE-2026-43514" name="pkg:maven/org.apache.tomcat.embed/tomcat-embed-core@11.0.21">
                <failure message="cvssV3: LOW, score: 3.7 (CVSS:3.1/AV:N/AC:H/PR:N/UI:N/S:U/C:L/I:N/A:N/E:P/RC:R/MAV:A)"/>
            <system-out>Observable Timing Discrepancy vulnerability when comparing AJP secret in Apache Tomcat.

This issue affects Apache Tomcat: from 11.0.0-M1 through 11.0.21, from 10.1.0-M1 through 10.1.54, from 9.0.0.M1 through 9.0.117, from 8.5.0 through 8.5.100, from 7.0.0 through 7.0.109.
Older unsupported versions may also be affected.

Users are recommended to upgrade to version 11.0.22, 10.1.55 or 9.0.118 which fix the issue.</system-out>
            <system-err>location: /src/target/internship-service-0.0.1-SNAPSHOT.jar/BOOT-INF/lib/tomcat-embed-core-11.0.21.jar, project-references: [  ]</system-err>
        </testcase>
    </testsuite>
        <testsuite failures="0" errors="0" time="0" id="125" name="/src/target/internship-service-0.0.1-SNAPSHOT.jar/BOOT-INF/lib/tomcat-embed-el-11.0.21.jar" package="internship-service-0.0.1-SNAPSHOT.jar: tomcat-embed-el-11.0.21.jar" skipped="0" tests="1" timestamp="2026-07-25T06:36:55.948153402">
            <testcase classname="dependency-check" name="internship-service-0.0.1-SNAPSHOT.jar: tomcat-embed-el-11.0.21.jar"/>
    </testsuite>
        <testsuite failures="0" errors="0" time="0" id="126" name="/src/target/internship-service-0.0.1-SNAPSHOT.jar/BOOT-INF/lib/txw2-4.0.6.jar" package="internship-service-0.0.1-SNAPSHOT.jar: txw2-4.0.6.jar" skipped="0" tests="1" timestamp="2026-07-25T06:36:55.948153402">
            <testcase classname="dependency-check" name="internship-service-0.0.1-SNAPSHOT.jar: txw2-4.0.6.jar"/>
    </testsuite>
        <testsuite failures="0" errors="0" time="0" id="127" name="/src/target/internship-service-0.0.1-SNAPSHOT.jar/BOOT-INF/lib/webjars-locator-lite-1.1.3.jar" package="internship-service-0.0.1-SNAPSHOT.jar: webjars-locator-lite-1.1.3.jar" skipped="0" tests="1" timestamp="2026-07-25T06:36:55.948153402">
            <testcase classname="dependency-check" name="internship-service-0.0.1-SNAPSHOT.jar: webjars-locator-lite-1.1.3.jar"/>
    </testsuite>
        <testsuite failures="0" errors="0" time="0" id="128" name="/src/target/internship-service-0.0.1-SNAPSHOT.jar/BOOT-INF/lib/zstd-jni-1.5.6-10.jar" package="internship-service-0.0.1-SNAPSHOT.jar: zstd-jni-1.5.6-10.jar" skipped="0" tests="1" timestamp="2026-07-25T06:36:55.948153402">
            <testcase classname="dependency-check" name="internship-service-0.0.1-SNAPSHOT.jar: zstd-jni-1.5.6-10.jar"/>
    </testsuite>
        <testsuite failures="0" errors="0" time="0" id="129" name="/src/target/internship-service-0.0.1-SNAPSHOT.jar/BOOT-INF/lib/zstd-jni-1.5.6-10.jar/win/aarch64/libzstd-jni-1.5.6-10.dll" package="internship-service-0.0.1-SNAPSHOT.jar: zstd-jni-1.5.6-10.jar: libzstd-jni-1.5.6-10.dll" skipped="0" tests="1" timestamp="2026-07-25T06:36:55.948153402">
            <testcase classname="dependency-check" name="internship-service-0.0.1-SNAPSHOT.jar: zstd-jni-1.5.6-10.jar: libzstd-jni-1.5.6-10.dll"/>
    </testsuite>
        <testsuite failures="0" errors="0" time="0" id="130" name="/src/target/internship-service-0.0.1-SNAPSHOT.jar/BOOT-INF/lib/zstd-jni-1.5.6-10.jar/win/amd64/libzstd-jni-1.5.6-10.dll" package="internship-service-0.0.1-SNAPSHOT.jar: zstd-jni-1.5.6-10.jar: libzstd-jni-1.5.6-10.dll" skipped="0" tests="1" timestamp="2026-07-25T06:36:55.948153402">
            <testcase classname="dependency-check" name="internship-service-0.0.1-SNAPSHOT.jar: zstd-jni-1.5.6-10.jar: libzstd-jni-1.5.6-10.dll"/>
    </testsuite>
        <testsuite failures="0" errors="0" time="0" id="131" name="/src/target/internship-service-0.0.1-SNAPSHOT.jar/BOOT-INF/lib/zstd-jni-1.5.6-10.jar/win/x86/libzstd-jni-1.5.6-10.dll" package="internship-service-0.0.1-SNAPSHOT.jar: zstd-jni-1.5.6-10.jar: libzstd-jni-1.5.6-10.dll" skipped="0" tests="1" timestamp="2026-07-25T06:36:55.948153402">
            <testcase classname="dependency-check" name="internship-service-0.0.1-SNAPSHOT.jar: zstd-jni-1.5.6-10.jar: libzstd-jni-1.5.6-10.dll"/>
    </testsuite>
        <testsuite failures="0" errors="0" time="0" id="132" name="/src/package.json" package="package.json" skipped="0" tests="1" timestamp="2026-07-25T06:36:55.948153402">
            <testcase classname="dependency-check" name="package.json"/>
    </testsuite>
</testsuites>