<?xml version="1.0" encoding="UTF-8"?>
<testsuites failures="159" name="dependency-check" tests="106">
        <testsuite failures="0" errors="0" time="0" id="0" name="/src/document-service-0.0.1-SNAPSHOT.jar" package="document-service-0.0.1-SNAPSHOT.jar" skipped="0" tests="1" timestamp="2026-07-25T06:49:25.329879755">
            <testcase classname="dependency-check" name="document-service-0.0.1-SNAPSHOT.jar"/>
    </testsuite>
        <testsuite failures="0" errors="0" time="0" id="1" name="/src/document-service-0.0.1-SNAPSHOT.jar/BOOT-INF/lib/HikariCP-7.0.2.jar" package="document-service-0.0.1-SNAPSHOT.jar: HikariCP-7.0.2.jar" skipped="0" tests="1" timestamp="2026-07-25T06:49:25.329879755">
            <testcase classname="dependency-check" name="document-service-0.0.1-SNAPSHOT.jar: HikariCP-7.0.2.jar"/>
    </testsuite>
        <testsuite failures="0" errors="0" time="0" id="2" name="/src/document-service-0.0.1-SNAPSHOT.jar/BOOT-INF/lib/angus-activation-2.0.3.jar" package="document-service-0.0.1-SNAPSHOT.jar: angus-activation-2.0.3.jar" skipped="0" tests="1" timestamp="2026-07-25T06:49:25.329879755">
            <testcase classname="dependency-check" name="document-service-0.0.1-SNAPSHOT.jar: angus-activation-2.0.3.jar"/>
    </testsuite>
        <testsuite failures="0" errors="0" time="0" id="3" name="/src/document-service-0.0.1-SNAPSHOT.jar/BOOT-INF/lib/annotations-2.25.0.jar" package="document-service-0.0.1-SNAPSHOT.jar: annotations-2.25.0.jar" skipped="0" tests="1" timestamp="2026-07-25T06:49:25.329879755">
            <testcase classname="dependency-check" name="document-service-0.0.1-SNAPSHOT.jar: annotations-2.25.0.jar"/>
    </testsuite>
        <testsuite failures="0" errors="0" time="0" id="4" name="/src/document-service-0.0.1-SNAPSHOT.jar/BOOT-INF/lib/antlr4-runtime-4.13.2.jar" package="document-service-0.0.1-SNAPSHOT.jar: antlr4-runtime-4.13.2.jar" skipped="0" tests="1" timestamp="2026-07-25T06:49:25.329879755">
            <testcase classname="dependency-check" name="document-service-0.0.1-SNAPSHOT.jar: antlr4-runtime-4.13.2.jar"/>
    </testsuite>
        <testsuite failures="0" errors="0" time="0" id="5" name="/src/document-service-0.0.1-SNAPSHOT.jar/BOOT-INF/lib/apache-client-2.25.0.jar" package="document-service-0.0.1-SNAPSHOT.jar: apache-client-2.25.0.jar" skipped="0" tests="1" timestamp="2026-07-25T06:49:25.329879755">
            <testcase classname="dependency-check" name="document-service-0.0.1-SNAPSHOT.jar: apache-client-2.25.0.jar"/>
    </testsuite>
        <testsuite failures="0" errors="0" time="0" id="6" name="/src/document-service-0.0.1-SNAPSHOT.jar/BOOT-INF/lib/arns-2.25.0.jar" package="document-service-0.0.1-SNAPSHOT.jar: arns-2.25.0.jar" skipped="0" tests="1" timestamp="2026-07-25T06:49:25.329879755">
            <testcase classname="dependency-check" name="document-service-0.0.1-SNAPSHOT.jar: arns-2.25.0.jar"/>
    </testsuite>
        <testsuite failures="0" errors="0" time="0" id="7" name="/src/document-service-0.0.1-SNAPSHOT.jar/BOOT-INF/lib/aspectjweaver-1.9.25.1.jar" package="document-service-0.0.1-SNAPSHOT.jar: aspectjweaver-1.9.25.1.jar" skipped="0" tests="1" timestamp="2026-07-25T06:49:25.329879755">
            <testcase classname="dependency-check" name="document-service-0.0.1-SNAPSHOT.jar: aspectjweaver-1.9.25.1.jar"/>
    </testsuite>
        <testsuite failures="0" errors="0" time="0" id="8" name="/src/document-service-0.0.1-SNAPSHOT.jar/BOOT-INF/lib/auth-2.25.0.jar" package="document-service-0.0.1-SNAPSHOT.jar: auth-2.25.0.jar" skipped="0" tests="1" timestamp="2026-07-25T06:49:25.329879755">
            <testcase classname="dependency-check" name="document-service-0.0.1-SNAPSHOT.jar: auth-2.25.0.jar"/>
    </testsuite>
        <testsuite failures="0" errors="0" time="0" id="9" name="/src/document-service-0.0.1-SNAPSHOT.jar/BOOT-INF/lib/aws-core-2.25.0.jar" package="document-service-0.0.1-SNAPSHOT.jar: aws-core-2.25.0.jar" skipped="0" tests="1" timestamp="2026-07-25T06:49:25.329879755">
            <testcase classname="dependency-check" name="document-service-0.0.1-SNAPSHOT.jar: aws-core-2.25.0.jar"/>
    </testsuite>
        <testsuite failures="1" errors="0" time="0" id="10" name="/src/document-service-0.0.1-SNAPSHOT.jar/BOOT-INF/lib/bcmail-jdk14-1.38.jar" package="document-service-0.0.1-SNAPSHOT.jar: bcmail-jdk14-1.38.jar" skipped="0" tests="1" timestamp="2026-07-25T06:49:25.329879755">
            <testcase classname="CVE-2023-33202" name="pkg:maven/bouncycastle/bcmail-jdk14@138">
                <failure message="cvssV3: MEDIUM, score: 5.5 (CVSS:3.1/AV:L/AC:L/PR:N/UI:R/S:U/C:N/I:N/A:H/E:P/RC:R/MAV:A)"/>
            <system-out>Bouncy Castle for Java before 1.73 contains a potential Denial of Service (DoS) issue within the Bouncy Castle org.bouncycastle.openssl.PEMParser class. This class parses OpenSSL PEM encoded streams containing X.509 certificates, PKCS8 encoded keys, and PKCS7 objects. Parsing a file that has crafted ASN.1 data through the PEMParser causes an OutOfMemoryError, which can enable a denial of service attack. (For users of the FIPS Java API: BC-FJA 1.0.2.3 and earlier are affected; BC-FJA 1.0.2.4 is fixed.)</system-out>
            <system-err>location: /src/document-service-0.0.1-SNAPSHOT.jar/BOOT-INF/lib/bcmail-jdk14-1.38.jar, project-references: [  ]</system-err>
        </testcase>
    </testsuite>
        <testsuite failures="4" errors="0" time="0" id="11" name="/src/document-service-0.0.1-SNAPSHOT.jar/BOOT-INF/lib/bcprov-jdk14-1.38.jar" package="document-service-0.0.1-SNAPSHOT.jar: bcprov-jdk14-1.38.jar" skipped="0" tests="4" timestamp="2026-07-25T06:49:25.329879755">
            <testcase classname="CVE-2016-1000338" name="pkg:maven/bouncycastle/bcprov-jdk14@138">
                <failure message="cvssV3: HIGH, score: 7.5 (CVSS:3.1/AV:N/AC:L/PR:N/UI:N/S:U/C:N/I:H/A:N/E:P/RC:R/MAV:A)"/>
            <system-out>In Bouncy Castle JCE Provider version 1.55 and earlier the DSA does not fully validate ASN.1 encoding of signature on verification. It is possible to inject extra elements in the sequence making up the signature and still have it validate, which in some cases may allow the introduction of &apos;invisible&apos; data into a signed structure.</system-out>
            <system-err>location: /src/document-service-0.0.1-SNAPSHOT.jar/BOOT-INF/lib/bcprov-jdk14-1.38.jar, project-references: [  ]</system-err>
        </testcase>
            <testcase classname="CVE-2020-15522" name="pkg:maven/bouncycastle/bcprov-jdk14@138">
                <failure message="cvssV3: MEDIUM, score: 5.9 (CVSS:3.1/AV:N/AC:H/PR:N/UI:N/S:U/C:H/I:N/A:N/E:P/RC:R/MAV:A)"/>
            <system-out>Bouncy Castle BC Java before 1.66, BC C# .NET before 1.8.7, BC-FJA before 1.0.1.2, 1.0.2.1, and BC-FNA before 1.0.1.1 have a timing issue within the EC math library that can expose information about the private key when an attacker is able to observe timing information for the generation of multiple deterministic ECDSA signatures.</system-out>
            <system-err>location: /src/document-service-0.0.1-SNAPSHOT.jar/BOOT-INF/lib/bcprov-jdk14-1.38.jar, project-references: [  ]</system-err>
        </testcase>
            <testcase classname="CVE-2023-33202" name="pkg:maven/bouncycastle/bcprov-jdk14@138">
                <failure message="cvssV3: MEDIUM, score: 5.5 (CVSS:3.1/AV:L/AC:L/PR:N/UI:R/S:U/C:N/I:N/A:H/E:P/RC:R/MAV:A)"/>
            <system-out>Bouncy Castle for Java before 1.73 contains a potential Denial of Service (DoS) issue within the Bouncy Castle org.bouncycastle.openssl.PEMParser class. This class parses OpenSSL PEM encoded streams containing X.509 certificates, PKCS8 encoded keys, and PKCS7 objects. Parsing a file that has crafted ASN.1 data through the PEMParser causes an OutOfMemoryError, which can enable a denial of service attack. (For users of the FIPS Java API: BC-FJA 1.0.2.3 and earlier are affected; BC-FJA 1.0.2.4 is fixed.)</system-out>
            <system-err>location: /src/document-service-0.0.1-SNAPSHOT.jar/BOOT-INF/lib/bcprov-jdk14-1.38.jar, project-references: [  ]</system-err>
        </testcase>
            <testcase classname="CVE-2015-7940" name="pkg:maven/bouncycastle/bcprov-jdk14@138">
                <failure message="cvssV2: MEDIUM, score: 5.0 (/AV:N/AC:L/Au:N/C:P/I:N/A:N)"/>
            <system-out>The Bouncy Castle Java library before 1.51 does not validate a point is withing the elliptic curve, which makes it easier for remote attackers to obtain private keys via a series of crafted elliptic curve Diffie Hellman (ECDH) key exchanges, aka an &quot;invalid curve attack.&quot;</system-out>
            <system-err>location: /src/document-service-0.0.1-SNAPSHOT.jar/BOOT-INF/lib/bcprov-jdk14-1.38.jar, project-references: [  ]</system-err>
        </testcase>
    </testsuite>
        <testsuite failures="1" errors="0" time="0" id="12" name="/src/document-service-0.0.1-SNAPSHOT.jar/BOOT-INF/lib/bctsp-jdk14-1.38.jar" package="document-service-0.0.1-SNAPSHOT.jar: bctsp-jdk14-1.38.jar" skipped="0" tests="1" timestamp="2026-07-25T06:49:25.329879755">
            <testcase classname="CVE-2023-33202" name="pkg:maven/org.bouncycastle/bctsp-jdk14@1.38">
                <failure message="cvssV3: MEDIUM, score: 5.5 (CVSS:3.1/AV:L/AC:L/PR:N/UI:R/S:U/C:N/I:N/A:H/E:P/RC:R/MAV:A)"/>
            <system-out>Bouncy Castle for Java before 1.73 contains a potential Denial of Service (DoS) issue within the Bouncy Castle org.bouncycastle.openssl.PEMParser class. This class parses OpenSSL PEM encoded streams containing X.509 certificates, PKCS8 encoded keys, and PKCS7 objects. Parsing a file that has crafted ASN.1 data through the PEMParser causes an OutOfMemoryError, which can enable a denial of service attack. (For users of the FIPS Java API: BC-FJA 1.0.2.3 and earlier are affected; BC-FJA 1.0.2.4 is fixed.)</system-out>
            <system-err>location: /src/document-service-0.0.1-SNAPSHOT.jar/BOOT-INF/lib/bctsp-jdk14-1.38.jar, project-references: [  ]</system-err>
        </testcase>
    </testsuite>
        <testsuite failures="2" errors="0" time="0" id="13" name="/src/document-service-0.0.1-SNAPSHOT.jar/BOOT-INF/lib/bson-5.6.5.jar" package="document-service-0.0.1-SNAPSHOT.jar: bson-5.6.5.jar" skipped="0" tests="2" timestamp="2026-07-25T06:49:25.329879755">
            <testcase classname="CVE-2026-9753" name="cpe:2.3:a:mongodb:mongodb:*:*:*:*:-:*:*:* versions up to (excluding) 7.0.35">
                <failure message="cvssV4: HIGH, score: 7.2 (CVSS:4.0/AV:N/AC:L/AT:N/PR:L/UI:N/VC:H/VI:N/VA:H/SC:N/SI:N/SA:N/E:X/CR:X/IR:X/AR:X/MAV:X/MAC:X/MAT:X/MPR:X/MUI:X/MVC:X/MVI:X/MVA:X/MSC:X/MSI:X/MSA:X/S:X/AU:X/R:X/V:X/RE:X/U:X)"/>
            <system-out>The $_internalApplyOplogUpdate aggregation pipeline stage can be used to execute a document diff containing a malformed binary diff to return memory out-of-bounds or crash the server. $_internalApplyOplogUpdate can be executed by any authenticated user with access to the aggregate command.</system-out>
            <system-err>location: /src/document-service-0.0.1-SNAPSHOT.jar/BOOT-INF/lib/bson-5.6.5.jar, project-references: [  ]</system-err>
        </testcase>
            <testcase classname="CVE-2014-8180" name="cpe:2.3:a:mongodb:mongodb:*:*:*:*:*:*:*:*">
                <failure message="cvssV3: MEDIUM, score: 5.5 (CVSS:3.0/AV:L/AC:L/PR:L/UI:N/S:U/C:N/I:N/A:H/E:P/RC:R/MAV:A)"/>
            <system-out>MongoDB on Red Hat Satellite 6 allows local users to bypass authentication by logging in with an empty password and delete information which can cause a Denial of Service.</system-out>
            <system-err>location: /src/document-service-0.0.1-SNAPSHOT.jar/BOOT-INF/lib/bson-5.6.5.jar, project-references: [  ]</system-err>
        </testcase>
    </testsuite>
        <testsuite failures="0" errors="0" time="0" id="14" name="/src/document-service-0.0.1-SNAPSHOT.jar/BOOT-INF/lib/byte-buddy-1.17.8.jar" package="document-service-0.0.1-SNAPSHOT.jar: byte-buddy-1.17.8.jar" skipped="0" tests="1" timestamp="2026-07-25T06:49:25.329879755">
            <testcase classname="dependency-check" name="document-service-0.0.1-SNAPSHOT.jar: byte-buddy-1.17.8.jar"/>
    </testsuite>
        <testsuite failures="0" errors="0" time="0" id="15" name="/src/document-service-0.0.1-SNAPSHOT.jar/BOOT-INF/lib/checker-qual-3.52.0.jar" package="document-service-0.0.1-SNAPSHOT.jar: checker-qual-3.52.0.jar" skipped="0" tests="1" timestamp="2026-07-25T06:49:25.329879755">
            <testcase classname="dependency-check" name="document-service-0.0.1-SNAPSHOT.jar: checker-qual-3.52.0.jar"/>
    </testsuite>
        <testsuite failures="0" errors="0" time="0" id="16" name="/src/document-service-0.0.1-SNAPSHOT.jar/BOOT-INF/lib/checksums-2.25.0.jar" package="document-service-0.0.1-SNAPSHOT.jar: checksums-2.25.0.jar" skipped="0" tests="1" timestamp="2026-07-25T06:49:25.329879755">
            <testcase classname="dependency-check" name="document-service-0.0.1-SNAPSHOT.jar: checksums-2.25.0.jar"/>
    </testsuite>
        <testsuite failures="0" errors="0" time="0" id="17" name="/src/document-service-0.0.1-SNAPSHOT.jar/BOOT-INF/lib/classmate-1.7.3.jar" package="document-service-0.0.1-SNAPSHOT.jar: classmate-1.7.3.jar" skipped="0" tests="1" timestamp="2026-07-25T06:49:25.329879755">
            <testcase classname="dependency-check" name="document-service-0.0.1-SNAPSHOT.jar: classmate-1.7.3.jar"/>
    </testsuite>
        <testsuite failures="0" errors="0" time="0" id="18" name="/src/document-service-0.0.1-SNAPSHOT.jar/BOOT-INF/lib/commons-codec-1.19.0.jar" package="document-service-0.0.1-SNAPSHOT.jar: commons-codec-1.19.0.jar" skipped="0" tests="1" timestamp="2026-07-25T06:49:25.329879755">
            <testcase classname="dependency-check" name="document-service-0.0.1-SNAPSHOT.jar: commons-codec-1.19.0.jar"/>
    </testsuite>
        <testsuite failures="0" errors="0" time="0" id="19" name="/src/document-service-0.0.1-SNAPSHOT.jar/BOOT-INF/lib/commons-lang3-3.19.0.jar" package="document-service-0.0.1-SNAPSHOT.jar: commons-lang3-3.19.0.jar" skipped="0" tests="1" timestamp="2026-07-25T06:49:25.329879755">
            <testcase classname="dependency-check" name="document-service-0.0.1-SNAPSHOT.jar: commons-lang3-3.19.0.jar"/>
    </testsuite>
        <testsuite failures="0" errors="0" time="0" id="20" name="/src/document-service-0.0.1-SNAPSHOT.jar/BOOT-INF/lib/commons-logging-1.3.6.jar" package="document-service-0.0.1-SNAPSHOT.jar: commons-logging-1.3.6.jar" skipped="0" tests="1" timestamp="2026-07-25T06:49:25.329879755">
            <testcase classname="dependency-check" name="document-service-0.0.1-SNAPSHOT.jar: commons-logging-1.3.6.jar"/>
    </testsuite>
        <testsuite failures="0" errors="0" time="0" id="21" name="/src/document-service-0.0.1-SNAPSHOT.jar/BOOT-INF/lib/crt-core-2.25.0.jar" package="document-service-0.0.1-SNAPSHOT.jar: crt-core-2.25.0.jar" skipped="0" tests="1" timestamp="2026-07-25T06:49:25.329879755">
            <testcase classname="dependency-check" name="document-service-0.0.1-SNAPSHOT.jar: crt-core-2.25.0.jar"/>
    </testsuite>
        <testsuite failures="0" errors="0" time="0" id="22" name="/src/document-service-0.0.1-SNAPSHOT.jar/BOOT-INF/lib/endpoints-spi-2.25.0.jar" package="document-service-0.0.1-SNAPSHOT.jar: endpoints-spi-2.25.0.jar" skipped="0" tests="1" timestamp="2026-07-25T06:49:25.329879755">
            <testcase classname="dependency-check" name="document-service-0.0.1-SNAPSHOT.jar: endpoints-spi-2.25.0.jar"/>
    </testsuite>
        <testsuite failures="0" errors="0" time="0" id="23" name="/src/document-service-0.0.1-SNAPSHOT.jar/BOOT-INF/lib/eventstream-1.0.1.jar" package="document-service-0.0.1-SNAPSHOT.jar: eventstream-1.0.1.jar" skipped="0" tests="1" timestamp="2026-07-25T06:49:25.329879755">
            <testcase classname="dependency-check" name="document-service-0.0.1-SNAPSHOT.jar: eventstream-1.0.1.jar"/>
    </testsuite>
        <testsuite failures="0" errors="0" time="0" id="24" name="/src/document-service-0.0.1-SNAPSHOT.jar/BOOT-INF/lib/hibernate-core-7.2.12.Final.jar" package="document-service-0.0.1-SNAPSHOT.jar: hibernate-core-7.2.12.Final.jar" skipped="0" tests="1" timestamp="2026-07-25T06:49:25.329879755">
            <testcase classname="dependency-check" name="document-service-0.0.1-SNAPSHOT.jar: hibernate-core-7.2.12.Final.jar"/>
    </testsuite>
        <testsuite failures="0" errors="0" time="0" id="25" name="/src/document-service-0.0.1-SNAPSHOT.jar/BOOT-INF/lib/hibernate-models-1.0.1.jar" package="document-service-0.0.1-SNAPSHOT.jar: hibernate-models-1.0.1.jar" skipped="0" tests="1" timestamp="2026-07-25T06:49:25.329879755">
            <testcase classname="dependency-check" name="document-service-0.0.1-SNAPSHOT.jar: hibernate-models-1.0.1.jar"/>
    </testsuite>
        <testsuite failures="0" errors="0" time="0" id="26" name="/src/document-service-0.0.1-SNAPSHOT.jar/BOOT-INF/lib/http-auth-2.25.0.jar" package="document-service-0.0.1-SNAPSHOT.jar: http-auth-2.25.0.jar" skipped="0" tests="1" timestamp="2026-07-25T06:49:25.329879755">
            <testcase classname="dependency-check" name="document-service-0.0.1-SNAPSHOT.jar: http-auth-2.25.0.jar"/>
    </testsuite>
        <testsuite failures="0" errors="0" time="0" id="27" name="/src/document-service-0.0.1-SNAPSHOT.jar/BOOT-INF/lib/httpclient-4.5.13.jar" package="document-service-0.0.1-SNAPSHOT.jar: httpclient-4.5.13.jar" skipped="0" tests="1" timestamp="2026-07-25T06:49:25.329879755">
            <testcase classname="dependency-check" name="document-service-0.0.1-SNAPSHOT.jar: httpclient-4.5.13.jar"/>
    </testsuite>
        <testsuite failures="0" errors="0" time="0" id="28" name="/src/document-service-0.0.1-SNAPSHOT.jar/BOOT-INF/lib/httpcore-4.4.16.jar" package="document-service-0.0.1-SNAPSHOT.jar: httpcore-4.4.16.jar" skipped="0" tests="1" timestamp="2026-07-25T06:49:25.329879755">
            <testcase classname="dependency-check" name="document-service-0.0.1-SNAPSHOT.jar: httpcore-4.4.16.jar"/>
    </testsuite>
        <testsuite failures="0" errors="0" time="0" id="29" name="/src/document-service-0.0.1-SNAPSHOT.jar/BOOT-INF/lib/identity-spi-2.25.0.jar" package="document-service-0.0.1-SNAPSHOT.jar: identity-spi-2.25.0.jar" skipped="0" tests="1" timestamp="2026-07-25T06:49:25.329879755">
            <testcase classname="dependency-check" name="document-service-0.0.1-SNAPSHOT.jar: identity-spi-2.25.0.jar"/>
    </testsuite>
        <testsuite failures="0" errors="0" time="0" id="30" name="/src/document-service-0.0.1-SNAPSHOT.jar/BOOT-INF/lib/istack-commons-runtime-4.1.2.jar" package="document-service-0.0.1-SNAPSHOT.jar: istack-commons-runtime-4.1.2.jar" skipped="0" tests="1" timestamp="2026-07-25T06:49:25.329879755">
            <testcase classname="dependency-check" name="document-service-0.0.1-SNAPSHOT.jar: istack-commons-runtime-4.1.2.jar"/>
    </testsuite>
        <testsuite failures="3" errors="0" time="0" id="31" name="/src/document-service-0.0.1-SNAPSHOT.jar/BOOT-INF/lib/itext-2.1.7.jar" package="document-service-0.0.1-SNAPSHOT.jar: itext-2.1.7.jar" skipped="0" tests="3" timestamp="2026-07-25T06:49:25.329879755">
            <testcase classname="CVE-2017-9096" name="pkg:maven/com.lowagie/itext@2.1.7">
                <failure message="cvssV3: HIGH, score: 8.8 (CVSS:3.0/AV:N/AC:L/PR:N/UI:R/S:U/C:H/I:H/A:H/E:P/RC:R/MAV:A)"/>
            <system-out>The XML parsers in iText before 5.5.12 and 7.x before 7.0.3 do not disable external entities, which might allow remote attackers to conduct XML external entity (XXE) attacks via a crafted PDF.</system-out>
            <system-err>location: /src/document-service-0.0.1-SNAPSHOT.jar/BOOT-INF/lib/itext-2.1.7.jar, project-references: [  ]</system-err>
        </testcase>
            <testcase classname="CVE-2022-24196" name="pkg:maven/com.lowagie/itext@2.1.7">
                <failure message="cvssV3: MEDIUM, score: 6.5 (CVSS:3.1/AV:N/AC:L/PR:N/UI:R/S:U/C:N/I:N/A:H/E:P/RC:R/MAV:A)"/>
            <system-out>iText v7.1.17, up to (exluding)&quot;: 7.1.18 and 7.2.2 was discovered to contain an out-of-memory error via the component readStreamBytesRaw, which allows attackers to cause a Denial of Service (DoS) via a crafted PDF file.</system-out>
            <system-err>location: /src/document-service-0.0.1-SNAPSHOT.jar/BOOT-INF/lib/itext-2.1.7.jar, project-references: [  ]</system-err>
        </testcase>
            <testcase classname="CVE-2022-24197" name="pkg:maven/com.lowagie/itext@2.1.7">
                <failure message="cvssV3: MEDIUM, score: 6.5 (CVSS:3.1/AV:N/AC:L/PR:N/UI:R/S:U/C:N/I:N/A:H/E:P/RC:R/MAV:A)"/>
            <system-out>iText v7.1.17 was discovered to contain a stack-based buffer overflow via the component ByteBuffer.append, which allows attackers to cause a Denial of Service (DoS) via a crafted PDF file.</system-out>
            <system-err>location: /src/document-service-0.0.1-SNAPSHOT.jar/BOOT-INF/lib/itext-2.1.7.jar, project-references: [  ]</system-err>
        </testcase>
    </testsuite>
        <testsuite failures="0" errors="0" time="0" id="32" name="/src/document-service-0.0.1-SNAPSHOT.jar/BOOT-INF/lib/jackson-annotations-2.21.jar" package="document-service-0.0.1-SNAPSHOT.jar: jackson-annotations-2.21.jar" skipped="0" tests="1" timestamp="2026-07-25T06:49:25.329879755">
            <testcase classname="dependency-check" name="document-service-0.0.1-SNAPSHOT.jar: jackson-annotations-2.21.jar"/>
    </testsuite>
        <testsuite failures="0" errors="0" time="0" id="33" name="/src/document-service-0.0.1-SNAPSHOT.jar/BOOT-INF/lib/jackson-core-2.21.2.jar" package="document-service-0.0.1-SNAPSHOT.jar: jackson-core-2.21.2.jar" skipped="0" tests="1" timestamp="2026-07-25T06:49:25.329879755">
            <testcase classname="dependency-check" name="document-service-0.0.1-SNAPSHOT.jar: jackson-core-2.21.2.jar"/>
    </testsuite>
        <testsuite failures="0" errors="0" time="0" id="34" name="/src/document-service-0.0.1-SNAPSHOT.jar/BOOT-INF/lib/jackson-core-3.1.2.jar" package="document-service-0.0.1-SNAPSHOT.jar: jackson-core-3.1.2.jar" skipped="0" tests="1" timestamp="2026-07-25T06:49:25.329879755">
            <testcase classname="dependency-check" name="document-service-0.0.1-SNAPSHOT.jar: jackson-core-3.1.2.jar"/>
    </testsuite>
        <testsuite failures="7" errors="0" time="0" id="35" name="/src/document-service-0.0.1-SNAPSHOT.jar/BOOT-INF/lib/jackson-databind-2.21.2.jar" package="document-service-0.0.1-SNAPSHOT.jar: jackson-databind-2.21.2.jar" skipped="0" tests="7" timestamp="2026-07-25T06:49:25.329879755">
            <testcase classname="CVE-2026-54512" name="pkg:maven/com.fasterxml.jackson.core/jackson-databind@2.21.2">
                <failure message="cvssV3: HIGH, score: 8.1 (CVSS:3.1/AV:N/AC:H/PR:N/UI:N/S:U/C:H/I:H/A:H/E:P/RC:R/MAV:A)"/>
            <system-out>jackson-databind contains the general-purpose data-binding functionality and tree-model for Jackson Data Processor. From 2.10.0 until 2.18.8, 2.21.4, and 3.1.4, jackson-databind&apos;s PolymorphicTypeValidator (PTV) is the primary safety mechanism guarding polymorphic deserialization. When polymorphic typing is enabled and a type identifier contains generic parameters (i.e. the type ID string contains &lt;), DatabindContext._resolveAndValidateGeneric() validates only the raw container class name (the substring before &lt;) against the configured PTV. If the container type is approved, the method parses the full canonical type string via TypeFactory.constructFromCanonical() and returns the fully parameterized type without ever validating the nested type arguments against the PTV. The nested type arguments are then resolved, instantiated, and populated as beans during deserialization. An attacker who controls the type ID can therefore place a denied class as a generic type parameter of an allowed container — for example java.util.ArrayList&lt;com.evil.Gadget&gt; when only java.util.ArrayList is allow-listed. The container passes the PTV check; com.evil.Gadget is loaded via Class.forName(name, true, loader), instantiated, and its properties are set from attacker-controlled JSON. This completely bypasses an explicitly configured PTV allow-list. This vulnerability is fixed in 2.18.8, 2.21.4, and 3.1.4.</system-out>
            <system-err>location: /src/document-service-0.0.1-SNAPSHOT.jar/BOOT-INF/lib/jackson-databind-2.21.2.jar, project-references: [  ]</system-err>
        </testcase>
            <testcase classname="CVE-2026-54513" name="pkg:maven/com.fasterxml.jackson.core/jackson-databind@2.21.2">
                <failure message="cvssV3: HIGH, score: 8.1 (CVSS:3.1/AV:N/AC:H/PR:N/UI:N/S:U/C:H/I:H/A:H/E:P/RC:R/MAV:A)"/>
            <system-out>jackson-databind contains the general-purpose data-binding functionality and tree-model for Jackson Data Processor. From 2.10.0 until 2.18.8, 2.21.4, and 3.1.4, BasicPolymorphicTypeValidator.Builder.allowIfSubTypeIsArray() allowlists any array type based only on clazz.isArray(), without validating the array&apos;s component (element) type against the configured allowlist. A PTV built with allowIfSubTypeIsArray() plus an explicit concrete-type allowlist therefore still permits EvilType[] even though EvilType is not allowlisted. When Jackson deserializes the elements and no per-element type IDs are present, it instantiates the component type directly with no further PTV check, bypassing the allowlist. This vulnerability is fixed in 2.18.8, 2.21.4, and 3.1.4.</system-out>
            <system-err>location: /src/document-service-0.0.1-SNAPSHOT.jar/BOOT-INF/lib/jackson-databind-2.21.2.jar, project-references: [  ]</system-err>
        </testcase>
            <testcase classname="CVE-2026-54518" name="pkg:maven/com.fasterxml.jackson.core/jackson-databind@2.21.2">
                <failure message="cvssV3: MEDIUM, score: 6.5 (CVSS:3.1/AV:N/AC:L/PR:N/UI:N/S:U/C:L/I:L/A:N/E:P/RC:R/MAV:A)"/>
            <system-out>jackson-databind contains the general-purpose data-binding functionality and tree-model for Jackson Data Processor. From 2.21.0 until 2.21.4 and 3.1.4, UnwrappedPropertyHandler.processUnwrappedCreatorProperties() replays buffered JSON into creator parameters but never consults prop.visibleInView(activeView). The normal property-based creator path gates creator properties on the active view, but this unwrapped-creator replay path bypasses that check, so a constructor parameter annotated with both @JsonView(AdminView.class) and @JsonUnwrapped is populated from attacker JSON even when a more restrictive view is active. This vulnerability is fixed in 2.21.4 and 3.1.4.</system-out>
            <system-err>location: /src/document-service-0.0.1-SNAPSHOT.jar/BOOT-INF/lib/jackson-databind-2.21.2.jar, project-references: [  ]</system-err>
        </testcase>
            <testcase classname="CVE-2026-54514" name="pkg:maven/com.fasterxml.jackson.core/jackson-databind@2.21.2">
                <failure message="cvssV3: MEDIUM, score: 5.3 (CVSS:3.1/AV:N/AC:L/PR:N/UI:N/S:U/C:L/I:N/A:N/E:P/RC:R/MAV:A)"/>
            <system-out>jackson-databind contains the general-purpose data-binding functionality and tree-model for Jackson Data Processor. From 2.0.0 until 2.18.8, 2.21.4, and 3.1.4, JDKFromStringDeserializer constructed InetSocketAddress with new InetSocketAddress(host, port), which performs eager DNS name resolution for hostname inputs at deserialization time. An application that binds untrusted JSON into a type containing an InetSocketAddress field issues an attacker-chosen DNS query during readValue, before any application-level validation or connect logic. The fix uses InetSocketAddress.createUnresolved(host, port), deferring DNS to an explicit connect. This vulnerability is fixed in 2.18.8, 2.21.4, and 3.1.4.</system-out>
            <system-err>location: /src/document-service-0.0.1-SNAPSHOT.jar/BOOT-INF/lib/jackson-databind-2.21.2.jar, project-references: [  ]</system-err>
        </testcase>
            <testcase classname="CVE-2026-54515" name="pkg:maven/com.fasterxml.jackson.core/jackson-databind@2.21.2">
                <failure message="cvssV3: MEDIUM, score: 5.3 (CVSS:3.1/AV:N/AC:L/PR:N/UI:N/S:U/C:N/I:L/A:N/E:P/RC:R/MAV:A)"/>
            <system-out>jackson-databind contains the general-purpose data-binding functionality and tree-model for Jackson Data Processor. From 2.8.0 until 2.18.9, 2.21.5, and 3.1.4, in BeanDeserializerBase.createContextual(), per-property @JsonIgnoreProperties exclusions are applied by _handleByNameInclusion(), producing a contextual deserializer whose BeanPropertyMap has the ignored properties removed. The subsequent per-property case-insensitivity block (triggered by @JsonFormat(ACCEPT_CASE_INSENSITIVE_PROPERTIES)) rebuilds from this._beanProperties (the original, unfiltered map) instead of contextual._beanProperties, then overwrites the filtered map — restoring every property _handleByNameInclusion had just removed. The ignored property becomes writable again. This vulnerability is fixed in 2.18.9, 2.21.5, and 3.1.4.</system-out>
            <system-err>location: /src/document-service-0.0.1-SNAPSHOT.jar/BOOT-INF/lib/jackson-databind-2.21.2.jar, project-references: [  ]</system-err>
        </testcase>
            <testcase classname="CVE-2026-54516" name="pkg:maven/com.fasterxml.jackson.core/jackson-databind@2.21.2">
                <failure message="cvssV3: MEDIUM, score: 5.3 (CVSS:3.1/AV:N/AC:L/PR:N/UI:N/S:U/C:N/I:L/A:N/E:P/RC:R/MAV:A)"/>
            <system-out>jackson-databind contains the general-purpose data-binding functionality and tree-model for Jackson Data Processor. From 2.21.0 until 2.21.4 and 3.1.4, POJOPropertiesCollector._renameProperties() allows a property with @JsonProperty(&quot;renamed&quot;) on the getter and @JsonIgnore on the setter to be renamed rather than dropped. With MapperFeature.INFER_PROPERTY_MUTATORS enabled (default), the private backing field is retained; during deserialization BeanDeserializerFactory.addBeanProps() sees hasField()==true, builds a FieldProperty, and makes the backing field writable. An attacker supplying the renamed JSON key writes the backing field directly, bypassing the @JsonIgnore on the setter. This vulnerability is fixed in 3.1.4.</system-out>
            <system-err>location: /src/document-service-0.0.1-SNAPSHOT.jar/BOOT-INF/lib/jackson-databind-2.21.2.jar, project-references: [  ]</system-err>
        </testcase>
            <testcase classname="CVE-2026-54517" name="pkg:maven/com.fasterxml.jackson.core/jackson-databind@2.21.2">
                <failure message="cvssV3: MEDIUM, score: 5.3 (CVSS:3.1/AV:N/AC:L/PR:N/UI:N/S:U/C:N/I:L/A:N/E:P/RC:R/MAV:A)"/>
            <system-out>jackson-databind contains the general-purpose data-binding functionality and tree-model for Jackson Data Processor. From 2.21.0 until 2.21.4 and 3.1.4, in BeanDeserializer._deserializeUsingPropertyBased, the active-view (@JsonView) filter was applied only to creator properties; the regular property-buffering branch performed no prop.visibleInView(activeView) check. A change making SetterlessProperty.isMerging() return true routed setterless Collection/Map properties through this unguarded path, so a setterless collection annotated with a restricted @JsonView is populated from attacker JSON even when the active view excludes it. This vulnerability is fixed in 2.21.4 and 3.1.4.</system-out>
            <system-err>location: /src/document-service-0.0.1-SNAPSHOT.jar/BOOT-INF/lib/jackson-databind-2.21.2.jar, project-references: [  ]</system-err>
        </testcase>
    </testsuite>
        <testsuite failures="7" errors="0" time="0" id="36" name="/src/document-service-0.0.1-SNAPSHOT.jar/BOOT-INF/lib/jackson-databind-3.1.2.jar" package="document-service-0.0.1-SNAPSHOT.jar: jackson-databind-3.1.2.jar" skipped="0" tests="7" timestamp="2026-07-25T06:49:25.329879755">
            <testcase classname="CVE-2026-54512" name="pkg:maven/tools.jackson.core/jackson-databind@3.1.2">
                <failure message="cvssV3: HIGH, score: 8.1 (CVSS:3.1/AV:N/AC:H/PR:N/UI:N/S:U/C:H/I:H/A:H/E:P/RC:R/MAV:A)"/>
            <system-out>jackson-databind contains the general-purpose data-binding functionality and tree-model for Jackson Data Processor. From 2.10.0 until 2.18.8, 2.21.4, and 3.1.4, jackson-databind&apos;s PolymorphicTypeValidator (PTV) is the primary safety mechanism guarding polymorphic deserialization. When polymorphic typing is enabled and a type identifier contains generic parameters (i.e. the type ID string contains &lt;), DatabindContext._resolveAndValidateGeneric() validates only the raw container class name (the substring before &lt;) against the configured PTV. If the container type is approved, the method parses the full canonical type string via TypeFactory.constructFromCanonical() and returns the fully parameterized type without ever validating the nested type arguments against the PTV. The nested type arguments are then resolved, instantiated, and populated as beans during deserialization. An attacker who controls the type ID can therefore place a denied class as a generic type parameter of an allowed container — for example java.util.ArrayList&lt;com.evil.Gadget&gt; when only java.util.ArrayList is allow-listed. The container passes the PTV check; com.evil.Gadget is loaded via Class.forName(name, true, loader), instantiated, and its properties are set from attacker-controlled JSON. This completely bypasses an explicitly configured PTV allow-list. This vulnerability is fixed in 2.18.8, 2.21.4, and 3.1.4.</system-out>
            <system-err>location: /src/document-service-0.0.1-SNAPSHOT.jar/BOOT-INF/lib/jackson-databind-3.1.2.jar, project-references: [  ]</system-err>
        </testcase>
            <testcase classname="CVE-2026-54513" name="pkg:maven/tools.jackson.core/jackson-databind@3.1.2">
                <failure message="cvssV3: HIGH, score: 8.1 (CVSS:3.1/AV:N/AC:H/PR:N/UI:N/S:U/C:H/I:H/A:H/E:P/RC:R/MAV:A)"/>
            <system-out>jackson-databind contains the general-purpose data-binding functionality and tree-model for Jackson Data Processor. From 2.10.0 until 2.18.8, 2.21.4, and 3.1.4, BasicPolymorphicTypeValidator.Builder.allowIfSubTypeIsArray() allowlists any array type based only on clazz.isArray(), without validating the array&apos;s component (element) type against the configured allowlist. A PTV built with allowIfSubTypeIsArray() plus an explicit concrete-type allowlist therefore still permits EvilType[] even though EvilType is not allowlisted. When Jackson deserializes the elements and no per-element type IDs are present, it instantiates the component type directly with no further PTV check, bypassing the allowlist. This vulnerability is fixed in 2.18.8, 2.21.4, and 3.1.4.</system-out>
            <system-err>location: /src/document-service-0.0.1-SNAPSHOT.jar/BOOT-INF/lib/jackson-databind-3.1.2.jar, project-references: [  ]</system-err>
        </testcase>
            <testcase classname="CVE-2026-54518" name="pkg:maven/tools.jackson.core/jackson-databind@3.1.2">
                <failure message="cvssV3: MEDIUM, score: 6.5 (CVSS:3.1/AV:N/AC:L/PR:N/UI:N/S:U/C:L/I:L/A:N/E:P/RC:R/MAV:A)"/>
            <system-out>jackson-databind contains the general-purpose data-binding functionality and tree-model for Jackson Data Processor. From 2.21.0 until 2.21.4 and 3.1.4, UnwrappedPropertyHandler.processUnwrappedCreatorProperties() replays buffered JSON into creator parameters but never consults prop.visibleInView(activeView). The normal property-based creator path gates creator properties on the active view, but this unwrapped-creator replay path bypasses that check, so a constructor parameter annotated with both @JsonView(AdminView.class) and @JsonUnwrapped is populated from attacker JSON even when a more restrictive view is active. This vulnerability is fixed in 2.21.4 and 3.1.4.</system-out>
            <system-err>location: /src/document-service-0.0.1-SNAPSHOT.jar/BOOT-INF/lib/jackson-databind-3.1.2.jar, project-references: [  ]</system-err>
        </testcase>
            <testcase classname="CVE-2026-54514" name="pkg:maven/tools.jackson.core/jackson-databind@3.1.2">
                <failure message="cvssV3: MEDIUM, score: 5.3 (CVSS:3.1/AV:N/AC:L/PR:N/UI:N/S:U/C:L/I:N/A:N/E:P/RC:R/MAV:A)"/>
            <system-out>jackson-databind contains the general-purpose data-binding functionality and tree-model for Jackson Data Processor. From 2.0.0 until 2.18.8, 2.21.4, and 3.1.4, JDKFromStringDeserializer constructed InetSocketAddress with new InetSocketAddress(host, port), which performs eager DNS name resolution for hostname inputs at deserialization time. An application that binds untrusted JSON into a type containing an InetSocketAddress field issues an attacker-chosen DNS query during readValue, before any application-level validation or connect logic. The fix uses InetSocketAddress.createUnresolved(host, port), deferring DNS to an explicit connect. This vulnerability is fixed in 2.18.8, 2.21.4, and 3.1.4.</system-out>
            <system-err>location: /src/document-service-0.0.1-SNAPSHOT.jar/BOOT-INF/lib/jackson-databind-3.1.2.jar, project-references: [  ]</system-err>
        </testcase>
            <testcase classname="CVE-2026-54515" name="pkg:maven/tools.jackson.core/jackson-databind@3.1.2">
                <failure message="cvssV3: MEDIUM, score: 5.3 (CVSS:3.1/AV:N/AC:L/PR:N/UI:N/S:U/C:N/I:L/A:N/E:P/RC:R/MAV:A)"/>
            <system-out>jackson-databind contains the general-purpose data-binding functionality and tree-model for Jackson Data Processor. From 2.8.0 until 2.18.9, 2.21.5, and 3.1.4, in BeanDeserializerBase.createContextual(), per-property @JsonIgnoreProperties exclusions are applied by _handleByNameInclusion(), producing a contextual deserializer whose BeanPropertyMap has the ignored properties removed. The subsequent per-property case-insensitivity block (triggered by @JsonFormat(ACCEPT_CASE_INSENSITIVE_PROPERTIES)) rebuilds from this._beanProperties (the original, unfiltered map) instead of contextual._beanProperties, then overwrites the filtered map — restoring every property _handleByNameInclusion had just removed. The ignored property becomes writable again. This vulnerability is fixed in 2.18.9, 2.21.5, and 3.1.4.</system-out>
            <system-err>location: /src/document-service-0.0.1-SNAPSHOT.jar/BOOT-INF/lib/jackson-databind-3.1.2.jar, project-references: [  ]</system-err>
        </testcase>
            <testcase classname="CVE-2026-54516" name="pkg:maven/tools.jackson.core/jackson-databind@3.1.2">
                <failure message="cvssV3: MEDIUM, score: 5.3 (CVSS:3.1/AV:N/AC:L/PR:N/UI:N/S:U/C:N/I:L/A:N/E:P/RC:R/MAV:A)"/>
            <system-out>jackson-databind contains the general-purpose data-binding functionality and tree-model for Jackson Data Processor. From 2.21.0 until 2.21.4 and 3.1.4, POJOPropertiesCollector._renameProperties() allows a property with @JsonProperty(&quot;renamed&quot;) on the getter and @JsonIgnore on the setter to be renamed rather than dropped. With MapperFeature.INFER_PROPERTY_MUTATORS enabled (default), the private backing field is retained; during deserialization BeanDeserializerFactory.addBeanProps() sees hasField()==true, builds a FieldProperty, and makes the backing field writable. An attacker supplying the renamed JSON key writes the backing field directly, bypassing the @JsonIgnore on the setter. This vulnerability is fixed in 3.1.4.</system-out>
            <system-err>location: /src/document-service-0.0.1-SNAPSHOT.jar/BOOT-INF/lib/jackson-databind-3.1.2.jar, project-references: [  ]</system-err>
        </testcase>
            <testcase classname="CVE-2026-54517" name="pkg:maven/tools.jackson.core/jackson-databind@3.1.2">
                <failure message="cvssV3: MEDIUM, score: 5.3 (CVSS:3.1/AV:N/AC:L/PR:N/UI:N/S:U/C:N/I:L/A:N/E:P/RC:R/MAV:A)"/>
            <system-out>jackson-databind contains the general-purpose data-binding functionality and tree-model for Jackson Data Processor. From 2.21.0 until 2.21.4 and 3.1.4, in BeanDeserializer._deserializeUsingPropertyBased, the active-view (@JsonView) filter was applied only to creator properties; the regular property-buffering branch performed no prop.visibleInView(activeView) check. A change making SetterlessProperty.isMerging() return true routed setterless Collection/Map properties through this unguarded path, so a setterless collection annotated with a restricted @JsonView is populated from attacker JSON even when the active view excludes it. This vulnerability is fixed in 2.21.4 and 3.1.4.</system-out>
            <system-err>location: /src/document-service-0.0.1-SNAPSHOT.jar/BOOT-INF/lib/jackson-databind-3.1.2.jar, project-references: [  ]</system-err>
        </testcase>
    </testsuite>
        <testsuite failures="0" errors="0" time="0" id="37" name="/src/document-service-0.0.1-SNAPSHOT.jar/BOOT-INF/lib/jackson-dataformat-yaml-2.21.2.jar" package="document-service-0.0.1-SNAPSHOT.jar: jackson-dataformat-yaml-2.21.2.jar" skipped="0" tests="1" timestamp="2026-07-25T06:49:25.329879755">
            <testcase classname="dependency-check" name="document-service-0.0.1-SNAPSHOT.jar: jackson-dataformat-yaml-2.21.2.jar"/>
    </testsuite>
        <testsuite failures="0" errors="0" time="0" id="38" name="/src/document-service-0.0.1-SNAPSHOT.jar/BOOT-INF/lib/jackson-datatype-jsr310-2.21.2.jar" package="document-service-0.0.1-SNAPSHOT.jar: jackson-datatype-jsr310-2.21.2.jar" skipped="0" tests="1" timestamp="2026-07-25T06:49:25.329879755">
            <testcase classname="dependency-check" name="document-service-0.0.1-SNAPSHOT.jar: jackson-datatype-jsr310-2.21.2.jar"/>
    </testsuite>
        <testsuite failures="0" errors="0" time="0" id="39" name="/src/document-service-0.0.1-SNAPSHOT.jar/BOOT-INF/lib/jakarta.activation-api-2.1.4.jar" package="document-service-0.0.1-SNAPSHOT.jar: jakarta.activation-api-2.1.4.jar" skipped="0" tests="1" timestamp="2026-07-25T06:49:25.329879755">
            <testcase classname="dependency-check" name="document-service-0.0.1-SNAPSHOT.jar: jakarta.activation-api-2.1.4.jar"/>
    </testsuite>
        <testsuite failures="0" errors="0" time="0" id="40" name="/src/document-service-0.0.1-SNAPSHOT.jar/BOOT-INF/lib/jakarta.annotation-api-3.0.0.jar" package="document-service-0.0.1-SNAPSHOT.jar: jakarta.annotation-api-3.0.0.jar" skipped="0" tests="1" timestamp="2026-07-25T06:49:25.329879755">
            <testcase classname="dependency-check" name="document-service-0.0.1-SNAPSHOT.jar: jakarta.annotation-api-3.0.0.jar"/>
    </testsuite>
        <testsuite failures="0" errors="0" time="0" id="41" name="/src/document-service-0.0.1-SNAPSHOT.jar/BOOT-INF/lib/jakarta.inject-api-2.0.1.jar" package="document-service-0.0.1-SNAPSHOT.jar: jakarta.inject-api-2.0.1.jar" skipped="0" tests="1" timestamp="2026-07-25T06:49:25.329879755">
            <testcase classname="dependency-check" name="document-service-0.0.1-SNAPSHOT.jar: jakarta.inject-api-2.0.1.jar"/>
    </testsuite>
        <testsuite failures="0" errors="0" time="0" id="42" name="/src/document-service-0.0.1-SNAPSHOT.jar/BOOT-INF/lib/jakarta.persistence-api-3.2.0.jar" package="document-service-0.0.1-SNAPSHOT.jar: jakarta.persistence-api-3.2.0.jar" skipped="0" tests="1" timestamp="2026-07-25T06:49:25.329879755">
            <testcase classname="dependency-check" name="document-service-0.0.1-SNAPSHOT.jar: jakarta.persistence-api-3.2.0.jar"/>
    </testsuite>
        <testsuite failures="0" errors="0" time="0" id="43" name="/src/document-service-0.0.1-SNAPSHOT.jar/BOOT-INF/lib/jakarta.transaction-api-2.0.1.jar" package="document-service-0.0.1-SNAPSHOT.jar: jakarta.transaction-api-2.0.1.jar" skipped="0" tests="1" timestamp="2026-07-25T06:49:25.329879755">
            <testcase classname="dependency-check" name="document-service-0.0.1-SNAPSHOT.jar: jakarta.transaction-api-2.0.1.jar"/>
    </testsuite>
        <testsuite failures="0" errors="0" time="0" id="44" name="/src/document-service-0.0.1-SNAPSHOT.jar/BOOT-INF/lib/jakarta.validation-api-3.1.1.jar" package="document-service-0.0.1-SNAPSHOT.jar: jakarta.validation-api-3.1.1.jar" skipped="0" tests="1" timestamp="2026-07-25T06:49:25.329879755">
            <testcase classname="dependency-check" name="document-service-0.0.1-SNAPSHOT.jar: jakarta.validation-api-3.1.1.jar"/>
    </testsuite>
        <testsuite failures="0" errors="0" time="0" id="45" name="/src/document-service-0.0.1-SNAPSHOT.jar/BOOT-INF/lib/jakarta.xml.bind-api-4.0.4.jar" package="document-service-0.0.1-SNAPSHOT.jar: jakarta.xml.bind-api-4.0.4.jar" skipped="0" tests="1" timestamp="2026-07-25T06:49:25.329879755">
            <testcase classname="dependency-check" name="document-service-0.0.1-SNAPSHOT.jar: jakarta.xml.bind-api-4.0.4.jar"/>
    </testsuite>
        <testsuite failures="0" errors="0" time="0" id="46" name="/src/document-service-0.0.1-SNAPSHOT.jar/BOOT-INF/lib/jaxb-core-4.0.6.jar" package="document-service-0.0.1-SNAPSHOT.jar: jaxb-core-4.0.6.jar" skipped="0" tests="1" timestamp="2026-07-25T06:49:25.329879755">
            <testcase classname="dependency-check" name="document-service-0.0.1-SNAPSHOT.jar: jaxb-core-4.0.6.jar"/>
    </testsuite>
        <testsuite failures="0" errors="0" time="0" id="47" name="/src/document-service-0.0.1-SNAPSHOT.jar/BOOT-INF/lib/jaxb-runtime-4.0.6.jar" package="document-service-0.0.1-SNAPSHOT.jar: jaxb-runtime-4.0.6.jar" skipped="0" tests="1" timestamp="2026-07-25T06:49:25.329879755">
            <testcase classname="dependency-check" name="document-service-0.0.1-SNAPSHOT.jar: jaxb-runtime-4.0.6.jar"/>
    </testsuite>
        <testsuite failures="0" errors="0" time="0" id="48" name="/src/document-service-0.0.1-SNAPSHOT.jar/BOOT-INF/lib/jboss-logging-3.6.3.Final.jar" package="document-service-0.0.1-SNAPSHOT.jar: jboss-logging-3.6.3.Final.jar" skipped="0" tests="1" timestamp="2026-07-25T06:49:25.329879755">
            <testcase classname="dependency-check" name="document-service-0.0.1-SNAPSHOT.jar: jboss-logging-3.6.3.Final.jar"/>
    </testsuite>
        <testsuite failures="0" errors="0" time="0" id="49" name="/src/document-service-0.0.1-SNAPSHOT.jar/BOOT-INF/lib/json-utils-2.25.0.jar" package="document-service-0.0.1-SNAPSHOT.jar: json-utils-2.25.0.jar" skipped="0" tests="1" timestamp="2026-07-25T06:49:25.329879755">
            <testcase classname="dependency-check" name="document-service-0.0.1-SNAPSHOT.jar: json-utils-2.25.0.jar"/>
    </testsuite>
        <testsuite failures="0" errors="0" time="0" id="50" name="/src/document-service-0.0.1-SNAPSHOT.jar/BOOT-INF/lib/jspecify-1.0.0.jar" package="document-service-0.0.1-SNAPSHOT.jar: jspecify-1.0.0.jar" skipped="0" tests="1" timestamp="2026-07-25T06:49:25.329879755">
            <testcase classname="dependency-check" name="document-service-0.0.1-SNAPSHOT.jar: jspecify-1.0.0.jar"/>
    </testsuite>
        <testsuite failures="0" errors="0" time="0" id="51" name="/src/document-service-0.0.1-SNAPSHOT.jar/BOOT-INF/lib/jul-to-slf4j-2.0.17.jar" package="document-service-0.0.1-SNAPSHOT.jar: jul-to-slf4j-2.0.17.jar" skipped="0" tests="1" timestamp="2026-07-25T06:49:25.329879755">
            <testcase classname="dependency-check" name="document-service-0.0.1-SNAPSHOT.jar: jul-to-slf4j-2.0.17.jar"/>
    </testsuite>
        <testsuite failures="1" errors="0" time="0" id="52" name="/src/document-service-0.0.1-SNAPSHOT.jar/BOOT-INF/lib/kafka-clients-4.1.2.jar" package="document-service-0.0.1-SNAPSHOT.jar: kafka-clients-4.1.2.jar" skipped="0" tests="1" timestamp="2026-07-25T06:49:25.329879755">
            <testcase classname="CVE-2026-41115" name="pkg:maven/org.apache.kafka/kafka-clients@4.1.2">
                <failure message="cvssV3: MEDIUM, score: 4.3 (CVSS:3.1/AV:N/AC:L/PR:L/UI:N/S:U/C:L/I:N/A:N/E:P/RC:R/MAV:A)"/>
            <system-out>An improper authorization vulnerability has been identified in Apache Kafka.

The implementation of the CONSUMER_GROUP_DESCRIBE (69) API validates the DESCRIBE operation on the GROUP resource instead of the READ operation that documented in the official kafka documentation and the KIP-848. This discrepancy can result in misconfigured Access Control Lists (ACLs) and unintended security postures, like granting READ permission to users who should not be able to join/sync groups, or allowing users without READ permission (but with DESCRIBE permission) to access sensitive group metadata.

The correct permission for CONSUMER_GROUP_DESCRIBE API is DESCRIBE GROUP so the current implementation is correct. However, the kafka documentation as well as the KIP-848 will be updated to reflect the correct permission. We advise the Kafka users to review existing group ACLs to ensure the principle of least privilege.</system-out>
            <system-err>location: /src/document-service-0.0.1-SNAPSHOT.jar/BOOT-INF/lib/kafka-clients-4.1.2.jar, project-references: [  ]</system-err>
        </testcase>
    </testsuite>
        <testsuite failures="1" errors="0" time="0" id="53" name="/src/document-service-0.0.1-SNAPSHOT.jar/BOOT-INF/lib/log4j-api-2.25.4.jar" package="document-service-0.0.1-SNAPSHOT.jar: log4j-api-2.25.4.jar" skipped="0" tests="1" timestamp="2026-07-25T06:49:25.329879755">
            <testcase classname="CVE-2026-49844" name="pkg:maven/org.apache.logging.log4j/log4j-api@2.25.4">
                <failure message="cvssV4: MEDIUM, score: 6.3 (CVSS:4.0/AV:N/AC:L/AT:P/PR:N/UI:N/VC:N/VI:N/VA:N/SC:N/SI:L/SA:N/E:X/CR:X/IR:X/AR:X/MAV:X/MAC:X/MAT:X/MPR:X/MUI:X/MVC:X/MVI:X/MVA:X/MSC:X/MSI:X/MSA:X/S:X/AU:X/R:X/V:X/RE:X/U:X)"/>
            <system-out>Improper encoding of non-finite floating-point values during MapMessage JSON serialization in Apache Log4j API produces output that is not valid JSON. This issue affects Apache Log4j API versions 2.13.1 through 2.25.4 and version 2.26.0.

The fix for CVE-2026-34481 did not cover all code paths: when a MapMessage contains a non-finite IEEE 754 value (NaN, Infinity, or -Infinity), MapMessage.asJson() emits the corresponding bare token. RFC 8259 does not permit these tokens, so a conformant parser rejects the resulting document.

The defect is reachable only when both of the following conditions hold:

  *  The application uses the  message resolver https://logging.apache.org/log4j/2.x/manual/json-template-layout.html#event-template-resolver-message  of JsonTemplateLayout or any other layout that relies on MapMessage.asJson() or MapMessage.getFormattedMessage(new String[]{&quot;JSON&quot;}).
  *  The application logs a MapMessage that contains an attacker-controlled floating-point value.


An attacker who can supply a non-finite value can cause the affected layout to emit malformed JSON, which may corrupt the enclosing log record or disrupt downstream log ingestion and parsing.

Users are advised to upgrade to Apache Log4j API 2.25.5 or 2.26.1, both of which emit RFC 8259-compliant JSON for non-finite values.</system-out>
            <system-err>location: /src/document-service-0.0.1-SNAPSHOT.jar/BOOT-INF/lib/log4j-api-2.25.4.jar, project-references: [  ]</system-err>
        </testcase>
    </testsuite>
        <testsuite failures="0" errors="0" time="0" id="54" name="/src/document-service-0.0.1-SNAPSHOT.jar/BOOT-INF/lib/logback-core-1.5.32.jar" package="document-service-0.0.1-SNAPSHOT.jar: logback-core-1.5.32.jar" skipped="0" tests="1" timestamp="2026-07-25T06:49:25.329879755">
            <testcase classname="dependency-check" name="document-service-0.0.1-SNAPSHOT.jar: logback-core-1.5.32.jar"/>
    </testsuite>
        <testsuite failures="0" errors="0" time="0" id="55" name="/src/document-service-0.0.1-SNAPSHOT.jar/BOOT-INF/lib/logstash-logback-encoder-7.4.jar" package="document-service-0.0.1-SNAPSHOT.jar: logstash-logback-encoder-7.4.jar" skipped="0" tests="1" timestamp="2026-07-25T06:49:25.329879755">
            <testcase classname="dependency-check" name="document-service-0.0.1-SNAPSHOT.jar: logstash-logback-encoder-7.4.jar"/>
    </testsuite>
        <testsuite failures="0" errors="0" time="0" id="56" name="/src/document-service-0.0.1-SNAPSHOT.jar/BOOT-INF/lib/lz4-java-1.10.1.jar" package="document-service-0.0.1-SNAPSHOT.jar: lz4-java-1.10.1.jar" skipped="0" tests="1" timestamp="2026-07-25T06:49:25.329879755">
            <testcase classname="dependency-check" name="document-service-0.0.1-SNAPSHOT.jar: lz4-java-1.10.1.jar"/>
    </testsuite>
        <testsuite failures="0" errors="0" time="0" id="57" name="/src/document-service-0.0.1-SNAPSHOT.jar/BOOT-INF/lib/metrics-spi-2.25.0.jar" package="document-service-0.0.1-SNAPSHOT.jar: metrics-spi-2.25.0.jar" skipped="0" tests="1" timestamp="2026-07-25T06:49:25.329879755">
            <testcase classname="dependency-check" name="document-service-0.0.1-SNAPSHOT.jar: metrics-spi-2.25.0.jar"/>
    </testsuite>
        <testsuite failures="0" errors="0" time="0" id="58" name="/src/document-service-0.0.1-SNAPSHOT.jar/BOOT-INF/lib/micrometer-commons-1.16.5.jar" package="document-service-0.0.1-SNAPSHOT.jar: micrometer-commons-1.16.5.jar" skipped="0" tests="1" timestamp="2026-07-25T06:49:25.329879755">
            <testcase classname="dependency-check" name="document-service-0.0.1-SNAPSHOT.jar: micrometer-commons-1.16.5.jar"/>
    </testsuite>
        <testsuite failures="2" errors="0" time="0" id="59" name="/src/document-service-0.0.1-SNAPSHOT.jar/BOOT-INF/lib/mongodb-driver-core-5.6.5.jar" package="document-service-0.0.1-SNAPSHOT.jar: mongodb-driver-core-5.6.5.jar" skipped="0" tests="2" timestamp="2026-07-25T06:49:25.329879755">
            <testcase classname="CVE-2026-9753" name="cpe:2.3:a:mongodb:mongodb:*:*:*:*:-:*:*:* versions up to (excluding) 7.0.35">
                <failure message="cvssV4: HIGH, score: 7.2 (CVSS:4.0/AV:N/AC:L/AT:N/PR:L/UI:N/VC:H/VI:N/VA:H/SC:N/SI:N/SA:N/E:X/CR:X/IR:X/AR:X/MAV:X/MAC:X/MAT:X/MPR:X/MUI:X/MVC:X/MVI:X/MVA:X/MSC:X/MSI:X/MSA:X/S:X/AU:X/R:X/V:X/RE:X/U:X)"/>
            <system-out>The $_internalApplyOplogUpdate aggregation pipeline stage can be used to execute a document diff containing a malformed binary diff to return memory out-of-bounds or crash the server. $_internalApplyOplogUpdate can be executed by any authenticated user with access to the aggregate command.</system-out>
            <system-err>location: /src/document-service-0.0.1-SNAPSHOT.jar/BOOT-INF/lib/mongodb-driver-core-5.6.5.jar, project-references: [  ]</system-err>
        </testcase>
            <testcase classname="CVE-2014-8180" name="cpe:2.3:a:mongodb:mongodb:*:*:*:*:*:*:*:*">
                <failure message="cvssV3: MEDIUM, score: 5.5 (CVSS:3.0/AV:L/AC:L/PR:L/UI:N/S:U/C:N/I:N/A:H/E:P/RC:R/MAV:A)"/>
            <system-out>MongoDB on Red Hat Satellite 6 allows local users to bypass authentication by logging in with an empty password and delete information which can cause a Denial of Service.</system-out>
            <system-err>location: /src/document-service-0.0.1-SNAPSHOT.jar/BOOT-INF/lib/mongodb-driver-core-5.6.5.jar, project-references: [  ]</system-err>
        </testcase>
    </testsuite>
        <testsuite failures="0" errors="0" time="0" id="60" name="/src/document-service-0.0.1-SNAPSHOT.jar/BOOT-INF/lib/netty-common-4.2.12.Final.jar/META-INF/maven/org.jctools/jctools-core/pom.xml" package="document-service-0.0.1-SNAPSHOT.jar: netty-common-4.2.12.Final.jar (shaded: org.jctools:jctools-core:4.0.5)" skipped="0" tests="1" timestamp="2026-07-25T06:49:25.329879755">
            <testcase classname="dependency-check" name="document-service-0.0.1-SNAPSHOT.jar: netty-common-4.2.12.Final.jar (shaded: org.jctools:jctools-core:4.0.5)"/>
    </testsuite>
        <testsuite failures="0" errors="0" time="0" id="61" name="/src/document-service-0.0.1-SNAPSHOT.jar/BOOT-INF/lib/netty-nio-client-2.25.0.jar" package="document-service-0.0.1-SNAPSHOT.jar: netty-nio-client-2.25.0.jar" skipped="0" tests="1" timestamp="2026-07-25T06:49:25.329879755">
            <testcase classname="dependency-check" name="document-service-0.0.1-SNAPSHOT.jar: netty-nio-client-2.25.0.jar"/>
    </testsuite>
        <testsuite failures="38" errors="0" time="0" id="62" name="/src/document-service-0.0.1-SNAPSHOT.jar/BOOT-INF/lib/netty-transport-4.2.12.Final.jar" package="document-service-0.0.1-SNAPSHOT.jar: netty-transport-4.2.12.Final.jar" skipped="0" tests="38" timestamp="2026-07-25T06:49:25.329879755">
            <testcase classname="CVE-2026-45674" name="pkg:maven/io.netty/netty-transport@4.2.12.Final">
                <failure message="cvssV3: CRITICAL, score: 10.0 (CVSS:3.1/AV:N/AC:L/PR:N/UI:N/S:C/C:H/I:H/A:N/E:P/RC:R/MAV:A)"/>
            <system-out>Netty is a network application framework for development of protocol servers and clients. Prior to versions 4.1.135.Final and 4.2.15.Final, Netty&apos;s DnsResolveContext fails to validate the origin (bailiwick) of CNAME records in DNS responses. Versions 4.1.135.Final and 4.2.15.Final patch the issue.</system-out>
            <system-err>location: /src/document-service-0.0.1-SNAPSHOT.jar/BOOT-INF/lib/netty-transport-4.2.12.Final.jar, project-references: [  ]</system-err>
        </testcase>
            <testcase classname="CVE-2026-47691" name="pkg:maven/io.netty/netty-transport@4.2.12.Final">
                <failure message="cvssV3: CRITICAL, score: 10.0 (CVSS:3.1/AV:N/AC:L/PR:N/UI:N/S:C/C:H/I:H/A:N/E:P/RC:R/MAV:A)"/>
            <system-out>Netty is a network application framework for development of protocol servers and clients. Prior to versions 4.1.135.Final and 4.2.15.Final, Netty&apos;s `DnsResolveContext` insufficiently validates the bailiwick of NS records, enabling DNS Cache Poisoning. An attacker controlling an authoritative name server for a subdomain can poison the cache for parent domains (like `.co.uk`). In `io.netty.resolver.dns.DnsResolveContext.AuthoritativeNameServerList#add` method accepts any NS record from the AUTHORITY section as long as the record&apos;s name is a suffix of the questionName. Subsequently, the `handleWithAdditional` method caches the associated A records from the ADDITIONAL section directly into the `authoritativeDnsServerCache` under the parent domain&apos;s key. This bypasses standard bailiwick rules, where a server authoritative for a subdomain should not be trusted to provide authoritative records for its parent. The poisoned cache is then used for all future resolutions under the parent domain&apos;s key. Versions 4.1.135.Final and 4.2.15.Final patch the issue.</system-out>
            <system-err>location: /src/document-service-0.0.1-SNAPSHOT.jar/BOOT-INF/lib/netty-transport-4.2.12.Final.jar, project-references: [  ]</system-err>
        </testcase>
            <testcase classname="CVE-2026-42581" name="pkg:maven/io.netty/netty-transport@4.2.12.Final">
                <failure message="cvssV3: CRITICAL, score: 9.8 (CVSS:3.1/AV:N/AC:L/PR:N/UI:N/S:U/C:H/I:H/A:H/E:P/RC:R/MAV:A)"/>
            <system-out>Netty is an asynchronous, event-driven network application framework. Prior to 4.2.13.Final and 4.1.133.Final, HttpObjectDecoder strips a conflicting Content-Length header when a request carries both Transfer-Encoding: chunked and Content-Length, but only for HTTP/1.1 messages. The guard is absent for HTTP/1.0. An attacker that sends an HTTP/1.0 request with both headers causes Netty to decode the body as chunked while leaving Content-Length intact in the forwarded HttpMessage. Any downstream proxy or handler that trusts Content-Length over Transfer-Encoding will disagree on message boundaries, enabling request smuggling. This vulnerability is fixed in 4.2.13.Final and 4.1.133.Final.</system-out>
            <system-err>location: /src/document-service-0.0.1-SNAPSHOT.jar/BOOT-INF/lib/netty-transport-4.2.12.Final.jar, project-references: [  ]</system-err>
        </testcase>
            <testcase classname="CVE-2026-42579" name="pkg:maven/io.netty/netty-transport@4.2.12.Final">
                <failure message="cvssV3: CRITICAL, score: 9.1 (CVSS:3.1/AV:N/AC:L/PR:N/UI:N/S:U/C:N/I:H/A:H/E:P/RC:R/MAV:A)"/>
            <system-out>Netty is an asynchronous, event-driven network application framework. Prior to 4.2.13.Final and 4.1.133.Final, Netty&apos;s DNS codec does not enforce RFC 1035 domain name constraints during either encoding or decoding. This creates a bidirectional attack surface: malicious DNS responses can exploit the decoder, and user-influenced hostnames can exploit the encoder. This vulnerability is fixed in 4.2.13.Final and 4.1.133.Final.</system-out>
            <system-err>location: /src/document-service-0.0.1-SNAPSHOT.jar/BOOT-INF/lib/netty-transport-4.2.12.Final.jar, project-references: [  ]</system-err>
        </testcase>
            <testcase classname="CVE-2026-42584" name="pkg:maven/io.netty/netty-transport@4.2.12.Final">
                <failure message="cvssV3: CRITICAL, score: 9.1 (CVSS:3.1/AV:N/AC:L/PR:N/UI:N/S:U/C:N/I:H/A:H/E:P/RC:R/MAV:A)"/>
            <system-out>Netty is an asynchronous, event-driven network application framework. Prior to 4.2.13.Final and 4.1.133.Final, HttpClientCodec pairs each inbound response with an outbound request by queue.poll() once per response, including for 1xx. If the client pipelines GET then HEAD and the server sends 103, then 200 with GET body, then 200 for HEAD, the queue pairs HEAD with the first 200. The HEAD rule then skips reading that message’s body, so the GET entity bytes stay on the stream and the following 200 is parsed from the wrong offset. This vulnerability is fixed in 4.2.13.Final and 4.1.133.Final.</system-out>
            <system-err>location: /src/document-service-0.0.1-SNAPSHOT.jar/BOOT-INF/lib/netty-transport-4.2.12.Final.jar, project-references: [  ]</system-err>
        </testcase>
            <testcase classname="CVE-2026-48006" name="pkg:maven/io.netty/netty-transport@4.2.12.Final">
                <failure message="cvssV4: HIGH, score: 8.7 (CVSS:4.0/AV:N/AC:L/AT:N/PR:N/UI:N/VC:N/VI:N/VA:H/SC:N/SI:N/SA:N/E:X/CR:X/IR:X/AR:X/MAV:X/MAC:X/MAT:X/MPR:X/MUI:X/MVC:X/MVI:X/MVA:X/MSC:X/MSI:X/MSA:X/S:X/AU:X/R:X/V:X/RE:X/U:X)"/>
            <system-out>Netty is a network application framework for development of protocol servers and clients. Prior to versions 4.1.135.Final and 4.2.15.Final, the RedisArrayAggregator handler permanently leaks pooled direct-memory buffers when a Redis pipeline connection closes before a RESP array aggregate completes. The handler retains child messages in per-handler state (`depths` field) but defines no `channelInactive`, `handlerRemoved`, or `exceptionCaught` method to release them when the pipeline tears down. Because the leaked buffers are slices of `PooledByteBufAllocator` chunks, they prevent those chunks from being returned to the JVM-wide direct-memory pool. Repeated connection churn by any network peer monotonically drains this shared pool, eventually causing allocation failures on all Netty channels in the process. Versions 4.1.135.Final and 4.2.15.Final patch the issue.</system-out>
            <system-err>location: /src/document-service-0.0.1-SNAPSHOT.jar/BOOT-INF/lib/netty-transport-4.2.12.Final.jar, project-references: [  ]</system-err>
        </testcase>
            <testcase classname="CVE-2026-48059" name="pkg:maven/io.netty/netty-transport@4.2.12.Final">
                <failure message="cvssV4: HIGH, score: 8.7 (CVSS:4.0/AV:N/AC:L/AT:N/PR:N/UI:N/VC:N/VI:N/VA:H/SC:N/SI:N/SA:N/E:X/CR:X/IR:X/AR:X/MAV:X/MAC:X/MAT:X/MPR:X/MUI:X/MVC:X/MVI:X/MVA:X/MSC:X/MSI:X/MSA:X/S:X/AU:X/R:X/V:X/RE:X/U:X)"/>
            <system-out>Netty is a network application framework for development of protocol servers and clients. Prior to versions 4.1.135.Final and 4.2.15.Final, the HAProxy PROXY protocol v2 codec in netty leaks native or heap memory on every connection when a client sends a syntactically valid header containing nested `PP2_TYPE_SSL` TLVs (type-length-value records) at depth two or greater. The leak occurs on the successful parse path — no exception is thrown, the message fires downstream, the decoder removes itself, and the application releases the `HAProxyMessage` normally. Yet the underlying cumulation buffer (a pooled, potentially direct `ByteBuf` allocated by the channel) remains permanently pinned. Versions 4.1.135.Final and 4.2.15.Final patch the issue.</system-out>
            <system-err>location: /src/document-service-0.0.1-SNAPSHOT.jar/BOOT-INF/lib/netty-transport-4.2.12.Final.jar, project-references: [  ]</system-err>
        </testcase>
            <testcase classname="CVE-2026-44249" name="pkg:maven/io.netty/netty-transport@4.2.12.Final">
                <failure message="cvssV3: HIGH, score: 8.1 (CVSS:3.1/AV:N/AC:H/PR:N/UI:N/S:U/C:H/I:H/A:H/E:P/RC:R/MAV:A)"/>
            <system-out>Netty is a network application framework for development of protocol servers and clients. In netty-handler prior to versions 4.1.135.Final and 4.2.15.Final, an attacker can bypass IPv6 subnet rules due to an incorrect masking operation in IpSubnetFilterRule.compareTo(). Valid public IP addresses can bypass the restrictions. Versions 4.1.135.Final and 4.2.15.Final patch the issue.</system-out>
            <system-err>location: /src/document-service-0.0.1-SNAPSHOT.jar/BOOT-INF/lib/netty-transport-4.2.12.Final.jar, project-references: [  ]</system-err>
        </testcase>
            <testcase classname="CVE-2026-42577" name="pkg:maven/io.netty/netty-transport@4.2.12.Final">
                <failure message="cvssV3: HIGH, score: 7.5 (CVSS:3.1/AV:N/AC:L/PR:N/UI:N/S:U/C:N/I:N/A:H/E:P/RC:R/MAV:A)"/>
            <system-out>Netty is an asynchronous, event-driven network application framework. From 4.2.0.Final to 4.2.13.Final , Netty&apos;s epoll transport fails to detect and close TCP connections that receive a RST after being half-closed, leading to stale channels that are never cleaned up and, in some code paths, a 100% CPU busy-loop in the event loop thread. This vulnerability is fixed in 4.2.13.Final.</system-out>
            <system-err>location: /src/document-service-0.0.1-SNAPSHOT.jar/BOOT-INF/lib/netty-transport-4.2.12.Final.jar, project-references: [  ]</system-err>
        </testcase>
            <testcase classname="CVE-2026-42582" name="pkg:maven/io.netty/netty-transport@4.2.12.Final">
                <failure message="cvssV3: HIGH, score: 7.5 (CVSS:3.1/AV:N/AC:L/PR:N/UI:N/S:U/C:N/I:N/A:H/E:P/RC:R/MAV:A)"/>
            <system-out>Netty is an asynchronous, event-driven network application framework. Prior to 4.2.13.Final, when decoding header blocks, the non-Huffman branch of io.netty.handler.codec.http3.QpackDecoder#decodeHuffmanEncodedLiteral may execute new byte[length] for a string literal before verifying that length bytes are actually present in the compressed field section. The wire encoding allows a very large length to be expressed in few bytes. There is no check that length &lt;= in.readableBytes() before new byte[length]. This vulnerability is fixed in 4.2.13.Final.</system-out>
            <system-err>location: /src/document-service-0.0.1-SNAPSHOT.jar/BOOT-INF/lib/netty-transport-4.2.12.Final.jar, project-references: [  ]</system-err>
        </testcase>
            <testcase classname="CVE-2026-42583" name="pkg:maven/io.netty/netty-transport@4.2.12.Final">
                <failure message="cvssV3: HIGH, score: 7.5 (CVSS:3.1/AV:N/AC:L/PR:N/UI:N/S:U/C:N/I:N/A:H/E:P/RC:R/MAV:A)"/>
            <system-out>Netty is an asynchronous, event-driven network application framework. Prior to 4.2.13.Final and 4.1.133.Final, Lz4FrameDecoder allocates a ByteBuf of size decompressedLength (up to 32 MB per block) before LZ4 runs. A peer only needs a 21-byte header plus compressedLength payload bytes - 22 bytes if compressedLength == 1 - to force that allocation. This vulnerability is fixed in 4.2.13.Final and 4.1.133.Final.</system-out>
            <system-err>location: /src/document-service-0.0.1-SNAPSHOT.jar/BOOT-INF/lib/netty-transport-4.2.12.Final.jar, project-references: [  ]</system-err>
        </testcase>
            <testcase classname="CVE-2026-42585" name="pkg:maven/io.netty/netty-transport@4.2.12.Final">
                <failure message="cvssV3: HIGH, score: 7.5 (CVSS:3.1/AV:N/AC:L/PR:N/UI:N/S:U/C:N/I:H/A:N/E:P/RC:R/MAV:A)"/>
            <system-out>Netty is an asynchronous, event-driven network application framework. Prior to 4.2.13.Final and 4.1.133.Final, Netty incorrectly parses malformed Transfer-Encoding, enabling request smuggling attacks. This vulnerability is fixed in 4.2.13.Final and 4.1.133.Final.</system-out>
            <system-err>location: /src/document-service-0.0.1-SNAPSHOT.jar/BOOT-INF/lib/netty-transport-4.2.12.Final.jar, project-references: [  ]</system-err>
        </testcase>
            <testcase classname="CVE-2026-42587" name="pkg:maven/io.netty/netty-transport@4.2.12.Final">
                <failure message="cvssV3: HIGH, score: 7.5 (CVSS:3.1/AV:N/AC:L/PR:N/UI:N/S:U/C:N/I:N/A:H/E:P/RC:R/MAV:A)"/>
            <system-out>Netty is an asynchronous, event-driven network application framework. Prior to 4.2.13.Final and 4.1.133.Final, HttpContentDecompressor accepts a maxAllocation parameter to limit decompression buffer size and prevent decompression bomb attacks. This limit is correctly enforced for gzip and deflate encodings via ZlibDecoder, but is silently ignored when the content encoding is br (Brotli), zstd, or snappy. An attacker can bypass the configured decompression limit by sending a compressed payload with Content-Encoding: br instead of Content-Encoding: gzip, causing unbounded memory allocation and out-of-memory denial of service. The same vulnerability exists in DelegatingDecompressorFrameListener for HTTP/2 connections. This vulnerability is fixed in 4.2.13.Final and 4.1.133.Final.</system-out>
            <system-err>location: /src/document-service-0.0.1-SNAPSHOT.jar/BOOT-INF/lib/netty-transport-4.2.12.Final.jar, project-references: [  ]</system-err>
        </testcase>
            <testcase classname="CVE-2026-44248" name="pkg:maven/io.netty/netty-transport@4.2.12.Final">
                <failure message="cvssV3: HIGH, score: 7.5 (CVSS:3.1/AV:N/AC:L/PR:N/UI:N/S:U/C:N/I:N/A:H/E:P/RC:R/MAV:A)"/>
            <system-out>Netty is an asynchronous, event-driven network application framework. Prior to 4.2.13.Final and 4.1.133.Final, the MQTT 5 header Properties section is parsed and buffered before any message size limit is applied. Specifically, in MqttDecoder, the decodeVariableHeader() method is called before the bytesRemainingBeforeVariableHeader &gt; maxBytesInMessage check. The decodeVariableHeader() can call other methods which will call decodeProperties(). Effectively, Netty does not apply any limits to the size of the properties being decoded. Additionally, because MqttDecoder extends ReplayingDecoder, Netty will repeatedly re-parse the enormous Properties sections and buffer the bytes in memory, until the entire thing parses to completion. This can cause high resource usage in both CPU and memory. This vulnerability is fixed in 4.2.13.Final and 4.1.133.Final.</system-out>
            <system-err>location: /src/document-service-0.0.1-SNAPSHOT.jar/BOOT-INF/lib/netty-transport-4.2.12.Final.jar, project-references: [  ]</system-err>
        </testcase>
            <testcase classname="CVE-2026-44250" name="pkg:maven/io.netty/netty-transport@4.2.12.Final">
                <failure message="cvssV3: HIGH, score: 7.5 (CVSS:3.1/AV:N/AC:L/PR:N/UI:N/S:U/C:N/I:N/A:H/E:P/RC:R/MAV:A)"/>
            <system-out>Netty is a network application framework for development of protocol servers and clients. In netty-codec-redis prior to versions 4.1.135.Final and 4.2.15.Final, an attacker can cause DoS by sending a crafted Redis payload with deeply nested arrays. This forces the server to allocate a massive number of state objects and collections, leading to memory exhaustion and an OutOfMemoryError. Versions 4.1.135.Final and 4.2.15.Final patch the issue.</system-out>
            <system-err>location: /src/document-service-0.0.1-SNAPSHOT.jar/BOOT-INF/lib/netty-transport-4.2.12.Final.jar, project-references: [  ]</system-err>
        </testcase>
            <testcase classname="CVE-2026-44890" name="pkg:maven/io.netty/netty-transport@4.2.12.Final">
                <failure message="cvssV3: HIGH, score: 7.5 (CVSS:3.1/AV:N/AC:L/PR:N/UI:N/S:U/C:N/I:N/A:H/E:P/RC:R/MAV:A)"/>
            <system-out>Netty is a network application framework for development of protocol servers and clients. In netty-codec-redis prior to versions 4.1.135.Final and 4.2.15.Final, an attacker can cause DoS by sending crafted Redis payloads across multiple connections without `\r\n`. This exhausts the server&apos;s direct memory pool (OutOfDirectMemoryError), preventing legitimate connections from being processed. Versions 4.1.135.Final and 4.2.15.Final patch the issue.</system-out>
            <system-err>location: /src/document-service-0.0.1-SNAPSHOT.jar/BOOT-INF/lib/netty-transport-4.2.12.Final.jar, project-references: [  ]</system-err>
        </testcase>
            <testcase classname="CVE-2026-44891" name="pkg:maven/io.netty/netty-transport@4.2.12.Final">
                <failure message="cvssV3: HIGH, score: 7.5 (CVSS:3.1/AV:N/AC:L/PR:N/UI:N/S:U/C:N/I:N/A:H/E:P/RC:R/MAV:A)"/>
            <system-out>Netty is a network application framework for development of protocol servers and clients. Prior to 4.1.136.Final and 4.2.16.Final, io.netty.handler.codec.stomp.StompSubframeDecoder fails to limit the total number of headers or their cumulative size per frame, and the maxLineLength parameter only restricts individual header lines. An attacker can send a large number of short headers that are accumulated in memory inside DefaultStompHeadersSubframe until the JVM throws an OutOfMemoryError, causing denial of service for servers exposing a STOMP endpoint based on StompSubframeDecoder. This issue is fixed in versions 4.1.136.Final and 4.2.16.Final.</system-out>
            <system-err>location: /src/document-service-0.0.1-SNAPSHOT.jar/BOOT-INF/lib/netty-transport-4.2.12.Final.jar, project-references: [  ]</system-err>
        </testcase>
            <testcase classname="CVE-2026-44892" name="pkg:maven/io.netty/netty-transport@4.2.12.Final">
                <failure message="cvssV3: HIGH, score: 7.5 (CVSS:3.1/AV:N/AC:L/PR:N/UI:N/S:U/C:N/I:N/A:H/E:P/RC:R/MAV:A)"/>
            <system-out>Netty is a network application framework for development of protocol servers and clients. Prior to version 4.2.15.Final, the default configuration of the `Http3ConnectionHandler` in the Netty HTTP/3 codec lacks an enforced maximum header size limit. When a peer does not explicitly specify `HTTP3_SETTINGS_MAX_FIELD_SECTION_SIZE`, the implementation defaults to an unbounded limit. This insecure default configuration allows a malicious client or server to send an enormous number of headers, leading to a memory exhaustion Denial of Service via an `OutOfMemoryError`. Version 4.2.15.Final contains a patch.</system-out>
            <system-err>location: /src/document-service-0.0.1-SNAPSHOT.jar/BOOT-INF/lib/netty-transport-4.2.12.Final.jar, project-references: [  ]</system-err>
        </testcase>
            <testcase classname="CVE-2026-44893" name="pkg:maven/io.netty/netty-transport@4.2.12.Final">
                <failure message="cvssV3: HIGH, score: 7.5 (CVSS:3.1/AV:N/AC:L/PR:N/UI:N/S:U/C:N/I:N/A:H/E:P/RC:R/MAV:A)"/>
            <system-out>Netty is a network application framework for development of protocol servers and clients. In netty-codec-haproxy prior to versions 4.1.135.Final and 4.2.15.Final, when decoding a PP2_TYPE_SSL TLV, HAProxyMessage.readNextTLV() first calls `header.retainedSlice(header.readerIndex(), length)` and only then reads the 1-byte client field and 4-byte verify field. If the attacker sets the TLV length below 5, the subsequent readByte/readInt throws IndexOutOfBoundsException. HAProxyMessageDecoder only catches HAProxyProtocolException around this call, so the IOOBE propagates and the retained slice on the pooled cumulation buffer is never released. Versions 4.1.135.Final and 4.2.15.Final patch the issue.</system-out>
            <system-err>location: /src/document-service-0.0.1-SNAPSHOT.jar/BOOT-INF/lib/netty-transport-4.2.12.Final.jar, project-references: [  ]</system-err>
        </testcase>
            <testcase classname="CVE-2026-44894" name="pkg:maven/io.netty/netty-transport@4.2.12.Final">
                <failure message="cvssV3: HIGH, score: 7.5 (CVSS:3.1/AV:N/AC:L/PR:N/UI:N/S:U/C:N/I:H/A:N/E:P/RC:R/MAV:A)"/>
            <system-out>Netty is a network application framework for development of protocol servers and clients. NoQuicTokenHandler is the tokenHandler used when the application does not set one. Prior to version 4.2.15.Final, its writeToken() returns false (server will not send Retry — acceptable), but validateToken() unconditionally `return 0`. In QuicheQuicServerCodec.handlePacket(), a non-negative return from validateToken() is interpreted as &apos;token is valid, ODCID starts at offset 0&apos;, causing the server to call quiche_accept as if the client&apos;s address had been validated by a Retry round-trip. Per RFC 9000 §8.1, a validated address lifts the 3× anti-amplification send limit. Thus any attacker who includes ANY non-empty token bytes in an Initial packet — with a spoofed victim source IP — causes the Netty server to treat the victim as validated and reflect full-size handshake flights (certificates, etc.) toward it without the 3× cap. The correct &apos;no token handler&apos; semantics would be to return -1 (invalid) so the normal un-validated path and amplification limit apply. Version 4.2.15.Final patches the issue.</system-out>
            <system-err>location: /src/document-service-0.0.1-SNAPSHOT.jar/BOOT-INF/lib/netty-transport-4.2.12.Final.jar, project-references: [  ]</system-err>
        </testcase>
            <testcase classname="CVE-2026-45416" name="pkg:maven/io.netty/netty-transport@4.2.12.Final">
                <failure message="cvssV3: HIGH, score: 7.5 (CVSS:3.1/AV:N/AC:L/PR:N/UI:N/S:U/C:N/I:N/A:H/E:P/RC:R/MAV:A)"/>
            <system-out>Netty is a network application framework for development of protocol servers and clients. Prior to versions 4.1.135.Final and 4.2.15.Final, SslClientHelloHandler.decode() reads the 24-bit TLS handshake length and, when the ClientHello does not fit in the first record, eagerly allocates `ctx.alloc().buffer(handshakeLength)` (line 161). The guard at line 140 is `handshakeLength &gt; maxClientHelloLength &amp;&amp; maxClientHelloLength != 0`, and the commonly-used SniHandler/AbstractSniHandler constructors (SniHandler(Mapping), SniHandler(AsyncMapping), AbstractSniHandler()) pass maxClientHelloLength=0 and handshakeTimeoutMillis=0, so the length guard is disabled and no timeout is scheduled. A 16 MiB request exceeds the default pooled chunk size and becomes a huge/unpooled allocation performed immediately. The buffer is retained in the handler until the channel closes. Versions 4.1.135.Final and 4.2.15.Final patch the issue.</system-out>
            <system-err>location: /src/document-service-0.0.1-SNAPSHOT.jar/BOOT-INF/lib/netty-transport-4.2.12.Final.jar, project-references: [  ]</system-err>
        </testcase>
            <testcase classname="CVE-2026-46340" name="pkg:maven/io.netty/netty-transport@4.2.12.Final">
                <failure message="cvssV3: HIGH, score: 7.5 (CVSS:3.1/AV:N/AC:L/PR:N/UI:N/S:U/C:N/I:N/A:H/E:P/RC:R/MAV:A)"/>
[...]
                <failure message="unscored severity: low"/>
            <system-out>DOMPurify: `IN_PLACE` mode trusts attacker-controlled `nodeName` on live non-form nodes, allowing script retention and XSS via attacker-supplied DOM objects</system-out>
            <system-err>location: /src/document-service-0.0.1-SNAPSHOT.jar/BOOT-INF/lib/swagger-ui-5.18.3.jar/META-INF/resources/webjars/swagger-ui/5.18.3/swagger-ui-es-bundle.js, project-references: [  ]</system-err>
        </testcase>
            <testcase classname="GHSA-c2j3-45gr-mqc4" name="pkg:javascript/DOMPurify@3.1.6">
                <failure message="unscored severity: low"/>
            <system-out>DOMPurify: `CUSTOM_ELEMENT_HANDLING` bypasses `afterSanitizeElements` for allowed custom elements.</system-out>
            <system-err>location: /src/document-service-0.0.1-SNAPSHOT.jar/BOOT-INF/lib/swagger-ui-5.18.3.jar/META-INF/resources/webjars/swagger-ui/5.18.3/swagger-ui-es-bundle.js, project-references: [  ]</system-err>
        </testcase>
    </testsuite>
        <testsuite failures="0" errors="0" time="0" id="113" name="/src/document-service-0.0.1-SNAPSHOT.jar/BOOT-INF/lib/swagger-ui-5.18.3.jar/META-INF/resources/webjars/swagger-ui/5.18.3/swagger-ui-standalone-preset.js" package="document-service-0.0.1-SNAPSHOT.jar: swagger-ui-5.18.3.jar: swagger-ui-standalone-preset.js" skipped="0" tests="1" timestamp="2026-07-25T06:49:25.329879755">
            <testcase classname="dependency-check" name="document-service-0.0.1-SNAPSHOT.jar: swagger-ui-5.18.3.jar: swagger-ui-standalone-preset.js"/>
    </testsuite>
        <testsuite failures="0" errors="0" time="0" id="114" name="/src/document-service-0.0.1-SNAPSHOT.jar/BOOT-INF/lib/swagger-ui-5.18.3.jar/META-INF/resources/webjars/swagger-ui/5.18.3/swagger-ui.js" package="document-service-0.0.1-SNAPSHOT.jar: swagger-ui-5.18.3.jar: swagger-ui.js" skipped="0" tests="1" timestamp="2026-07-25T06:49:25.329879755">
            <testcase classname="dependency-check" name="document-service-0.0.1-SNAPSHOT.jar: swagger-ui-5.18.3.jar: swagger-ui.js"/>
    </testsuite>
        <testsuite failures="0" errors="0" time="0" id="115" name="/src/document-service-0.0.1-SNAPSHOT.jar/BOOT-INF/lib/third-party-jackson-core-2.25.0.jar" package="document-service-0.0.1-SNAPSHOT.jar: third-party-jackson-core-2.25.0.jar" skipped="0" tests="1" timestamp="2026-07-25T06:49:25.329879755">
            <testcase classname="dependency-check" name="document-service-0.0.1-SNAPSHOT.jar: third-party-jackson-core-2.25.0.jar"/>
    </testsuite>
        <testsuite failures="15" errors="0" time="0" id="116" name="/src/document-service-0.0.1-SNAPSHOT.jar/BOOT-INF/lib/tomcat-embed-core-11.0.21.jar" package="document-service-0.0.1-SNAPSHOT.jar: tomcat-embed-core-11.0.21.jar" skipped="0" tests="15" timestamp="2026-07-25T06:49:25.329879755">
            <testcase classname="CVE-2026-41293" name="pkg:maven/org.apache.tomcat.embed/tomcat-embed-core@11.0.21">
                <failure message="cvssV3: CRITICAL, score: 9.8 (CVSS:3.1/AV:N/AC:L/PR:N/UI:N/S:U/C:H/I:H/A:H/E:P/RC:R/MAV:A)"/>
            <system-out>Improper Input Validation vulnerability in Apache Tomcat.

This issue affects Apache Tomcat: from 11.0.0-M1 through 11.0.21, from 10.1.0-M1 through 10.1.54, from 9.0.0.M1 through 9.0.117, from 10.0.0-M1 through 10.0.27.
Older, end of support versions may also be affected.

Users are recommended to upgrade to version [FIXED_VERSION], which fixes the issue.</system-out>
            <system-err>location: /src/document-service-0.0.1-SNAPSHOT.jar/BOOT-INF/lib/tomcat-embed-core-11.0.21.jar, project-references: [  ]</system-err>
        </testcase>
            <testcase classname="CVE-2026-43512" name="pkg:maven/org.apache.tomcat.embed/tomcat-embed-core@11.0.21">
                <failure message="cvssV3: CRITICAL, score: 9.8 (CVSS:3.1/AV:N/AC:L/PR:N/UI:N/S:U/C:H/I:H/A:H/E:P/RC:R/MAV:A)"/>
            <system-out>DEPRECATED: Authentication Bypass Issues vulnerability in digest authentication in Apache Tomcat.

This issue affects Apache Tomcat: from 11.0.0-M1 through 11.0.21, from 10.1.0-M1 through 10.1.54, from 9.0.0.M1 through 9.0.117, from 8.5.0 through 8.5.100, from before 7.0.0.
Older unsupported versions any also be affect

Users are recommended to upgrade to version 11.0.22, 10.1.55 or 9.0.118 which fix the issue.</system-out>
            <system-err>location: /src/document-service-0.0.1-SNAPSHOT.jar/BOOT-INF/lib/tomcat-embed-core-11.0.21.jar, project-references: [  ]</system-err>
        </testcase>
            <testcase classname="CVE-2026-43515" name="pkg:maven/org.apache.tomcat.embed/tomcat-embed-core@11.0.21">
                <failure message="cvssV3: CRITICAL, score: 9.1 (CVSS:3.1/AV:N/AC:L/PR:N/UI:N/S:U/C:H/I:H/A:N/E:P/RC:R/MAV:A)"/>
            <system-out>Improper Authorization vulnerability when multiple method constraints define an HTTP method for the same extension in Apache Tomcat.

This issue affects Apache Tomcat: from 11.0.0-M1 through 11.0.21, from 10.1.0-M1 through 10.1.54, from 9.0.0.M1 through 9.0.117, from 8.5.0 through 8.5.100, from 7.0.0 through 7.0.109.

Users are recommended to upgrade to version 11.0.22, 10.1.55 or 9.0.118 which fix the issue.</system-out>
            <system-err>location: /src/document-service-0.0.1-SNAPSHOT.jar/BOOT-INF/lib/tomcat-embed-core-11.0.21.jar, project-references: [  ]</system-err>
        </testcase>
            <testcase classname="CVE-2026-53434" name="pkg:maven/org.apache.tomcat.embed/tomcat-embed-core@11.0.21">
                <failure message="cvssV3: CRITICAL, score: 9.1 (CVSS:3.1/AV:N/AC:L/PR:N/UI:N/S:U/C:H/I:H/A:N/E:P/RC:R/MAV:A)"/>
            <system-out>Detection of Error Condition Without Action vulnerability in Apache Tomcat when configuring CRLs for a FFM based connector.

This issue affects Apache Tomcat: from 11.0.0-M1 through 11.0.22, from 10.1.0-M7 through 10.1.55, from 9.0.83 through 9.0.118.

Users are recommended to upgrade to version 11.0.23, 10.1.56 or 9.0.119, which fixes the issue.</system-out>
            <system-err>location: /src/document-service-0.0.1-SNAPSHOT.jar/BOOT-INF/lib/tomcat-embed-core-11.0.21.jar, project-references: [  ]</system-err>
        </testcase>
            <testcase classname="CVE-2026-55276" name="pkg:maven/org.apache.tomcat.embed/tomcat-embed-core@11.0.21">
                <failure message="cvssV3: CRITICAL, score: 9.1 (CVSS:3.1/AV:N/AC:L/PR:N/UI:N/S:U/C:H/I:H/A:N/E:P/RC:R/MAV:A)"/>
            <system-out>Always-Incorrect Control Flow Implementation vulnerability in Apache Tomcat meant that special roles and empty authorisation constraints were not included when the effective web.xml was logged.

This issue affects Apache Tomcat: from 11.0.0-M1 through 11.0.22, from 10.1.0-M1 through 10.1.55, from 9.0.0.M1 through 9.0.118, from 8.5.0 through 8.5.100. Other versions that have reached end of support may also be affected.

Users are recommended to upgrade to version 11.0.23, 10.1.56 or 9.0.119 which fixes the issue.</system-out>
            <system-err>location: /src/document-service-0.0.1-SNAPSHOT.jar/BOOT-INF/lib/tomcat-embed-core-11.0.21.jar, project-references: [  ]</system-err>
        </testcase>
            <testcase classname="CVE-2026-59083" name="pkg:maven/org.apache.tomcat.embed/tomcat-embed-core@11.0.21">
                <failure message="cvssV3: CRITICAL, score: 9.1 (CVSS:3.1/AV:N/AC:L/PR:N/UI:N/S:U/C:H/I:H/A:N/E:P/RC:R/MAV:A)"/>
            <system-out>Improper Handling of URL Encoding (Hex Encoding) vulnerability in Apache Tomcat&apos;s rewrite valve allowed security constraint bypass for some configurations.

This issue affects Apache Tomcat: from 11.0.0-M1 through 11.0.23, from 10.1.0-M1 through 10.1.56, from 9.0.0.M1 through 9.0.119, from 8.5.0 through 8.5.100. Other versions that have reached end of support may also be affected.

Users are recommended to upgrade to version 11.0.24, 10.1.57 or 9.0.120, which fix the issue.</system-out>
            <system-err>location: /src/document-service-0.0.1-SNAPSHOT.jar/BOOT-INF/lib/tomcat-embed-core-11.0.21.jar, project-references: [  ]</system-err>
        </testcase>
            <testcase classname="CVE-2026-59084" name="pkg:maven/org.apache.tomcat.embed/tomcat-embed-core@11.0.21">
                <failure message="cvssV3: CRITICAL, score: 9.1 (CVSS:3.1/AV:N/AC:L/PR:N/UI:N/S:U/C:H/I:H/A:N/E:P/RC:R/MAV:A)"/>
            <system-out>Insufficient Technical Documentation vulnerability in Apache Tomcat since the requirements to securely configure the EncryptInterceptor were not clearly documented.

This issue affects Apache Tomcat: from 11.0.0-M1 through 11.0.23, from 10.1.0-M1 through 10.1.56, from 9.0.13 through 9.0.119, from 8.5.38 through 8.5.100, from 7.0.100 through 7.0.109. Other versions that have reached end of support may also be affected.

Users are recommended to upgrade to version 11.0.24, 10.1.57 or 9.0.120 which fix the issue.</system-out>
            <system-err>location: /src/document-service-0.0.1-SNAPSHOT.jar/BOOT-INF/lib/tomcat-embed-core-11.0.21.jar, project-references: [  ]</system-err>
        </testcase>
            <testcase classname="CVE-2026-41284" name="pkg:maven/org.apache.tomcat.embed/tomcat-embed-core@11.0.21">
                <failure message="cvssV3: HIGH, score: 7.5 (CVSS:3.1/AV:N/AC:L/PR:N/UI:N/S:U/C:N/I:N/A:H/E:P/RC:R/MAV:A)"/>
            <system-out>Allocation of Resources Without Limits or Throttling vulnerability in Apache Tomcat.

This issue affects Apache Tomcat: from 11.0.0-M1 through 11.0.21, from 10.1.0-M1 through 10.1.54, from 9.0.0.M1 through 9.0.117.
Older, unsupported versions may also be affected.

Users are recommended to upgrade to version [FIXED_VERSION], which fixes the issue.</system-out>
            <system-err>location: /src/document-service-0.0.1-SNAPSHOT.jar/BOOT-INF/lib/tomcat-embed-core-11.0.21.jar, project-references: [  ]</system-err>
        </testcase>
            <testcase classname="CVE-2026-43513" name="pkg:maven/org.apache.tomcat.embed/tomcat-embed-core@11.0.21">
                <failure message="cvssV3: HIGH, score: 7.5 (CVSS:3.1/AV:N/AC:L/PR:N/UI:N/S:U/C:H/I:N/A:N/E:P/RC:R/MAV:A)"/>
            <system-out>Improper Handling of Case Sensitivity vulnerability in LockOutRealm in Apache Tomcat.

This issue affects Apache Tomcat: from 11.0.0-M1 through 11.0.21, from 10.1.0-M1 through 10.1.54, from 9.0.0.M1 through 9.0.117, from 8.5.0 through 8.5.100, from 7.0.0 through 7.0.109.
Older unsupported versions may also be affected.

Users are recommended to upgrade to version 11.0.22, 10.1.55 or 9.0.118 which fix the issue.</system-out>
            <system-err>location: /src/document-service-0.0.1-SNAPSHOT.jar/BOOT-INF/lib/tomcat-embed-core-11.0.21.jar, project-references: [  ]</system-err>
        </testcase>
            <testcase classname="CVE-2026-42498" name="pkg:maven/org.apache.tomcat.embed/tomcat-embed-core@11.0.21">
                <failure message="cvssV3: HIGH, score: 7.3 (CVSS:3.1/AV:N/AC:L/PR:N/UI:N/S:U/C:L/I:L/A:L/E:P/RC:R/MAV:A)"/>
            <system-out>Exposure of HTTP Authentication Header to unexpected hosts during WebSocket authentication vulnerability in Apache Tomcat.

This issue affects Apache Tomcat: from 11.0.0-M1 through 11.0.21, from 10.1.0-M1 through 10.1.54, from 9.0.2 through 9.0.117, from 8.5.24 through 8.5.100, from 7.0.83 through 7.0.109.

Users are recommended to upgrade to version 11.0.22, 10.1.55 or 9.0.118, which fix the issue.</system-out>
            <system-err>location: /src/document-service-0.0.1-SNAPSHOT.jar/BOOT-INF/lib/tomcat-embed-core-11.0.21.jar, project-references: [  ]</system-err>
        </testcase>
            <testcase classname="CVE-2026-53404" name="pkg:maven/org.apache.tomcat.embed/tomcat-embed-core@11.0.21">
                <failure message="cvssV3: HIGH, score: 7.3 (CVSS:3.1/AV:N/AC:L/PR:N/UI:N/S:U/C:L/I:L/A:L/E:P/RC:R/MAV:A)"/>
            <system-out>Always-Incorrect Control Flow Implementation vulnerability in Apache Tomcat&apos;s rewrite valve meant that if the first condition in an OR chain matched, subsequent non-OR conditions were skipped.

This issue affects Apache Tomcat: from 11.0.0-M1 through 11.0.22, from 10.1.0-M1 through 10.1.55, from 9.0.0.M1 through 9.0.118, from 8.5.0 through 8.5.100. Other versions that have reached end of support may also be affected.

Users are recommended to upgrade to version 11.0.23, 10.1.56 or 9.0.119, which fix the issue.</system-out>
            <system-err>location: /src/document-service-0.0.1-SNAPSHOT.jar/BOOT-INF/lib/tomcat-embed-core-11.0.21.jar, project-references: [  ]</system-err>
        </testcase>
            <testcase classname="CVE-2026-55955" name="pkg:maven/org.apache.tomcat.embed/tomcat-embed-core@11.0.21">
                <failure message="cvssV3: MEDIUM, score: 6.5 (CVSS:3.1/AV:N/AC:L/PR:N/UI:N/S:U/C:L/I:L/A:N/E:P/RC:R/MAV:A)"/>
            <system-out>Improper Authentication vulnerability in Apache Tomcat allowed a replay attack against the EncryptionInterceptor in the cluster component.

This issue affects Apache Tomcat: from 11.0.0-M1 through 11.0.22, from 10.1.0-M1 through 10.1.55, from 9.0.13 through 9.0.18, from 8.5.38 through 8.5.100, from 7.0.100 through 7.0.109.

Users are recommended to upgrade to version 11.0.23, 10.1.56, 9.0.119, which fixes the issue.</system-out>
            <system-err>location: /src/document-service-0.0.1-SNAPSHOT.jar/BOOT-INF/lib/tomcat-embed-core-11.0.21.jar, project-references: [  ]</system-err>
        </testcase>
            <testcase classname="CVE-2026-55956" name="pkg:maven/org.apache.tomcat.embed/tomcat-embed-core@11.0.21">
                <failure message="cvssV3: MEDIUM, score: 6.5 (CVSS:3.1/AV:N/AC:L/PR:N/UI:N/S:U/C:L/I:L/A:N/E:P/RC:R/MAV:A)"/>
            <system-out>Improper Authorization vulnerability in Apache Tomcat leads to security constraints specified for the default servlet ignoring any method or method omission configured as part of the constraint.

This issue affects Apache Tomcat: from 11.0.0-M1 through 11.0.22, from 10.1.0-M1 through 10.1.55, from 9.0.0.M1 through 9.0.118, from 8.5.0 through 8.5.100, from 7.0.0 through 7.0.109. Other versions that have reached end of support may also be affected.

Users are recommended to upgrade to version 11.0.23, 10.1.56 or 9.0.119, which fix the issue.</system-out>
            <system-err>location: /src/document-service-0.0.1-SNAPSHOT.jar/BOOT-INF/lib/tomcat-embed-core-11.0.21.jar, project-references: [  ]</system-err>
        </testcase>
            <testcase classname="CVE-2026-50229" name="pkg:maven/org.apache.tomcat.embed/tomcat-embed-core@11.0.21">
                <failure message="cvssV3: MEDIUM, score: 6.1 (CVSS:3.1/AV:N/AC:L/PR:N/UI:R/S:C/C:L/I:L/A:N/E:P/RC:R/MAV:A)"/>
            <system-out>Improper Neutralization of Script-Related HTML Tags in a Web Page (Basic XSS) vulnerability in the number guess example for Apache Tomcat.

This issue affects Apache Tomcat: from 11.0.0-M1 through 11.0.22, from 10.1.0-M1 through 10.1.55, from 9.0.0.M1 through 9.0.118, from 8.5.0 through 8.5.100, from 7.0.0 through 7.0.109. Other versions that have reached end of support may also be affected.

Users are recommended to upgrade to version 11.0.23, 10.1.56 or 9.0.119, which fix the issue.</system-out>
            <system-err>location: /src/document-service-0.0.1-SNAPSHOT.jar/BOOT-INF/lib/tomcat-embed-core-11.0.21.jar, project-references: [  ]</system-err>
        </testcase>
            <testcase classname="CVE-2026-43514" name="pkg:maven/org.apache.tomcat.embed/tomcat-embed-core@11.0.21">
                <failure message="cvssV3: LOW, score: 3.7 (CVSS:3.1/AV:N/AC:H/PR:N/UI:N/S:U/C:L/I:N/A:N/E:P/RC:R/MAV:A)"/>
            <system-out>Observable Timing Discrepancy vulnerability when comparing AJP secret in Apache Tomcat.

This issue affects Apache Tomcat: from 11.0.0-M1 through 11.0.21, from 10.1.0-M1 through 10.1.54, from 9.0.0.M1 through 9.0.117, from 8.5.0 through 8.5.100, from 7.0.0 through 7.0.109.
Older unsupported versions may also be affected.

Users are recommended to upgrade to version 11.0.22, 10.1.55 or 9.0.118 which fix the issue.</system-out>
            <system-err>location: /src/document-service-0.0.1-SNAPSHOT.jar/BOOT-INF/lib/tomcat-embed-core-11.0.21.jar, project-references: [  ]</system-err>
        </testcase>
    </testsuite>
        <testsuite failures="0" errors="0" time="0" id="117" name="/src/document-service-0.0.1-SNAPSHOT.jar/BOOT-INF/lib/tomcat-embed-el-11.0.21.jar" package="document-service-0.0.1-SNAPSHOT.jar: tomcat-embed-el-11.0.21.jar" skipped="0" tests="1" timestamp="2026-07-25T06:49:25.329879755">
            <testcase classname="dependency-check" name="document-service-0.0.1-SNAPSHOT.jar: tomcat-embed-el-11.0.21.jar"/>
    </testsuite>
        <testsuite failures="0" errors="0" time="0" id="118" name="/src/document-service-0.0.1-SNAPSHOT.jar/BOOT-INF/lib/txw2-4.0.6.jar" package="document-service-0.0.1-SNAPSHOT.jar: txw2-4.0.6.jar" skipped="0" tests="1" timestamp="2026-07-25T06:49:25.329879755">
            <testcase classname="dependency-check" name="document-service-0.0.1-SNAPSHOT.jar: txw2-4.0.6.jar"/>
    </testsuite>
        <testsuite failures="0" errors="0" time="0" id="119" name="/src/document-service-0.0.1-SNAPSHOT.jar/BOOT-INF/lib/utils-2.25.0.jar" package="document-service-0.0.1-SNAPSHOT.jar: utils-2.25.0.jar" skipped="0" tests="1" timestamp="2026-07-25T06:49:25.329879755">
            <testcase classname="dependency-check" name="document-service-0.0.1-SNAPSHOT.jar: utils-2.25.0.jar"/>
    </testsuite>
        <testsuite failures="0" errors="0" time="0" id="120" name="/src/document-service-0.0.1-SNAPSHOT.jar/BOOT-INF/lib/webjars-locator-lite-1.1.3.jar" package="document-service-0.0.1-SNAPSHOT.jar: webjars-locator-lite-1.1.3.jar" skipped="0" tests="1" timestamp="2026-07-25T06:49:25.329879755">
            <testcase classname="dependency-check" name="document-service-0.0.1-SNAPSHOT.jar: webjars-locator-lite-1.1.3.jar"/>
    </testsuite>
        <testsuite failures="0" errors="0" time="0" id="121" name="/src/document-service-0.0.1-SNAPSHOT.jar/BOOT-INF/lib/zstd-jni-1.5.6-10.jar" package="document-service-0.0.1-SNAPSHOT.jar: zstd-jni-1.5.6-10.jar" skipped="0" tests="1" timestamp="2026-07-25T06:49:25.329879755">
            <testcase classname="dependency-check" name="document-service-0.0.1-SNAPSHOT.jar: zstd-jni-1.5.6-10.jar"/>
    </testsuite>
        <testsuite failures="0" errors="0" time="0" id="122" name="/src/document-service-0.0.1-SNAPSHOT.jar/BOOT-INF/lib/zstd-jni-1.5.6-10.jar/win/aarch64/libzstd-jni-1.5.6-10.dll" package="document-service-0.0.1-SNAPSHOT.jar: zstd-jni-1.5.6-10.jar: libzstd-jni-1.5.6-10.dll" skipped="0" tests="1" timestamp="2026-07-25T06:49:25.329879755">
            <testcase classname="dependency-check" name="document-service-0.0.1-SNAPSHOT.jar: zstd-jni-1.5.6-10.jar: libzstd-jni-1.5.6-10.dll"/>
    </testsuite>
        <testsuite failures="0" errors="0" time="0" id="123" name="/src/document-service-0.0.1-SNAPSHOT.jar/BOOT-INF/lib/zstd-jni-1.5.6-10.jar/win/amd64/libzstd-jni-1.5.6-10.dll" package="document-service-0.0.1-SNAPSHOT.jar: zstd-jni-1.5.6-10.jar: libzstd-jni-1.5.6-10.dll" skipped="0" tests="1" timestamp="2026-07-25T06:49:25.329879755">
            <testcase classname="dependency-check" name="document-service-0.0.1-SNAPSHOT.jar: zstd-jni-1.5.6-10.jar: libzstd-jni-1.5.6-10.dll"/>
    </testsuite>
        <testsuite failures="0" errors="0" time="0" id="124" name="/src/document-service-0.0.1-SNAPSHOT.jar/BOOT-INF/lib/zstd-jni-1.5.6-10.jar/win/x86/libzstd-jni-1.5.6-10.dll" package="document-service-0.0.1-SNAPSHOT.jar: zstd-jni-1.5.6-10.jar: libzstd-jni-1.5.6-10.dll" skipped="0" tests="1" timestamp="2026-07-25T06:49:25.329879755">
            <testcase classname="dependency-check" name="document-service-0.0.1-SNAPSHOT.jar: zstd-jni-1.5.6-10.jar: libzstd-jni-1.5.6-10.dll"/>
    </testsuite>
</testsuites>