<?xml version="1.0" encoding="UTF-8"?>
<testsuites failures="186" name="dependency-check" tests="109">
        <testsuite failures="0" errors="0" time="0" id="0" name="/src/target/gateway-service-0.0.1-SNAPSHOT.jar" package="gateway-service-0.0.1-SNAPSHOT.jar" skipped="0" tests="1" timestamp="2026-07-25T06:32:19.134878943">
            <testcase classname="dependency-check" name="gateway-service-0.0.1-SNAPSHOT.jar"/>
    </testsuite>
        <testsuite failures="0" errors="0" time="0" id="1" name="/src/target/gateway-service-0.0.1-SNAPSHOT.jar/BOOT-INF/lib/HdrHistogram-2.2.2.jar" package="gateway-service-0.0.1-SNAPSHOT.jar: HdrHistogram-2.2.2.jar" skipped="0" tests="1" timestamp="2026-07-25T06:32:19.134878943">
            <testcase classname="dependency-check" name="gateway-service-0.0.1-SNAPSHOT.jar: HdrHistogram-2.2.2.jar"/>
    </testsuite>
        <testsuite failures="0" errors="0" time="0" id="2" name="/src/target/gateway-service-0.0.1-SNAPSHOT.jar/BOOT-INF/lib/LatencyUtils-2.0.3.jar" package="gateway-service-0.0.1-SNAPSHOT.jar: LatencyUtils-2.0.3.jar" skipped="0" tests="1" timestamp="2026-07-25T06:32:19.134878943">
            <testcase classname="dependency-check" name="gateway-service-0.0.1-SNAPSHOT.jar: LatencyUtils-2.0.3.jar"/>
    </testsuite>
        <testsuite failures="0" errors="0" time="0" id="3" name="/src/target/gateway-service-0.0.1-SNAPSHOT.jar/BOOT-INF/lib/annotations-13.0.jar" package="gateway-service-0.0.1-SNAPSHOT.jar: annotations-13.0.jar" skipped="0" tests="1" timestamp="2026-07-25T06:32:19.134878943">
            <testcase classname="dependency-check" name="gateway-service-0.0.1-SNAPSHOT.jar: annotations-13.0.jar"/>
    </testsuite>
        <testsuite failures="0" errors="0" time="0" id="4" name="/src/target/gateway-service-0.0.1-SNAPSHOT.jar/BOOT-INF/lib/annotations-2.25.0.jar" package="gateway-service-0.0.1-SNAPSHOT.jar: annotations-2.25.0.jar" skipped="0" tests="1" timestamp="2026-07-25T06:32:19.134878943">
            <testcase classname="dependency-check" name="gateway-service-0.0.1-SNAPSHOT.jar: annotations-2.25.0.jar"/>
    </testsuite>
        <testsuite failures="0" errors="0" time="0" id="5" name="/src/target/gateway-service-0.0.1-SNAPSHOT.jar/BOOT-INF/lib/apache-client-2.25.0.jar" package="gateway-service-0.0.1-SNAPSHOT.jar: apache-client-2.25.0.jar" skipped="0" tests="1" timestamp="2026-07-25T06:32:19.134878943">
            <testcase classname="dependency-check" name="gateway-service-0.0.1-SNAPSHOT.jar: apache-client-2.25.0.jar"/>
    </testsuite>
        <testsuite failures="0" errors="0" time="0" id="6" name="/src/target/gateway-service-0.0.1-SNAPSHOT.jar/BOOT-INF/lib/auth-2.25.0.jar" package="gateway-service-0.0.1-SNAPSHOT.jar: auth-2.25.0.jar" skipped="0" tests="1" timestamp="2026-07-25T06:32:19.134878943">
            <testcase classname="dependency-check" name="gateway-service-0.0.1-SNAPSHOT.jar: auth-2.25.0.jar"/>
    </testsuite>
        <testsuite failures="0" errors="0" time="0" id="7" name="/src/target/gateway-service-0.0.1-SNAPSHOT.jar/BOOT-INF/lib/aws-core-2.25.0.jar" package="gateway-service-0.0.1-SNAPSHOT.jar: aws-core-2.25.0.jar" skipped="0" tests="1" timestamp="2026-07-25T06:32:19.134878943">
            <testcase classname="dependency-check" name="gateway-service-0.0.1-SNAPSHOT.jar: aws-core-2.25.0.jar"/>
    </testsuite>
        <testsuite failures="0" errors="0" time="0" id="8" name="/src/target/gateway-service-0.0.1-SNAPSHOT.jar/BOOT-INF/lib/bcprov-jdk18on-1.81.jar" package="gateway-service-0.0.1-SNAPSHOT.jar: bcprov-jdk18on-1.81.jar" skipped="0" tests="1" timestamp="2026-07-25T06:32:19.134878943">
            <testcase classname="dependency-check" name="gateway-service-0.0.1-SNAPSHOT.jar: bcprov-jdk18on-1.81.jar"/>
    </testsuite>
        <testsuite failures="0" errors="0" time="0" id="9" name="/src/target/gateway-service-0.0.1-SNAPSHOT.jar/BOOT-INF/lib/checker-qual-3.41.0.jar" package="gateway-service-0.0.1-SNAPSHOT.jar: checker-qual-3.41.0.jar" skipped="0" tests="1" timestamp="2026-07-25T06:32:19.134878943">
            <testcase classname="dependency-check" name="gateway-service-0.0.1-SNAPSHOT.jar: checker-qual-3.41.0.jar"/>
    </testsuite>
        <testsuite failures="0" errors="0" time="0" id="10" name="/src/target/gateway-service-0.0.1-SNAPSHOT.jar/BOOT-INF/lib/checksums-2.25.0.jar" package="gateway-service-0.0.1-SNAPSHOT.jar: checksums-2.25.0.jar" skipped="0" tests="1" timestamp="2026-07-25T06:32:19.134878943">
            <testcase classname="dependency-check" name="gateway-service-0.0.1-SNAPSHOT.jar: checksums-2.25.0.jar"/>
    </testsuite>
        <testsuite failures="0" errors="0" time="0" id="11" name="/src/target/gateway-service-0.0.1-SNAPSHOT.jar/BOOT-INF/lib/classmate-1.7.3.jar" package="gateway-service-0.0.1-SNAPSHOT.jar: classmate-1.7.3.jar" skipped="0" tests="1" timestamp="2026-07-25T06:32:19.134878943">
            <testcase classname="dependency-check" name="gateway-service-0.0.1-SNAPSHOT.jar: classmate-1.7.3.jar"/>
    </testsuite>
        <testsuite failures="0" errors="0" time="0" id="12" name="/src/target/gateway-service-0.0.1-SNAPSHOT.jar/BOOT-INF/lib/commons-codec-1.19.0.jar" package="gateway-service-0.0.1-SNAPSHOT.jar: commons-codec-1.19.0.jar" skipped="0" tests="1" timestamp="2026-07-25T06:32:19.134878943">
            <testcase classname="dependency-check" name="gateway-service-0.0.1-SNAPSHOT.jar: commons-codec-1.19.0.jar"/>
    </testsuite>
        <testsuite failures="0" errors="0" time="0" id="13" name="/src/target/gateway-service-0.0.1-SNAPSHOT.jar/BOOT-INF/lib/commons-logging-1.3.6.jar" package="gateway-service-0.0.1-SNAPSHOT.jar: commons-logging-1.3.6.jar" skipped="0" tests="1" timestamp="2026-07-25T06:32:19.134878943">
            <testcase classname="dependency-check" name="gateway-service-0.0.1-SNAPSHOT.jar: commons-logging-1.3.6.jar"/>
    </testsuite>
        <testsuite failures="0" errors="0" time="0" id="14" name="/src/target/gateway-service-0.0.1-SNAPSHOT.jar/BOOT-INF/lib/dynamodb-2.25.0.jar" package="gateway-service-0.0.1-SNAPSHOT.jar: dynamodb-2.25.0.jar" skipped="0" tests="1" timestamp="2026-07-25T06:32:19.134878943">
            <testcase classname="dependency-check" name="gateway-service-0.0.1-SNAPSHOT.jar: dynamodb-2.25.0.jar"/>
    </testsuite>
        <testsuite failures="0" errors="0" time="0" id="15" name="/src/target/gateway-service-0.0.1-SNAPSHOT.jar/BOOT-INF/lib/endpoints-spi-2.25.0.jar" package="gateway-service-0.0.1-SNAPSHOT.jar: endpoints-spi-2.25.0.jar" skipped="0" tests="1" timestamp="2026-07-25T06:32:19.134878943">
            <testcase classname="dependency-check" name="gateway-service-0.0.1-SNAPSHOT.jar: endpoints-spi-2.25.0.jar"/>
    </testsuite>
        <testsuite failures="0" errors="0" time="0" id="16" name="/src/target/gateway-service-0.0.1-SNAPSHOT.jar/BOOT-INF/lib/eventstream-1.0.1.jar" package="gateway-service-0.0.1-SNAPSHOT.jar: eventstream-1.0.1.jar" skipped="0" tests="1" timestamp="2026-07-25T06:32:19.134878943">
            <testcase classname="dependency-check" name="gateway-service-0.0.1-SNAPSHOT.jar: eventstream-1.0.1.jar"/>
    </testsuite>
        <testsuite failures="0" errors="0" time="0" id="17" name="/src/target/gateway-service-0.0.1-SNAPSHOT.jar/BOOT-INF/lib/failsafe-3.3.2.jar" package="gateway-service-0.0.1-SNAPSHOT.jar: failsafe-3.3.2.jar" skipped="0" tests="1" timestamp="2026-07-25T06:32:19.134878943">
            <testcase classname="dependency-check" name="gateway-service-0.0.1-SNAPSHOT.jar: failsafe-3.3.2.jar"/>
    </testsuite>
        <testsuite failures="0" errors="0" time="0" id="18" name="/src/target/gateway-service-0.0.1-SNAPSHOT.jar/BOOT-INF/lib/failureaccess-1.0.2.jar" package="gateway-service-0.0.1-SNAPSHOT.jar: failureaccess-1.0.2.jar" skipped="0" tests="1" timestamp="2026-07-25T06:32:19.134878943">
            <testcase classname="dependency-check" name="gateway-service-0.0.1-SNAPSHOT.jar: failureaccess-1.0.2.jar"/>
    </testsuite>
        <testsuite failures="0" errors="0" time="0" id="19" name="/src/target/gateway-service-0.0.1-SNAPSHOT.jar/BOOT-INF/lib/grpc-core-1.60.0.jar" package="gateway-service-0.0.1-SNAPSHOT.jar: grpc-core-1.60.0.jar" skipped="0" tests="1" timestamp="2026-07-25T06:32:19.134878943">
            <testcase classname="dependency-check" name="gateway-service-0.0.1-SNAPSHOT.jar: grpc-core-1.60.0.jar"/>
    </testsuite>
        <testsuite failures="0" errors="0" time="0" id="20" name="/src/target/gateway-service-0.0.1-SNAPSHOT.jar/BOOT-INF/lib/grpc-protobuf-1.60.0.jar" package="gateway-service-0.0.1-SNAPSHOT.jar: grpc-protobuf-1.60.0.jar" skipped="0" tests="1" timestamp="2026-07-25T06:32:19.134878943">
            <testcase classname="dependency-check" name="gateway-service-0.0.1-SNAPSHOT.jar: grpc-protobuf-1.60.0.jar"/>
    </testsuite>
        <testsuite failures="0" errors="0" time="0" id="21" name="/src/target/gateway-service-0.0.1-SNAPSHOT.jar/BOOT-INF/lib/guava-33.0.0-jre.jar" package="gateway-service-0.0.1-SNAPSHOT.jar: guava-33.0.0-jre.jar" skipped="0" tests="1" timestamp="2026-07-25T06:32:19.134878943">
            <testcase classname="dependency-check" name="gateway-service-0.0.1-SNAPSHOT.jar: guava-33.0.0-jre.jar"/>
    </testsuite>
        <testsuite failures="0" errors="0" time="0" id="22" name="/src/target/gateway-service-0.0.1-SNAPSHOT.jar/BOOT-INF/lib/hibernate-validator-9.0.1.Final.jar" package="gateway-service-0.0.1-SNAPSHOT.jar: hibernate-validator-9.0.1.Final.jar" skipped="0" tests="1" timestamp="2026-07-25T06:32:19.134878943">
            <testcase classname="dependency-check" name="gateway-service-0.0.1-SNAPSHOT.jar: hibernate-validator-9.0.1.Final.jar"/>
    </testsuite>
        <testsuite failures="0" errors="0" time="0" id="23" name="/src/target/gateway-service-0.0.1-SNAPSHOT.jar/BOOT-INF/lib/http-auth-2.25.0.jar" package="gateway-service-0.0.1-SNAPSHOT.jar: http-auth-2.25.0.jar" skipped="0" tests="1" timestamp="2026-07-25T06:32:19.134878943">
            <testcase classname="dependency-check" name="gateway-service-0.0.1-SNAPSHOT.jar: http-auth-2.25.0.jar"/>
    </testsuite>
        <testsuite failures="0" errors="0" time="0" id="24" name="/src/target/gateway-service-0.0.1-SNAPSHOT.jar/BOOT-INF/lib/httpclient-4.5.13.jar" package="gateway-service-0.0.1-SNAPSHOT.jar: httpclient-4.5.13.jar" skipped="0" tests="1" timestamp="2026-07-25T06:32:19.134878943">
            <testcase classname="dependency-check" name="gateway-service-0.0.1-SNAPSHOT.jar: httpclient-4.5.13.jar"/>
    </testsuite>
        <testsuite failures="0" errors="0" time="0" id="25" name="/src/target/gateway-service-0.0.1-SNAPSHOT.jar/BOOT-INF/lib/httpcore-4.4.16.jar" package="gateway-service-0.0.1-SNAPSHOT.jar: httpcore-4.4.16.jar" skipped="0" tests="1" timestamp="2026-07-25T06:32:19.134878943">
            <testcase classname="dependency-check" name="gateway-service-0.0.1-SNAPSHOT.jar: httpcore-4.4.16.jar"/>
    </testsuite>
        <testsuite failures="0" errors="0" time="0" id="26" name="/src/target/gateway-service-0.0.1-SNAPSHOT.jar/BOOT-INF/lib/identity-spi-2.25.0.jar" package="gateway-service-0.0.1-SNAPSHOT.jar: identity-spi-2.25.0.jar" skipped="0" tests="1" timestamp="2026-07-25T06:32:19.134878943">
            <testcase classname="dependency-check" name="gateway-service-0.0.1-SNAPSHOT.jar: identity-spi-2.25.0.jar"/>
    </testsuite>
        <testsuite failures="0" errors="0" time="0" id="27" name="/src/target/gateway-service-0.0.1-SNAPSHOT.jar/BOOT-INF/lib/jackson-annotations-2.21.jar" package="gateway-service-0.0.1-SNAPSHOT.jar: jackson-annotations-2.21.jar" skipped="0" tests="1" timestamp="2026-07-25T06:32:19.134878943">
            <testcase classname="dependency-check" name="gateway-service-0.0.1-SNAPSHOT.jar: jackson-annotations-2.21.jar"/>
    </testsuite>
        <testsuite failures="0" errors="0" time="0" id="28" name="/src/target/gateway-service-0.0.1-SNAPSHOT.jar/BOOT-INF/lib/jackson-core-2.21.2.jar" package="gateway-service-0.0.1-SNAPSHOT.jar: jackson-core-2.21.2.jar" skipped="0" tests="1" timestamp="2026-07-25T06:32:19.134878943">
            <testcase classname="dependency-check" name="gateway-service-0.0.1-SNAPSHOT.jar: jackson-core-2.21.2.jar"/>
    </testsuite>
        <testsuite failures="0" errors="0" time="0" id="29" name="/src/target/gateway-service-0.0.1-SNAPSHOT.jar/BOOT-INF/lib/jackson-core-3.1.2.jar" package="gateway-service-0.0.1-SNAPSHOT.jar: jackson-core-3.1.2.jar" skipped="0" tests="1" timestamp="2026-07-25T06:32:19.134878943">
            <testcase classname="dependency-check" name="gateway-service-0.0.1-SNAPSHOT.jar: jackson-core-3.1.2.jar"/>
    </testsuite>
        <testsuite failures="7" errors="0" time="0" id="30" name="/src/target/gateway-service-0.0.1-SNAPSHOT.jar/BOOT-INF/lib/jackson-databind-2.21.2.jar" package="gateway-service-0.0.1-SNAPSHOT.jar: jackson-databind-2.21.2.jar" skipped="0" tests="7" timestamp="2026-07-25T06:32:19.134878943">
            <testcase classname="CVE-2026-54512" name="pkg:maven/com.fasterxml.jackson.core/jackson-databind@2.21.2">
                <failure message="cvssV3: HIGH, score: 8.1 (CVSS:3.1/AV:N/AC:H/PR:N/UI:N/S:U/C:H/I:H/A:H/E:P/RC:R/MAV:A)"/>
            <system-out>jackson-databind contains the general-purpose data-binding functionality and tree-model for Jackson Data Processor. From 2.10.0 until 2.18.8, 2.21.4, and 3.1.4, jackson-databind&apos;s PolymorphicTypeValidator (PTV) is the primary safety mechanism guarding polymorphic deserialization. When polymorphic typing is enabled and a type identifier contains generic parameters (i.e. the type ID string contains &lt;), DatabindContext._resolveAndValidateGeneric() validates only the raw container class name (the substring before &lt;) against the configured PTV. If the container type is approved, the method parses the full canonical type string via TypeFactory.constructFromCanonical() and returns the fully parameterized type without ever validating the nested type arguments against the PTV. The nested type arguments are then resolved, instantiated, and populated as beans during deserialization. An attacker who controls the type ID can therefore place a denied class as a generic type parameter of an allowed container — for example java.util.ArrayList&lt;com.evil.Gadget&gt; when only java.util.ArrayList is allow-listed. The container passes the PTV check; com.evil.Gadget is loaded via Class.forName(name, true, loader), instantiated, and its properties are set from attacker-controlled JSON. This completely bypasses an explicitly configured PTV allow-list. This vulnerability is fixed in 2.18.8, 2.21.4, and 3.1.4.</system-out>
            <system-err>location: /src/target/gateway-service-0.0.1-SNAPSHOT.jar/BOOT-INF/lib/jackson-databind-2.21.2.jar, project-references: [  ]</system-err>
        </testcase>
            <testcase classname="CVE-2026-54513" name="pkg:maven/com.fasterxml.jackson.core/jackson-databind@2.21.2">
                <failure message="cvssV3: HIGH, score: 8.1 (CVSS:3.1/AV:N/AC:H/PR:N/UI:N/S:U/C:H/I:H/A:H/E:P/RC:R/MAV:A)"/>
            <system-out>jackson-databind contains the general-purpose data-binding functionality and tree-model for Jackson Data Processor. From 2.10.0 until 2.18.8, 2.21.4, and 3.1.4, BasicPolymorphicTypeValidator.Builder.allowIfSubTypeIsArray() allowlists any array type based only on clazz.isArray(), without validating the array&apos;s component (element) type against the configured allowlist. A PTV built with allowIfSubTypeIsArray() plus an explicit concrete-type allowlist therefore still permits EvilType[] even though EvilType is not allowlisted. When Jackson deserializes the elements and no per-element type IDs are present, it instantiates the component type directly with no further PTV check, bypassing the allowlist. This vulnerability is fixed in 2.18.8, 2.21.4, and 3.1.4.</system-out>
            <system-err>location: /src/target/gateway-service-0.0.1-SNAPSHOT.jar/BOOT-INF/lib/jackson-databind-2.21.2.jar, project-references: [  ]</system-err>
        </testcase>
            <testcase classname="CVE-2026-54518" name="pkg:maven/com.fasterxml.jackson.core/jackson-databind@2.21.2">
                <failure message="cvssV3: MEDIUM, score: 6.5 (CVSS:3.1/AV:N/AC:L/PR:N/UI:N/S:U/C:L/I:L/A:N/E:P/RC:R/MAV:A)"/>
            <system-out>jackson-databind contains the general-purpose data-binding functionality and tree-model for Jackson Data Processor. From 2.21.0 until 2.21.4 and 3.1.4, UnwrappedPropertyHandler.processUnwrappedCreatorProperties() replays buffered JSON into creator parameters but never consults prop.visibleInView(activeView). The normal property-based creator path gates creator properties on the active view, but this unwrapped-creator replay path bypasses that check, so a constructor parameter annotated with both @JsonView(AdminView.class) and @JsonUnwrapped is populated from attacker JSON even when a more restrictive view is active. This vulnerability is fixed in 2.21.4 and 3.1.4.</system-out>
            <system-err>location: /src/target/gateway-service-0.0.1-SNAPSHOT.jar/BOOT-INF/lib/jackson-databind-2.21.2.jar, project-references: [  ]</system-err>
        </testcase>
            <testcase classname="CVE-2026-54514" name="pkg:maven/com.fasterxml.jackson.core/jackson-databind@2.21.2">
                <failure message="cvssV3: MEDIUM, score: 5.3 (CVSS:3.1/AV:N/AC:L/PR:N/UI:N/S:U/C:L/I:N/A:N/E:P/RC:R/MAV:A)"/>
            <system-out>jackson-databind contains the general-purpose data-binding functionality and tree-model for Jackson Data Processor. From 2.0.0 until 2.18.8, 2.21.4, and 3.1.4, JDKFromStringDeserializer constructed InetSocketAddress with new InetSocketAddress(host, port), which performs eager DNS name resolution for hostname inputs at deserialization time. An application that binds untrusted JSON into a type containing an InetSocketAddress field issues an attacker-chosen DNS query during readValue, before any application-level validation or connect logic. The fix uses InetSocketAddress.createUnresolved(host, port), deferring DNS to an explicit connect. This vulnerability is fixed in 2.18.8, 2.21.4, and 3.1.4.</system-out>
            <system-err>location: /src/target/gateway-service-0.0.1-SNAPSHOT.jar/BOOT-INF/lib/jackson-databind-2.21.2.jar, project-references: [  ]</system-err>
        </testcase>
            <testcase classname="CVE-2026-54515" name="pkg:maven/com.fasterxml.jackson.core/jackson-databind@2.21.2">
                <failure message="cvssV3: MEDIUM, score: 5.3 (CVSS:3.1/AV:N/AC:L/PR:N/UI:N/S:U/C:N/I:L/A:N/E:P/RC:R/MAV:A)"/>
            <system-out>jackson-databind contains the general-purpose data-binding functionality and tree-model for Jackson Data Processor. From 2.8.0 until 2.18.9, 2.21.5, and 3.1.4, in BeanDeserializerBase.createContextual(), per-property @JsonIgnoreProperties exclusions are applied by _handleByNameInclusion(), producing a contextual deserializer whose BeanPropertyMap has the ignored properties removed. The subsequent per-property case-insensitivity block (triggered by @JsonFormat(ACCEPT_CASE_INSENSITIVE_PROPERTIES)) rebuilds from this._beanProperties (the original, unfiltered map) instead of contextual._beanProperties, then overwrites the filtered map — restoring every property _handleByNameInclusion had just removed. The ignored property becomes writable again. This vulnerability is fixed in 2.18.9, 2.21.5, and 3.1.4.</system-out>
            <system-err>location: /src/target/gateway-service-0.0.1-SNAPSHOT.jar/BOOT-INF/lib/jackson-databind-2.21.2.jar, project-references: [  ]</system-err>
        </testcase>
            <testcase classname="CVE-2026-54516" name="pkg:maven/com.fasterxml.jackson.core/jackson-databind@2.21.2">
                <failure message="cvssV3: MEDIUM, score: 5.3 (CVSS:3.1/AV:N/AC:L/PR:N/UI:N/S:U/C:N/I:L/A:N/E:P/RC:R/MAV:A)"/>
            <system-out>jackson-databind contains the general-purpose data-binding functionality and tree-model for Jackson Data Processor. From 2.21.0 until 2.21.4 and 3.1.4, POJOPropertiesCollector._renameProperties() allows a property with @JsonProperty(&quot;renamed&quot;) on the getter and @JsonIgnore on the setter to be renamed rather than dropped. With MapperFeature.INFER_PROPERTY_MUTATORS enabled (default), the private backing field is retained; during deserialization BeanDeserializerFactory.addBeanProps() sees hasField()==true, builds a FieldProperty, and makes the backing field writable. An attacker supplying the renamed JSON key writes the backing field directly, bypassing the @JsonIgnore on the setter. This vulnerability is fixed in 3.1.4.</system-out>
            <system-err>location: /src/target/gateway-service-0.0.1-SNAPSHOT.jar/BOOT-INF/lib/jackson-databind-2.21.2.jar, project-references: [  ]</system-err>
        </testcase>
            <testcase classname="CVE-2026-54517" name="pkg:maven/com.fasterxml.jackson.core/jackson-databind@2.21.2">
                <failure message="cvssV3: MEDIUM, score: 5.3 (CVSS:3.1/AV:N/AC:L/PR:N/UI:N/S:U/C:N/I:L/A:N/E:P/RC:R/MAV:A)"/>
            <system-out>jackson-databind contains the general-purpose data-binding functionality and tree-model for Jackson Data Processor. From 2.21.0 until 2.21.4 and 3.1.4, in BeanDeserializer._deserializeUsingPropertyBased, the active-view (@JsonView) filter was applied only to creator properties; the regular property-buffering branch performed no prop.visibleInView(activeView) check. A change making SetterlessProperty.isMerging() return true routed setterless Collection/Map properties through this unguarded path, so a setterless collection annotated with a restricted @JsonView is populated from attacker JSON even when the active view excludes it. This vulnerability is fixed in 2.21.4 and 3.1.4.</system-out>
            <system-err>location: /src/target/gateway-service-0.0.1-SNAPSHOT.jar/BOOT-INF/lib/jackson-databind-2.21.2.jar, project-references: [  ]</system-err>
        </testcase>
    </testsuite>
        <testsuite failures="7" errors="0" time="0" id="31" name="/src/target/gateway-service-0.0.1-SNAPSHOT.jar/BOOT-INF/lib/jackson-databind-3.1.2.jar" package="gateway-service-0.0.1-SNAPSHOT.jar: jackson-databind-3.1.2.jar" skipped="0" tests="7" timestamp="2026-07-25T06:32:19.134878943">
            <testcase classname="CVE-2026-54512" name="pkg:maven/tools.jackson.core/jackson-databind@3.1.2">
                <failure message="cvssV3: HIGH, score: 8.1 (CVSS:3.1/AV:N/AC:H/PR:N/UI:N/S:U/C:H/I:H/A:H/E:P/RC:R/MAV:A)"/>
            <system-out>jackson-databind contains the general-purpose data-binding functionality and tree-model for Jackson Data Processor. From 2.10.0 until 2.18.8, 2.21.4, and 3.1.4, jackson-databind&apos;s PolymorphicTypeValidator (PTV) is the primary safety mechanism guarding polymorphic deserialization. When polymorphic typing is enabled and a type identifier contains generic parameters (i.e. the type ID string contains &lt;), DatabindContext._resolveAndValidateGeneric() validates only the raw container class name (the substring before &lt;) against the configured PTV. If the container type is approved, the method parses the full canonical type string via TypeFactory.constructFromCanonical() and returns the fully parameterized type without ever validating the nested type arguments against the PTV. The nested type arguments are then resolved, instantiated, and populated as beans during deserialization. An attacker who controls the type ID can therefore place a denied class as a generic type parameter of an allowed container — for example java.util.ArrayList&lt;com.evil.Gadget&gt; when only java.util.ArrayList is allow-listed. The container passes the PTV check; com.evil.Gadget is loaded via Class.forName(name, true, loader), instantiated, and its properties are set from attacker-controlled JSON. This completely bypasses an explicitly configured PTV allow-list. This vulnerability is fixed in 2.18.8, 2.21.4, and 3.1.4.</system-out>
            <system-err>location: /src/target/gateway-service-0.0.1-SNAPSHOT.jar/BOOT-INF/lib/jackson-databind-3.1.2.jar, project-references: [  ]</system-err>
        </testcase>
            <testcase classname="CVE-2026-54513" name="pkg:maven/tools.jackson.core/jackson-databind@3.1.2">
                <failure message="cvssV3: HIGH, score: 8.1 (CVSS:3.1/AV:N/AC:H/PR:N/UI:N/S:U/C:H/I:H/A:H/E:P/RC:R/MAV:A)"/>
            <system-out>jackson-databind contains the general-purpose data-binding functionality and tree-model for Jackson Data Processor. From 2.10.0 until 2.18.8, 2.21.4, and 3.1.4, BasicPolymorphicTypeValidator.Builder.allowIfSubTypeIsArray() allowlists any array type based only on clazz.isArray(), without validating the array&apos;s component (element) type against the configured allowlist. A PTV built with allowIfSubTypeIsArray() plus an explicit concrete-type allowlist therefore still permits EvilType[] even though EvilType is not allowlisted. When Jackson deserializes the elements and no per-element type IDs are present, it instantiates the component type directly with no further PTV check, bypassing the allowlist. This vulnerability is fixed in 2.18.8, 2.21.4, and 3.1.4.</system-out>
            <system-err>location: /src/target/gateway-service-0.0.1-SNAPSHOT.jar/BOOT-INF/lib/jackson-databind-3.1.2.jar, project-references: [  ]</system-err>
        </testcase>
            <testcase classname="CVE-2026-54518" name="pkg:maven/tools.jackson.core/jackson-databind@3.1.2">
                <failure message="cvssV3: MEDIUM, score: 6.5 (CVSS:3.1/AV:N/AC:L/PR:N/UI:N/S:U/C:L/I:L/A:N/E:P/RC:R/MAV:A)"/>
            <system-out>jackson-databind contains the general-purpose data-binding functionality and tree-model for Jackson Data Processor. From 2.21.0 until 2.21.4 and 3.1.4, UnwrappedPropertyHandler.processUnwrappedCreatorProperties() replays buffered JSON into creator parameters but never consults prop.visibleInView(activeView). The normal property-based creator path gates creator properties on the active view, but this unwrapped-creator replay path bypasses that check, so a constructor parameter annotated with both @JsonView(AdminView.class) and @JsonUnwrapped is populated from attacker JSON even when a more restrictive view is active. This vulnerability is fixed in 2.21.4 and 3.1.4.</system-out>
            <system-err>location: /src/target/gateway-service-0.0.1-SNAPSHOT.jar/BOOT-INF/lib/jackson-databind-3.1.2.jar, project-references: [  ]</system-err>
        </testcase>
            <testcase classname="CVE-2026-54514" name="pkg:maven/tools.jackson.core/jackson-databind@3.1.2">
                <failure message="cvssV3: MEDIUM, score: 5.3 (CVSS:3.1/AV:N/AC:L/PR:N/UI:N/S:U/C:L/I:N/A:N/E:P/RC:R/MAV:A)"/>
            <system-out>jackson-databind contains the general-purpose data-binding functionality and tree-model for Jackson Data Processor. From 2.0.0 until 2.18.8, 2.21.4, and 3.1.4, JDKFromStringDeserializer constructed InetSocketAddress with new InetSocketAddress(host, port), which performs eager DNS name resolution for hostname inputs at deserialization time. An application that binds untrusted JSON into a type containing an InetSocketAddress field issues an attacker-chosen DNS query during readValue, before any application-level validation or connect logic. The fix uses InetSocketAddress.createUnresolved(host, port), deferring DNS to an explicit connect. This vulnerability is fixed in 2.18.8, 2.21.4, and 3.1.4.</system-out>
            <system-err>location: /src/target/gateway-service-0.0.1-SNAPSHOT.jar/BOOT-INF/lib/jackson-databind-3.1.2.jar, project-references: [  ]</system-err>
        </testcase>
            <testcase classname="CVE-2026-54515" name="pkg:maven/tools.jackson.core/jackson-databind@3.1.2">
                <failure message="cvssV3: MEDIUM, score: 5.3 (CVSS:3.1/AV:N/AC:L/PR:N/UI:N/S:U/C:N/I:L/A:N/E:P/RC:R/MAV:A)"/>
            <system-out>jackson-databind contains the general-purpose data-binding functionality and tree-model for Jackson Data Processor. From 2.8.0 until 2.18.9, 2.21.5, and 3.1.4, in BeanDeserializerBase.createContextual(), per-property @JsonIgnoreProperties exclusions are applied by _handleByNameInclusion(), producing a contextual deserializer whose BeanPropertyMap has the ignored properties removed. The subsequent per-property case-insensitivity block (triggered by @JsonFormat(ACCEPT_CASE_INSENSITIVE_PROPERTIES)) rebuilds from this._beanProperties (the original, unfiltered map) instead of contextual._beanProperties, then overwrites the filtered map — restoring every property _handleByNameInclusion had just removed. The ignored property becomes writable again. This vulnerability is fixed in 2.18.9, 2.21.5, and 3.1.4.</system-out>
            <system-err>location: /src/target/gateway-service-0.0.1-SNAPSHOT.jar/BOOT-INF/lib/jackson-databind-3.1.2.jar, project-references: [  ]</system-err>
        </testcase>
            <testcase classname="CVE-2026-54516" name="pkg:maven/tools.jackson.core/jackson-databind@3.1.2">
                <failure message="cvssV3: MEDIUM, score: 5.3 (CVSS:3.1/AV:N/AC:L/PR:N/UI:N/S:U/C:N/I:L/A:N/E:P/RC:R/MAV:A)"/>
            <system-out>jackson-databind contains the general-purpose data-binding functionality and tree-model for Jackson Data Processor. From 2.21.0 until 2.21.4 and 3.1.4, POJOPropertiesCollector._renameProperties() allows a property with @JsonProperty(&quot;renamed&quot;) on the getter and @JsonIgnore on the setter to be renamed rather than dropped. With MapperFeature.INFER_PROPERTY_MUTATORS enabled (default), the private backing field is retained; during deserialization BeanDeserializerFactory.addBeanProps() sees hasField()==true, builds a FieldProperty, and makes the backing field writable. An attacker supplying the renamed JSON key writes the backing field directly, bypassing the @JsonIgnore on the setter. This vulnerability is fixed in 3.1.4.</system-out>
            <system-err>location: /src/target/gateway-service-0.0.1-SNAPSHOT.jar/BOOT-INF/lib/jackson-databind-3.1.2.jar, project-references: [  ]</system-err>
        </testcase>
            <testcase classname="CVE-2026-54517" name="pkg:maven/tools.jackson.core/jackson-databind@3.1.2">
                <failure message="cvssV3: MEDIUM, score: 5.3 (CVSS:3.1/AV:N/AC:L/PR:N/UI:N/S:U/C:N/I:L/A:N/E:P/RC:R/MAV:A)"/>
            <system-out>jackson-databind contains the general-purpose data-binding functionality and tree-model for Jackson Data Processor. From 2.21.0 until 2.21.4 and 3.1.4, in BeanDeserializer._deserializeUsingPropertyBased, the active-view (@JsonView) filter was applied only to creator properties; the regular property-buffering branch performed no prop.visibleInView(activeView) check. A change making SetterlessProperty.isMerging() return true routed setterless Collection/Map properties through this unguarded path, so a setterless collection annotated with a restricted @JsonView is populated from attacker JSON even when the active view excludes it. This vulnerability is fixed in 2.21.4 and 3.1.4.</system-out>
            <system-err>location: /src/target/gateway-service-0.0.1-SNAPSHOT.jar/BOOT-INF/lib/jackson-databind-3.1.2.jar, project-references: [  ]</system-err>
        </testcase>
    </testsuite>
        <testsuite failures="0" errors="0" time="0" id="32" name="/src/target/gateway-service-0.0.1-SNAPSHOT.jar/BOOT-INF/lib/jakarta.activation-api-2.1.4.jar" package="gateway-service-0.0.1-SNAPSHOT.jar: jakarta.activation-api-2.1.4.jar" skipped="0" tests="1" timestamp="2026-07-25T06:32:19.134878943">
            <testcase classname="dependency-check" name="gateway-service-0.0.1-SNAPSHOT.jar: jakarta.activation-api-2.1.4.jar"/>
    </testsuite>
        <testsuite failures="0" errors="0" time="0" id="33" name="/src/target/gateway-service-0.0.1-SNAPSHOT.jar/BOOT-INF/lib/jakarta.annotation-api-3.0.0.jar" package="gateway-service-0.0.1-SNAPSHOT.jar: jakarta.annotation-api-3.0.0.jar" skipped="0" tests="1" timestamp="2026-07-25T06:32:19.134878943">
            <testcase classname="dependency-check" name="gateway-service-0.0.1-SNAPSHOT.jar: jakarta.annotation-api-3.0.0.jar"/>
    </testsuite>
        <testsuite failures="0" errors="0" time="0" id="34" name="/src/target/gateway-service-0.0.1-SNAPSHOT.jar/BOOT-INF/lib/jakarta.validation-api-3.1.1.jar" package="gateway-service-0.0.1-SNAPSHOT.jar: jakarta.validation-api-3.1.1.jar" skipped="0" tests="1" timestamp="2026-07-25T06:32:19.134878943">
            <testcase classname="dependency-check" name="gateway-service-0.0.1-SNAPSHOT.jar: jakarta.validation-api-3.1.1.jar"/>
    </testsuite>
        <testsuite failures="0" errors="0" time="0" id="35" name="/src/target/gateway-service-0.0.1-SNAPSHOT.jar/BOOT-INF/lib/jakarta.xml.bind-api-4.0.4.jar" package="gateway-service-0.0.1-SNAPSHOT.jar: jakarta.xml.bind-api-4.0.4.jar" skipped="0" tests="1" timestamp="2026-07-25T06:32:19.134878943">
            <testcase classname="dependency-check" name="gateway-service-0.0.1-SNAPSHOT.jar: jakarta.xml.bind-api-4.0.4.jar"/>
    </testsuite>
        <testsuite failures="0" errors="0" time="0" id="36" name="/src/target/gateway-service-0.0.1-SNAPSHOT.jar/BOOT-INF/lib/javax.annotation-api-1.3.2.jar" package="gateway-service-0.0.1-SNAPSHOT.jar: javax.annotation-api-1.3.2.jar" skipped="0" tests="1" timestamp="2026-07-25T06:32:19.134878943">
            <testcase classname="dependency-check" name="gateway-service-0.0.1-SNAPSHOT.jar: javax.annotation-api-1.3.2.jar"/>
    </testsuite>
        <testsuite failures="0" errors="0" time="0" id="37" name="/src/target/gateway-service-0.0.1-SNAPSHOT.jar/BOOT-INF/lib/jboss-logging-3.6.3.Final.jar" package="gateway-service-0.0.1-SNAPSHOT.jar: jboss-logging-3.6.3.Final.jar" skipped="0" tests="1" timestamp="2026-07-25T06:32:19.134878943">
            <testcase classname="dependency-check" name="gateway-service-0.0.1-SNAPSHOT.jar: jboss-logging-3.6.3.Final.jar"/>
    </testsuite>
        <testsuite failures="0" errors="0" time="0" id="38" name="/src/target/gateway-service-0.0.1-SNAPSHOT.jar/BOOT-INF/lib/jetcd-api-0.7.7.jar" package="gateway-service-0.0.1-SNAPSHOT.jar: jetcd-api-0.7.7.jar" skipped="0" tests="1" timestamp="2026-07-25T06:32:19.134878943">
            <testcase classname="dependency-check" name="gateway-service-0.0.1-SNAPSHOT.jar: jetcd-api-0.7.7.jar"/>
    </testsuite>
        <testsuite failures="0" errors="0" time="0" id="39" name="/src/target/gateway-service-0.0.1-SNAPSHOT.jar/BOOT-INF/lib/jetcd-common-0.7.7.jar" package="gateway-service-0.0.1-SNAPSHOT.jar: jetcd-common-0.7.7.jar" skipped="0" tests="1" timestamp="2026-07-25T06:32:19.134878943">
            <testcase classname="dependency-check" name="gateway-service-0.0.1-SNAPSHOT.jar: jetcd-common-0.7.7.jar"/>
    </testsuite>
        <testsuite failures="0" errors="0" time="0" id="40" name="/src/target/gateway-service-0.0.1-SNAPSHOT.jar/BOOT-INF/lib/jetcd-core-0.7.7.jar" package="gateway-service-0.0.1-SNAPSHOT.jar: jetcd-core-0.7.7.jar" skipped="0" tests="1" timestamp="2026-07-25T06:32:19.134878943">
            <testcase classname="dependency-check" name="gateway-service-0.0.1-SNAPSHOT.jar: jetcd-core-0.7.7.jar"/>
    </testsuite>
        <testsuite failures="0" errors="0" time="0" id="41" name="/src/target/gateway-service-0.0.1-SNAPSHOT.jar/BOOT-INF/lib/jetcd-grpc-0.7.7.jar" package="gateway-service-0.0.1-SNAPSHOT.jar: jetcd-grpc-0.7.7.jar" skipped="0" tests="1" timestamp="2026-07-25T06:32:19.134878943">
            <testcase classname="dependency-check" name="gateway-service-0.0.1-SNAPSHOT.jar: jetcd-grpc-0.7.7.jar"/>
    </testsuite>
        <testsuite failures="0" errors="0" time="0" id="42" name="/src/target/gateway-service-0.0.1-SNAPSHOT.jar/BOOT-INF/lib/jjwt-api-0.13.0.jar" package="gateway-service-0.0.1-SNAPSHOT.jar: jjwt-api-0.13.0.jar" skipped="0" tests="1" timestamp="2026-07-25T06:32:19.134878943">
            <testcase classname="dependency-check" name="gateway-service-0.0.1-SNAPSHOT.jar: jjwt-api-0.13.0.jar"/>
    </testsuite>
        <testsuite failures="0" errors="0" time="0" id="43" name="/src/target/gateway-service-0.0.1-SNAPSHOT.jar/BOOT-INF/lib/jjwt-impl-0.13.0.jar" package="gateway-service-0.0.1-SNAPSHOT.jar: jjwt-impl-0.13.0.jar" skipped="0" tests="1" timestamp="2026-07-25T06:32:19.134878943">
            <testcase classname="dependency-check" name="gateway-service-0.0.1-SNAPSHOT.jar: jjwt-impl-0.13.0.jar"/>
    </testsuite>
        <testsuite failures="0" errors="0" time="0" id="44" name="/src/target/gateway-service-0.0.1-SNAPSHOT.jar/BOOT-INF/lib/jjwt-jackson-0.13.0.jar" package="gateway-service-0.0.1-SNAPSHOT.jar: jjwt-jackson-0.13.0.jar" skipped="0" tests="1" timestamp="2026-07-25T06:32:19.134878943">
            <testcase classname="dependency-check" name="gateway-service-0.0.1-SNAPSHOT.jar: jjwt-jackson-0.13.0.jar"/>
    </testsuite>
        <testsuite failures="0" errors="0" time="0" id="45" name="/src/target/gateway-service-0.0.1-SNAPSHOT.jar/BOOT-INF/lib/json-utils-2.25.0.jar" package="gateway-service-0.0.1-SNAPSHOT.jar: json-utils-2.25.0.jar" skipped="0" tests="1" timestamp="2026-07-25T06:32:19.134878943">
            <testcase classname="dependency-check" name="gateway-service-0.0.1-SNAPSHOT.jar: json-utils-2.25.0.jar"/>
    </testsuite>
        <testsuite failures="0" errors="0" time="0" id="46" name="/src/target/gateway-service-0.0.1-SNAPSHOT.jar/BOOT-INF/lib/jspecify-1.0.0.jar" package="gateway-service-0.0.1-SNAPSHOT.jar: jspecify-1.0.0.jar" skipped="0" tests="1" timestamp="2026-07-25T06:32:19.134878943">
            <testcase classname="dependency-check" name="gateway-service-0.0.1-SNAPSHOT.jar: jspecify-1.0.0.jar"/>
    </testsuite>
        <testsuite failures="0" errors="0" time="0" id="47" name="/src/target/gateway-service-0.0.1-SNAPSHOT.jar/BOOT-INF/lib/jul-to-slf4j-2.0.17.jar" package="gateway-service-0.0.1-SNAPSHOT.jar: jul-to-slf4j-2.0.17.jar" skipped="0" tests="1" timestamp="2026-07-25T06:32:19.134878943">
            <testcase classname="dependency-check" name="gateway-service-0.0.1-SNAPSHOT.jar: jul-to-slf4j-2.0.17.jar"/>
    </testsuite>
        <testsuite failures="1" errors="0" time="0" id="48" name="/src/target/gateway-service-0.0.1-SNAPSHOT.jar/BOOT-INF/lib/kotlin-stdlib-2.2.21.jar" package="gateway-service-0.0.1-SNAPSHOT.jar: kotlin-stdlib-2.2.21.jar" skipped="0" tests="1" timestamp="2026-07-25T06:32:19.134878943">
            <testcase classname="CVE-2026-53914" name="cpe:2.3:a:jetbrains:kotlin:*:*:*:*:*:*:*:* versions up to (excluding) 2.4.20">
                <failure message="cvssV3: CRITICAL, score: 9.8 (CVSS:3.1/AV:N/AC:L/PR:N/UI:N/S:U/C:H/I:H/A:H/E:P/RC:R/MAV:A)"/>
            <system-out>In JetBrains Kotlin before 2.4.20 code execution was possible via unsafe deserialization in the build cache metadata</system-out>
            <system-err>location: /src/target/gateway-service-0.0.1-SNAPSHOT.jar/BOOT-INF/lib/kotlin-stdlib-2.2.21.jar, project-references: [  ]</system-err>
        </testcase>
    </testsuite>
        <testsuite failures="0" errors="0" time="0" id="49" name="/src/target/gateway-service-0.0.1-SNAPSHOT.jar/BOOT-INF/lib/lettuce-core-6.8.2.RELEASE.jar" package="gateway-service-0.0.1-SNAPSHOT.jar: lettuce-core-6.8.2.RELEASE.jar" skipped="0" tests="1" timestamp="2026-07-25T06:32:19.134878943">
            <testcase classname="dependency-check" name="gateway-service-0.0.1-SNAPSHOT.jar: lettuce-core-6.8.2.RELEASE.jar"/>
    </testsuite>
        <testsuite failures="0" errors="0" time="0" id="50" name="/src/target/gateway-service-0.0.1-SNAPSHOT.jar/BOOT-INF/lib/listenablefuture-9999.0-empty-to-avoid-conflict-with-guava.jar" package="gateway-service-0.0.1-SNAPSHOT.jar: listenablefuture-9999.0-empty-to-avoid-conflict-with-guava.jar" skipped="0" tests="1" timestamp="2026-07-25T06:32:19.134878943">
            <testcase classname="dependency-check" name="gateway-service-0.0.1-SNAPSHOT.jar: listenablefuture-9999.0-empty-to-avoid-conflict-with-guava.jar"/>
    </testsuite>
        <testsuite failures="1" errors="0" time="0" id="51" name="/src/target/gateway-service-0.0.1-SNAPSHOT.jar/BOOT-INF/lib/log4j-api-2.25.4.jar" package="gateway-service-0.0.1-SNAPSHOT.jar: log4j-api-2.25.4.jar" skipped="0" tests="1" timestamp="2026-07-25T06:32:19.134878943">
            <testcase classname="CVE-2026-49844" name="pkg:maven/org.apache.logging.log4j/log4j-api@2.25.4">
                <failure message="cvssV4: MEDIUM, score: 6.3 (CVSS:4.0/AV:N/AC:L/AT:P/PR:N/UI:N/VC:N/VI:N/VA:N/SC:N/SI:L/SA:N/E:X/CR:X/IR:X/AR:X/MAV:X/MAC:X/MAT:X/MPR:X/MUI:X/MVC:X/MVI:X/MVA:X/MSC:X/MSI:X/MSA:X/S:X/AU:X/R:X/V:X/RE:X/U:X)"/>
            <system-out>Improper encoding of non-finite floating-point values during MapMessage JSON serialization in Apache Log4j API produces output that is not valid JSON. This issue affects Apache Log4j API versions 2.13.1 through 2.25.4 and version 2.26.0.

The fix for CVE-2026-34481 did not cover all code paths: when a MapMessage contains a non-finite IEEE 754 value (NaN, Infinity, or -Infinity), MapMessage.asJson() emits the corresponding bare token. RFC 8259 does not permit these tokens, so a conformant parser rejects the resulting document.

The defect is reachable only when both of the following conditions hold:

  *  The application uses the  message resolver https://logging.apache.org/log4j/2.x/manual/json-template-layout.html#event-template-resolver-message  of JsonTemplateLayout or any other layout that relies on MapMessage.asJson() or MapMessage.getFormattedMessage(new String[]{&quot;JSON&quot;}).
  *  The application logs a MapMessage that contains an attacker-controlled floating-point value.


An attacker who can supply a non-finite value can cause the affected layout to emit malformed JSON, which may corrupt the enclosing log record or disrupt downstream log ingestion and parsing.

Users are advised to upgrade to Apache Log4j API 2.25.5 or 2.26.1, both of which emit RFC 8259-compliant JSON for non-finite values.</system-out>
            <system-err>location: /src/target/gateway-service-0.0.1-SNAPSHOT.jar/BOOT-INF/lib/log4j-api-2.25.4.jar, project-references: [  ]</system-err>
        </testcase>
    </testsuite>
        <testsuite failures="0" errors="0" time="0" id="52" name="/src/target/gateway-service-0.0.1-SNAPSHOT.jar/BOOT-INF/lib/logback-core-1.5.32.jar" package="gateway-service-0.0.1-SNAPSHOT.jar: logback-core-1.5.32.jar" skipped="0" tests="1" timestamp="2026-07-25T06:32:19.134878943">
            <testcase classname="dependency-check" name="gateway-service-0.0.1-SNAPSHOT.jar: logback-core-1.5.32.jar"/>
    </testsuite>
        <testsuite failures="0" errors="0" time="0" id="53" name="/src/target/gateway-service-0.0.1-SNAPSHOT.jar/BOOT-INF/lib/logstash-logback-encoder-7.4.jar" package="gateway-service-0.0.1-SNAPSHOT.jar: logstash-logback-encoder-7.4.jar" skipped="0" tests="1" timestamp="2026-07-25T06:32:19.134878943">
            <testcase classname="dependency-check" name="gateway-service-0.0.1-SNAPSHOT.jar: logstash-logback-encoder-7.4.jar"/>
    </testsuite>
        <testsuite failures="0" errors="0" time="0" id="54" name="/src/target/gateway-service-0.0.1-SNAPSHOT.jar/BOOT-INF/lib/metrics-spi-2.25.0.jar" package="gateway-service-0.0.1-SNAPSHOT.jar: metrics-spi-2.25.0.jar" skipped="0" tests="1" timestamp="2026-07-25T06:32:19.134878943">
            <testcase classname="dependency-check" name="gateway-service-0.0.1-SNAPSHOT.jar: metrics-spi-2.25.0.jar"/>
    </testsuite>
        <testsuite failures="0" errors="0" time="0" id="55" name="/src/target/gateway-service-0.0.1-SNAPSHOT.jar/BOOT-INF/lib/micrometer-core-1.16.5.jar" package="gateway-service-0.0.1-SNAPSHOT.jar: micrometer-core-1.16.5.jar" skipped="0" tests="1" timestamp="2026-07-25T06:32:19.134878943">
            <testcase classname="dependency-check" name="gateway-service-0.0.1-SNAPSHOT.jar: micrometer-core-1.16.5.jar"/>
    </testsuite>
        <testsuite failures="0" errors="0" time="0" id="56" name="/src/target/gateway-service-0.0.1-SNAPSHOT.jar/BOOT-INF/lib/netty-codec-native-quic-4.2.12.Final-windows-x86_64.jar/META-INF/native/netty_quiche42_windows_x86_64.dll" package="gateway-service-0.0.1-SNAPSHOT.jar: netty-codec-native-quic-4.2.12.Final-windows-x86_64.jar: netty_quiche42_windows_x86_64.dll" skipped="0" tests="1" timestamp="2026-07-25T06:32:19.134878943">
            <testcase classname="dependency-check" name="gateway-service-0.0.1-SNAPSHOT.jar: netty-codec-native-quic-4.2.12.Final-windows-x86_64.jar: netty_quiche42_windows_x86_64.dll"/>
    </testsuite>
        <testsuite failures="0" errors="0" time="0" id="57" name="/src/target/gateway-service-0.0.1-SNAPSHOT.jar/BOOT-INF/lib/netty-common-4.2.12.Final.jar/META-INF/maven/org.jctools/jctools-core/pom.xml" package="gateway-service-0.0.1-SNAPSHOT.jar: netty-common-4.2.12.Final.jar (shaded: org.jctools:jctools-core:4.0.5)" skipped="0" tests="1" timestamp="2026-07-25T06:32:19.134878943">
            <testcase classname="dependency-check" name="gateway-service-0.0.1-SNAPSHOT.jar: netty-common-4.2.12.Final.jar (shaded: org.jctools:jctools-core:4.0.5)"/>
    </testsuite>
        <testsuite failures="0" errors="0" time="0" id="58" name="/src/target/gateway-service-0.0.1-SNAPSHOT.jar/BOOT-INF/lib/netty-nio-client-2.25.0.jar" package="gateway-service-0.0.1-SNAPSHOT.jar: netty-nio-client-2.25.0.jar" skipped="0" tests="1" timestamp="2026-07-25T06:32:19.134878943">
            <testcase classname="dependency-check" name="gateway-service-0.0.1-SNAPSHOT.jar: netty-nio-client-2.25.0.jar"/>
    </testsuite>
        <testsuite failures="38" errors="0" time="0" id="59" name="/src/target/gateway-service-0.0.1-SNAPSHOT.jar/BOOT-INF/lib/netty-transport-4.2.12.Final.jar" package="gateway-service-0.0.1-SNAPSHOT.jar: netty-transport-4.2.12.Final.jar" skipped="0" tests="38" timestamp="2026-07-25T06:32:19.134878943">
            <testcase classname="CVE-2026-45674" name="pkg:maven/io.netty/netty-transport@4.2.12.Final">
                <failure message="cvssV3: CRITICAL, score: 10.0 (CVSS:3.1/AV:N/AC:L/PR:N/UI:N/S:C/C:H/I:H/A:N/E:P/RC:R/MAV:A)"/>
            <system-out>Netty is a network application framework for development of protocol servers and clients. Prior to versions 4.1.135.Final and 4.2.15.Final, Netty&apos;s DnsResolveContext fails to validate the origin (bailiwick) of CNAME records in DNS responses. Versions 4.1.135.Final and 4.2.15.Final patch the issue.</system-out>
            <system-err>location: /src/target/gateway-service-0.0.1-SNAPSHOT.jar/BOOT-INF/lib/netty-transport-4.2.12.Final.jar, project-references: [  ]</system-err>
        </testcase>
            <testcase classname="CVE-2026-47691" name="pkg:maven/io.netty/netty-transport@4.2.12.Final">
                <failure message="cvssV3: CRITICAL, score: 10.0 (CVSS:3.1/AV:N/AC:L/PR:N/UI:N/S:C/C:H/I:H/A:N/E:P/RC:R/MAV:A)"/>
            <system-out>Netty is a network application framework for development of protocol servers and clients. Prior to versions 4.1.135.Final and 4.2.15.Final, Netty&apos;s `DnsResolveContext` insufficiently validates the bailiwick of NS records, enabling DNS Cache Poisoning. An attacker controlling an authoritative name server for a subdomain can poison the cache for parent domains (like `.co.uk`). In `io.netty.resolver.dns.DnsResolveContext.AuthoritativeNameServerList#add` method accepts any NS record from the AUTHORITY section as long as the record&apos;s name is a suffix of the questionName. Subsequently, the `handleWithAdditional` method caches the associated A records from the ADDITIONAL section directly into the `authoritativeDnsServerCache` under the parent domain&apos;s key. This bypasses standard bailiwick rules, where a server authoritative for a subdomain should not be trusted to provide authoritative records for its parent. The poisoned cache is then used for all future resolutions under the parent domain&apos;s key. Versions 4.1.135.Final and 4.2.15.Final patch the issue.</system-out>
            <system-err>location: /src/target/gateway-service-0.0.1-SNAPSHOT.jar/BOOT-INF/lib/netty-transport-4.2.12.Final.jar, project-references: [  ]</system-err>
        </testcase>
            <testcase classname="CVE-2026-42581" name="pkg:maven/io.netty/netty-transport@4.2.12.Final">
                <failure message="cvssV3: CRITICAL, score: 9.8 (CVSS:3.1/AV:N/AC:L/PR:N/UI:N/S:U/C:H/I:H/A:H/E:P/RC:R/MAV:A)"/>
            <system-out>Netty is an asynchronous, event-driven network application framework. Prior to 4.2.13.Final and 4.1.133.Final, HttpObjectDecoder strips a conflicting Content-Length header when a request carries both Transfer-Encoding: chunked and Content-Length, but only for HTTP/1.1 messages. The guard is absent for HTTP/1.0. An attacker that sends an HTTP/1.0 request with both headers causes Netty to decode the body as chunked while leaving Content-Length intact in the forwarded HttpMessage. Any downstream proxy or handler that trusts Content-Length over Transfer-Encoding will disagree on message boundaries, enabling request smuggling. This vulnerability is fixed in 4.2.13.Final and 4.1.133.Final.</system-out>
            <system-err>location: /src/target/gateway-service-0.0.1-SNAPSHOT.jar/BOOT-INF/lib/netty-transport-4.2.12.Final.jar, project-references: [  ]</system-err>
        </testcase>
            <testcase classname="CVE-2026-42579" name="pkg:maven/io.netty/netty-transport@4.2.12.Final">
                <failure message="cvssV3: CRITICAL, score: 9.1 (CVSS:3.1/AV:N/AC:L/PR:N/UI:N/S:U/C:N/I:H/A:H/E:P/RC:R/MAV:A)"/>
            <system-out>Netty is an asynchronous, event-driven network application framework. Prior to 4.2.13.Final and 4.1.133.Final, Netty&apos;s DNS codec does not enforce RFC 1035 domain name constraints during either encoding or decoding. This creates a bidirectional attack surface: malicious DNS responses can exploit the decoder, and user-influenced hostnames can exploit the encoder. This vulnerability is fixed in 4.2.13.Final and 4.1.133.Final.</system-out>
            <system-err>location: /src/target/gateway-service-0.0.1-SNAPSHOT.jar/BOOT-INF/lib/netty-transport-4.2.12.Final.jar, project-references: [  ]</system-err>
        </testcase>
            <testcase classname="CVE-2026-42584" name="pkg:maven/io.netty/netty-transport@4.2.12.Final">
                <failure message="cvssV3: CRITICAL, score: 9.1 (CVSS:3.1/AV:N/AC:L/PR:N/UI:N/S:U/C:N/I:H/A:H/E:P/RC:R/MAV:A)"/>
            <system-out>Netty is an asynchronous, event-driven network application framework. Prior to 4.2.13.Final and 4.1.133.Final, HttpClientCodec pairs each inbound response with an outbound request by queue.poll() once per response, including for 1xx. If the client pipelines GET then HEAD and the server sends 103, then 200 with GET body, then 200 for HEAD, the queue pairs HEAD with the first 200. The HEAD rule then skips reading that message’s body, so the GET entity bytes stay on the stream and the following 200 is parsed from the wrong offset. This vulnerability is fixed in 4.2.13.Final and 4.1.133.Final.</system-out>
            <system-err>location: /src/target/gateway-service-0.0.1-SNAPSHOT.jar/BOOT-INF/lib/netty-transport-4.2.12.Final.jar, project-references: [  ]</system-err>
        </testcase>
            <testcase classname="CVE-2026-48006" name="pkg:maven/io.netty/netty-transport@4.2.12.Final">
                <failure message="cvssV4: HIGH, score: 8.7 (CVSS:4.0/AV:N/AC:L/AT:N/PR:N/UI:N/VC:N/VI:N/VA:H/SC:N/SI:N/SA:N/E:X/CR:X/IR:X/AR:X/MAV:X/MAC:X/MAT:X/MPR:X/MUI:X/MVC:X/MVI:X/MVA:X/MSC:X/MSI:X/MSA:X/S:X/AU:X/R:X/V:X/RE:X/U:X)"/>
            <system-out>Netty is a network application framework for development of protocol servers and clients. Prior to versions 4.1.135.Final and 4.2.15.Final, the RedisArrayAggregator handler permanently leaks pooled direct-memory buffers when a Redis pipeline connection closes before a RESP array aggregate completes. The handler retains child messages in per-handler state (`depths` field) but defines no `channelInactive`, `handlerRemoved`, or `exceptionCaught` method to release them when the pipeline tears down. Because the leaked buffers are slices of `PooledByteBufAllocator` chunks, they prevent those chunks from being returned to the JVM-wide direct-memory pool. Repeated connection churn by any network peer monotonically drains this shared pool, eventually causing allocation failures on all Netty channels in the process. Versions 4.1.135.Final and 4.2.15.Final patch the issue.</system-out>
            <system-err>location: /src/target/gateway-service-0.0.1-SNAPSHOT.jar/BOOT-INF/lib/netty-transport-4.2.12.Final.jar, project-references: [  ]</system-err>
        </testcase>
            <testcase classname="CVE-2026-48059" name="pkg:maven/io.netty/netty-transport@4.2.12.Final">
                <failure message="cvssV4: HIGH, score: 8.7 (CVSS:4.0/AV:N/AC:L/AT:N/PR:N/UI:N/VC:N/VI:N/VA:H/SC:N/SI:N/SA:N/E:X/CR:X/IR:X/AR:X/MAV:X/MAC:X/MAT:X/MPR:X/MUI:X/MVC:X/MVI:X/MVA:X/MSC:X/MSI:X/MSA:X/S:X/AU:X/R:X/V:X/RE:X/U:X)"/>
            <system-out>Netty is a network application framework for development of protocol servers and clients. Prior to versions 4.1.135.Final and 4.2.15.Final, the HAProxy PROXY protocol v2 codec in netty leaks native or heap memory on every connection when a client sends a syntactically valid header containing nested `PP2_TYPE_SSL` TLVs (type-length-value records) at depth two or greater. The leak occurs on the successful parse path — no exception is thrown, the message fires downstream, the decoder removes itself, and the application releases the `HAProxyMessage` normally. Yet the underlying cumulation buffer (a pooled, potentially direct `ByteBuf` allocated by the channel) remains permanently pinned. Versions 4.1.135.Final and 4.2.15.Final patch the issue.</system-out>
            <system-err>location: /src/target/gateway-service-0.0.1-SNAPSHOT.jar/BOOT-INF/lib/netty-transport-4.2.12.Final.jar, project-references: [  ]</system-err>
        </testcase>
            <testcase classname="CVE-2026-44249" name="pkg:maven/io.netty/netty-transport@4.2.12.Final">
                <failure message="cvssV3: HIGH, score: 8.1 (CVSS:3.1/AV:N/AC:H/PR:N/UI:N/S:U/C:H/I:H/A:H/E:P/RC:R/MAV:A)"/>
            <system-out>Netty is a network application framework for development of protocol servers and clients. In netty-handler prior to versions 4.1.135.Final and 4.2.15.Final, an attacker can bypass IPv6 subnet rules due to an incorrect masking operation in IpSubnetFilterRule.compareTo(). Valid public IP addresses can bypass the restrictions. Versions 4.1.135.Final and 4.2.15.Final patch the issue.</system-out>
            <system-err>location: /src/target/gateway-service-0.0.1-SNAPSHOT.jar/BOOT-INF/lib/netty-transport-4.2.12.Final.jar, project-references: [  ]</system-err>
        </testcase>
            <testcase classname="CVE-2026-42577" name="pkg:maven/io.netty/netty-transport@4.2.12.Final">
                <failure message="cvssV3: HIGH, score: 7.5 (CVSS:3.1/AV:N/AC:L/PR:N/UI:N/S:U/C:N/I:N/A:H/E:P/RC:R/MAV:A)"/>
            <system-out>Netty is an asynchronous, event-driven network application framework. From 4.2.0.Final to 4.2.13.Final , Netty&apos;s epoll transport fails to detect and close TCP connections that receive a RST after being half-closed, leading to stale channels that are never cleaned up and, in some code paths, a 100% CPU busy-loop in the event loop thread. This vulnerability is fixed in 4.2.13.Final.</system-out>
            <system-err>location: /src/target/gateway-service-0.0.1-SNAPSHOT.jar/BOOT-INF/lib/netty-transport-4.2.12.Final.jar, project-references: [  ]</system-err>
        </testcase>
            <testcase classname="CVE-2026-42582" name="pkg:maven/io.netty/netty-transport@4.2.12.Final">
                <failure message="cvssV3: HIGH, score: 7.5 (CVSS:3.1/AV:N/AC:L/PR:N/UI:N/S:U/C:N/I:N/A:H/E:P/RC:R/MAV:A)"/>
            <system-out>Netty is an asynchronous, event-driven network application framework. Prior to 4.2.13.Final, when decoding header blocks, the non-Huffman branch of io.netty.handler.codec.http3.QpackDecoder#decodeHuffmanEncodedLiteral may execute new byte[length] for a string literal before verifying that length bytes are actually present in the compressed field section. The wire encoding allows a very large length to be expressed in few bytes. There is no check that length &lt;= in.readableBytes() before new byte[length]. This vulnerability is fixed in 4.2.13.Final.</system-out>
            <system-err>location: /src/target/gateway-service-0.0.1-SNAPSHOT.jar/BOOT-INF/lib/netty-transport-4.2.12.Final.jar, project-references: [  ]</system-err>
        </testcase>
            <testcase classname="CVE-2026-42583" name="pkg:maven/io.netty/netty-transport@4.2.12.Final">
                <failure message="cvssV3: HIGH, score: 7.5 (CVSS:3.1/AV:N/AC:L/PR:N/UI:N/S:U/C:N/I:N/A:H/E:P/RC:R/MAV:A)"/>
            <system-out>Netty is an asynchronous, event-driven network application framework. Prior to 4.2.13.Final and 4.1.133.Final, Lz4FrameDecoder allocates a ByteBuf of size decompressedLength (up to 32 MB per block) before LZ4 runs. A peer only needs a 21-byte header plus compressedLength payload bytes - 22 bytes if compressedLength == 1 - to force that allocation. This vulnerability is fixed in 4.2.13.Final and 4.1.133.Final.</system-out>
            <system-err>location: /src/target/gateway-service-0.0.1-SNAPSHOT.jar/BOOT-INF/lib/netty-transport-4.2.12.Final.jar, project-references: [  ]</system-err>
        </testcase>
            <testcase classname="CVE-2026-42585" name="pkg:maven/io.netty/netty-transport@4.2.12.Final">
                <failure message="cvssV3: HIGH, score: 7.5 (CVSS:3.1/AV:N/AC:L/PR:N/UI:N/S:U/C:N/I:H/A:N/E:P/RC:R/MAV:A)"/>
            <system-out>Netty is an asynchronous, event-driven network application framework. Prior to 4.2.13.Final and 4.1.133.Final, Netty incorrectly parses malformed Transfer-Encoding, enabling request smuggling attacks. This vulnerability is fixed in 4.2.13.Final and 4.1.133.Final.</system-out>
            <system-err>location: /src/target/gateway-service-0.0.1-SNAPSHOT.jar/BOOT-INF/lib/netty-transport-4.2.12.Final.jar, project-references: [  ]</system-err>
        </testcase>
            <testcase classname="CVE-2026-42587" name="pkg:maven/io.netty/netty-transport@4.2.12.Final">
                <failure message="cvssV3: HIGH, score: 7.5 (CVSS:3.1/AV:N/AC:L/PR:N/UI:N/S:U/C:N/I:N/A:H/E:P/RC:R/MAV:A)"/>
            <system-out>Netty is an asynchronous, event-driven network application framework. Prior to 4.2.13.Final and 4.1.133.Final, HttpContentDecompressor accepts a maxAllocation parameter to limit decompression buffer size and prevent decompression bomb attacks. This limit is correctly enforced for gzip and deflate encodings via ZlibDecoder, but is silently ignored when the content encoding is br (Brotli), zstd, or snappy. An attacker can bypass the configured decompression limit by sending a compressed payload with Content-Encoding: br instead of Content-Encoding: gzip, causing unbounded memory allocation and out-of-memory denial of service. The same vulnerability exists in DelegatingDecompressorFrameListener for HTTP/2 connections. This vulnerability is fixed in 4.2.13.Final and 4.1.133.Final.</system-out>
            <system-err>location: /src/target/gateway-service-0.0.1-SNAPSHOT.jar/BOOT-INF/lib/netty-transport-4.2.12.Final.jar, project-references: [  ]</system-err>
        </testcase>
            <testcase classname="CVE-2026-44248" name="pkg:maven/io.netty/netty-transport@4.2.12.Final">
                <failure message="cvssV3: HIGH, score: 7.5 (CVSS:3.1/AV:N/AC:L/PR:N/UI:N/S:U/C:N/I:N/A:H/E:P/RC:R/MAV:A)"/>
            <system-out>Netty is an asynchronous, event-driven network application framework. Prior to 4.2.13.Final and 4.1.133.Final, the MQTT 5 header Properties section is parsed and buffered before any message size limit is applied. Specifically, in MqttDecoder, the decodeVariableHeader() method is called before the bytesRemainingBeforeVariableHeader &gt; maxBytesInMessage check. The decodeVariableHeader() can call other methods which will call decodeProperties(). Effectively, Netty does not apply any limits to the size of the properties being decoded. Additionally, because MqttDecoder extends ReplayingDecoder, Netty will repeatedly re-parse the enormous Properties sections and buffer the bytes in memory, until the entire thing parses to completion. This can cause high resource usage in both CPU and memory. This vulnerability is fixed in 4.2.13.Final and 4.1.133.Final.</system-out>
            <system-err>location: /src/target/gateway-service-0.0.1-SNAPSHOT.jar/BOOT-INF/lib/netty-transport-4.2.12.Final.jar, project-references: [  ]</system-err>
        </testcase>
            <testcase classname="CVE-2026-44250" name="pkg:maven/io.netty/netty-transport@4.2.12.Final">
                <failure message="cvssV3: HIGH, score: 7.5 (CVSS:3.1/AV:N/AC:L/PR:N/UI:N/S:U/C:N/I:N/A:H/E:P/RC:R/MAV:A)"/>
            <system-out>Netty is a network application framework for development of protocol servers and clients. In netty-codec-redis prior to versions 4.1.135.Final and 4.2.15.Final, an attacker can cause DoS by sending a crafted Redis payload with deeply nested arrays. This forces the server to allocate a massive number of state objects and collections, leading to memory exhaustion and an OutOfMemoryError. Versions 4.1.135.Final and 4.2.15.Final patch the issue.</system-out>
            <system-err>location: /src/target/gateway-service-0.0.1-SNAPSHOT.jar/BOOT-INF/lib/netty-transport-4.2.12.Final.jar, project-references: [  ]</system-err>
        </testcase>
            <testcase classname="CVE-2026-44890" name="pkg:maven/io.netty/netty-transport@4.2.12.Final">
                <failure message="cvssV3: HIGH, score: 7.5 (CVSS:3.1/AV:N/AC:L/PR:N/UI:N/S:U/C:N/I:N/A:H/E:P/RC:R/MAV:A)"/>
            <system-out>Netty is a network application framework for development of protocol servers and clients. In netty-codec-redis prior to versions 4.1.135.Final and 4.2.15.Final, an attacker can cause DoS by sending crafted Redis payloads across multiple connections without `\r\n`. This exhausts the server&apos;s direct memory pool (OutOfDirectMemoryError), preventing legitimate connections from being processed. Versions 4.1.135.Final and 4.2.15.Final patch the issue.</system-out>
            <system-err>location: /src/target/gateway-service-0.0.1-SNAPSHOT.jar/BOOT-INF/lib/netty-transport-4.2.12.Final.jar, project-references: [  ]</system-err>
        </testcase>
            <testcase classname="CVE-2026-44891" name="pkg:maven/io.netty/netty-transport@4.2.12.Final">
                <failure message="cvssV3: HIGH, score: 7.5 (CVSS:3.1/AV:N/AC:L/PR:N/UI:N/S:U/C:N/I:N/A:H/E:P/RC:R/MAV:A)"/>
            <system-out>Netty is a network application framework for development of protocol servers and clients. Prior to 4.1.136.Final and 4.2.16.Final, io.netty.handler.codec.stomp.StompSubframeDecoder fails to limit the total number of headers or their cumulative size per frame, and the maxLineLength parameter only restricts individual header lines. An attacker can send a large number of short headers that are accumulated in memory inside DefaultStompHeadersSubframe until the JVM throws an OutOfMemoryError, causing denial of service for servers exposing a STOMP endpoint based on StompSubframeDecoder. This issue is fixed in versions 4.1.136.Final and 4.2.16.Final.</system-out>
            <system-err>location: /src/target/gateway-service-0.0.1-SNAPSHOT.jar/BOOT-INF/lib/netty-transport-4.2.12.Final.jar, project-references: [  ]</system-err>
        </testcase>
            <testcase classname="CVE-2026-44892" name="pkg:maven/io.netty/netty-transport@4.2.12.Final">
                <failure message="cvssV3: HIGH, score: 7.5 (CVSS:3.1/AV:N/AC:L/PR:N/UI:N/S:U/C:N/I:N/A:H/E:P/RC:R/MAV:A)"/>
            <system-out>Netty is a network application framework for development of protocol servers and clients. Prior to version 4.2.15.Final, the default configuration of the `Http3ConnectionHandler` in the Netty HTTP/3 codec lacks an enforced maximum header size limit. When a peer does not explicitly specify `HTTP3_SETTINGS_MAX_FIELD_SECTION_SIZE`, the implementation defaults to an unbounded limit. This insecure default configuration allows a malicious client or server to send an enormous number of headers, leading to a memory exhaustion Denial of Service via an `OutOfMemoryError`. Version 4.2.15.Final contains a patch.</system-out>
            <system-err>location: /src/target/gateway-service-0.0.1-SNAPSHOT.jar/BOOT-INF/lib/netty-transport-4.2.12.Final.jar, project-references: [  ]</system-err>
        </testcase>
            <testcase classname="CVE-2026-44893" name="pkg:maven/io.netty/netty-transport@4.2.12.Final">
                <failure message="cvssV3: HIGH, score: 7.5 (CVSS:3.1/AV:N/AC:L/PR:N/UI:N/S:U/C:N/I:N/A:H/E:P/RC:R/MAV:A)"/>
            <system-out>Netty is a network application framework for development of protocol servers and clients. In netty-codec-haproxy prior to versions 4.1.135.Final and 4.2.15.Final, when decoding a PP2_TYPE_SSL TLV, HAProxyMessage.readNextTLV() first calls `header.retainedSlice(header.readerIndex(), length)` and only then reads the 1-byte client field and 4-byte verify field. If the attacker sets the TLV length below 5, the subsequent readByte/readInt throws IndexOutOfBoundsException. HAProxyMessageDecoder only catches HAProxyProtocolException around this call, so the IOOBE propagates and the retained slice on the pooled cumulation buffer is never released. Versions 4.1.135.Final and 4.2.15.Final patch the issue.</system-out>
            <system-err>location: /src/target/gateway-service-0.0.1-SNAPSHOT.jar/BOOT-INF/lib/netty-transport-4.2.12.Final.jar, project-references: [  ]</system-err>
        </testcase>
            <testcase classname="CVE-2026-44894" name="pkg:maven/io.netty/netty-transport@4.2.12.Final">
                <failure message="cvssV3: HIGH, score: 7.5 (CVSS:3.1/AV:N/AC:L/PR:N/UI:N/S:U/C:N/I:H/A:N/E:P/RC:R/MAV:A)"/>
            <system-out>Netty is a network application framework for development of protocol servers and clients. NoQuicTokenHandler is the tokenHandler used when the application does not set one. Prior to version 4.2.15.Final, its writeToken() returns false (server will not send Retry — acceptable), but validateToken() unconditionally `return 0`. In QuicheQuicServerCodec.handlePacket(), a non-negative return from validateToken() is interpreted as &apos;token is valid, ODCID starts at offset 0&apos;, causing the server to call quiche_accept as if the client&apos;s address had been validated by a Retry round-trip. Per RFC 9000 §8.1, a validated address lifts the 3× anti-amplification send limit. Thus any attacker who includes ANY non-empty token bytes in an Initial packet — with a spoofed victim source IP — causes the Netty server to treat the victim as validated and reflect full-size handshake flights (certificates, etc.) toward it without the 3× cap. The correct &apos;no token handler&apos; semantics would be to return -1 (invalid) so the normal un-validated path and amplification limit apply. Version 4.2.15.Final patches the issue.</system-out>
            <system-err>location: /src/target/gateway-service-0.0.1-SNAPSHOT.jar/BOOT-INF/lib/netty-transport-4.2.12.Final.jar, project-references: [  ]</system-err>
        </testcase>
            <testcase classname="CVE-2026-45416" name="pkg:maven/io.netty/netty-transport@4.2.12.Final">
                <failure message="cvssV3: HIGH, score: 7.5 (CVSS:3.1/AV:N/AC:L/PR:N/UI:N/S:U/C:N/I:N/A:H/E:P/RC:R/MAV:A)"/>
            <system-out>Netty is a network application framework for development of protocol servers and clients. Prior to versions 4.1.135.Final and 4.2.15.Final, SslClientHelloHandler.decode() reads the 24-bit TLS handshake length and, when the ClientHello does not fit in the first record, eagerly allocates `ctx.alloc().buffer(handshakeLength)` (line 161). The guard at line 140 is `handshakeLength &gt; maxClientHelloLength &amp;&amp; maxClientHelloLength != 0`, and the commonly-used SniHandler/AbstractSniHandler constructors (SniHandler(Mapping), SniHandler(AsyncMapping), AbstractSniHandler()) pass maxClientHelloLength=0 and handshakeTimeoutMillis=0, so the length guard is disabled and no timeout is scheduled. A 16 MiB request exceeds the default pooled chunk size and becomes a huge/unpooled allocation performed immediately. The buffer is retained in the handler until the channel closes. Versions 4.1.135.Final and 4.2.15.Final patch the issue.</system-out>
            <system-err>location: /src/target/gateway-service-0.0.1-SNAPSHOT.jar/BOOT-INF/lib/netty-transport-4.2.12.Final.jar, project-references: [  ]</system-err>
        </testcase>
            <testcase classname="CVE-2026-46340" name="pkg:maven/io.netty/netty-transport@4.2.12.Final">
                <failure message="cvssV3: HIGH, score: 7.5 (CVSS:3.1/AV:N/AC:L/PR:N/UI:N/S:U/C:N/I:N/A:H/E:P/RC:R/MAV:A)"/>
            <system-out>Netty is a network application framework for development of protocol servers and clients. In versions of netty-transport-sctp prior to 4.1.135.Final and 4.2.15.Final, for each non-complete SctpMessage fragment the handler does `fragments.put(streamId, Unpooled.wrappedBuffer(frag, byteBuf))`, wrapping the previous accumulator and the new slice into a *new* CompositeByteBuf every time. After N fragments the accumulator is an N-deep chain of composites, each holding references and component arrays; readableBytes()/getBytes() on the final buffer recurse N levels. There is no limit on N, on total bytes, or on the number of streamIdentifiers an attacker can open (each gets its own map entry). A peer that never sets the `complete` flag can grow this structure indefinitely from tiny 1-byte DATA chunks. Versions 4.1.135.Final and 4.2.15.Final patch the issue.</system-out>
            <system-err>location: /src/target/gateway-service-0.0.1-SNAPSHOT.jar/BOOT-INF/lib/netty-transport-4.2.12.Final.jar, project-references: [  ]</system-err>
        </testcase>
            <testcase classname="CVE-2026-48043" name="pkg:maven/io.netty/netty-transport@4.2.12.Final">
                <failure message="cvssV3: HIGH, score: 7.5 (CVSS:3.1/AV:N/AC:L/PR:N/UI:N/S:U/C:N/I:N/A:H/E:P/RC:R/MAV:A)"/>
            <system-out>Netty is a network application framework for development of protocol servers and clients. In netty-codec-http2 prior to versions 4.1.135.Final and 4.2.15.Final, the `DelegatingDecompressorFrameListener` class orchestrates HTTP/2 decompression by embedding a per-stream `EmbeddedChannel` that runs the appropriate decompression codec (gzip, deflate, zstd) and forwards decompressed chunks to a wrapped listener. Each decompressed chunk is a pooled `ByteBuf` handed to an anonymous `ChannelInboundHandlerAdapter` tail handler, which becomes the sole owner responsible for releasing it. A remote peer could send frames that would result in the flow-controller throwing and so trigger a resource leak which at the end might take down the whole JVM due OOME. Versions 4.1.135.Final and 4.2.15.Final patch the issue.</system-out>
            <system-err>location: /src/target/gateway-service-0.0.1-SNAPSHOT.jar/BOOT-INF/lib/netty-transport-4.2.12.Final.jar, project-references: [  ]</system-err>
        </testcase>
            <testcase classname="CVE-2026-48748" name="pkg:maven/io.netty/netty-transport@4.2.12.Final">
                <failure message="cvssV3: HIGH, score: 7.5 (CVSS:3.1/AV:N/AC:L/PR:N/UI:N/S:U/C:N/I:N/A:H/E:P/RC:R/MAV:A)"/>
            <system-out>Netty is a network application framework for development of protocol servers and clients. Prior to version 4.2.15.Final, a memory exhaustion vulnerability in the Netty HTTP/3 codec allows the creation of an infinite number of blocked streams, which can cause OOM error. Version 4.2.15.Final patches the issue.</system-out>
            <system-err>location: /src/target/gateway-service-0.0.1-SNAPSHOT.jar/BOOT-INF/lib/netty-transport-4.2.12.Final.jar, project-references: [  ]</system-err>
        </testcase>
            <testcase classname="CVE-2026-50010" name="pkg:maven/io.netty/netty-transport@4.2.12.Final">
                <failure message="cvssV3: HIGH, score: 7.5 (CVSS:3.1/AV:N/AC:L/PR:N/UI:N/S:U/C:H/I:N/A:N/E:P/RC:R/MAV:A)"/>
            <system-out>Netty is a network application framework for development of protocol servers and clients. Prior to versions 4.1.135.Final and 4.2.15.Final, SimpleTrustManagerFactory.engineGetTrustManagers() and related paths wrap any user-supplied plain X509TrustManager in X509TrustManagerWrapper, which extends X509ExtendedTrustManager but implements the 3-arg checkServerTrusted(chain, authType, SSLEngine) by discarding the SSLEngine and calling the 2-arg delegate. Because the object now IS an X509ExtendedTrustManager, neither SunJSSE&apos;s internal AbstractTrustManagerWrapper nor Netty&apos;s own OpenSslX509TrustManagerWrapper will re-wrap it to add endpoint-identification. Consequently, even though Netty 4.2 sets endpointIdentificationAlgorithm=&quot;HTTPS&quot; by default, a client built with `SslContextBuilder.forClient().trustManager(somePlainX509TrustManager)` performs no hostname verification at all. Versions 4.1.135.Final and 4.2.15.Final patch the issue.</system-out>
            <system-err>location: /src/target/gateway-service-0.0.1-SNAPSHOT.jar/BOOT-INF/lib/netty-transport-4.2.12.Final.jar, project-references: [  ]</system-err>
        </testcase>
            <testcase classname="CVE-2026-50011" name="pkg:maven/io.netty/netty-transport@4.2.12.Final">
                <failure message="cvssV3: HIGH, score: 7.5 (CVSS:3.1/AV:N/AC:L/PR:N/UI:N/S:U/C:N/I:N/A:H/E:P/RC:R/MAV:A)"/>
            <system-out>Netty is a network application framework for development of protocol servers and clients. Prior to versions 4.1.135.Final and 4.2.15.Final, RedisArrayAggregator pre-allocates ArrayList with initial capacity equal to the RESP array element count declared in an array header. That count is taken from the wire before the corresponding child messages exist. A small malicious header can claim a huge initial capacity. Versions 4.1.135.Final and 4.2.15.Final patch the issue.</system-out>
            <system-err>location: /src/target/gateway-service-0.0.1-SNAPSHOT.jar/BOOT-INF/lib/netty-transport-4.2.12.Final.jar, project-references: [  ]</system-err>
        </testcase>
            <testcase classname="CVE-2026-55831" name="pkg:maven/io.netty/netty-transport@4.2.12.Final">
                <failure message="cvssV3: HIGH, score: 7.5 (CVSS:3.1/AV:N/AC:L/PR:N/UI:N/S:U/C:N/I:N/A:H/E:P/RC:R/MAV:A)"/>
            <system-out>Netty is a network application framework for development of protocol servers and clients. Prior to 4.1.136.Final and 4.2.16.Final, Netty&apos;s SPDY SETTINGS decoder accepts a peer-declared SETTINGS entry count up to the 24-bit frame-length limit and materializes every unique setting ID in `DefaultSpdySettingsFrame`, allowing a remote SPDY/3.1 peer to send a syntactically valid roughly 2 MiB SETTINGS frame that creates 262144 map entries and amplifies network input into heap growth and ordered-map insertion work. This issue is fixed in versions 4.1.136.Final and 4.2.16.Final.</system-out>
            <system-err>location: /src/target/gateway-service-0.0.1-SNAPSHOT.jar/BOOT-INF/lib/netty-transport-4.2.12.Final.jar, project-references: [  ]</system-err>
        </testcase>
            <testcase classname="CVE-2026-55833" name="pkg:maven/io.netty/netty-transport@4.2.12.Final">
                <failure message="cvssV3: HIGH, score: 7.5 (CVSS:3.1/AV:N/AC:L/PR:N/UI:N/S:U/C:N/I:N/A:H/E:P/RC:R/MAV:A)"/>
            <system-out>Netty is a network application framework for development of protocol servers and clients. Prior to 4.1.136.Final and 4.2.16.Final, Netty SPDY header decoding continues inflating zlib-compressed header blocks after the raw header parser has exceeded `maxHeaderSize` and marked the frame truncated in `SpdyFrameCodec`, allowing a remote peer to send a small compressed `HEADERS` block that expands into much larger raw header data and causes compression-amplified CPU and allocation churn. This issue is fixed in versions 4.1.136.Final and 4.2.16.Final.</system-out>
            <system-err>location: /src/target/gateway-service-0.0.1-SNAPSHOT.jar/BOOT-INF/lib/netty-transport-4.2.12.Final.jar, project-references: [  ]</system-err>
        </testcase>
            <testcase classname="CVE-2026-42586" name="pkg:maven/io.netty/netty-transport@4.2.12.Final">
                <failure message="cvssV3: HIGH, score: 7.1 (CVSS:3.1/AV:L/AC:L/PR:L/UI:N/S:U/C:H/I:H/A:N/E:P/RC:R/MAV:A)"/>
            <system-out>Netty is an asynchronous, event-driven network application framework. Prior to 4.2.13.Final and 4.1.133.Final, the Netty Redis codec encoder (RedisEncoder) writes user-controlled string content directly to the network output buffer without validating or sanitizing CRLF (\r\n) characters. Since the Redis Serialization Protocol (RESP) uses CRLF as the command/response delimiter, an attacker who can control the content of a Redis message can inject arbitrary Redis commands or forge fake responses. This vulnerability is fixed in 4.2.13.Final and 4.1.133.Final.</system-out>
            <system-err>location: /src/target/gateway-service-0.0.1-SNAPSHOT.jar/BOOT-INF/lib/netty-transport-4.2.12.Final.jar, project-references: [  ]</system-err>
        </testcase>
            <testcase classname="CVE-2026-50560" name="pkg:maven/io.netty/netty-transport@4.2.12.Final">
                <failure message="cvssV4: MEDIUM, score: 6.9 (CVSS:4.0/AV:N/AC:L/AT:N/PR:N/UI:N/VC:N/VI:N/VA:L/SC:N/SI:N/SA:N/E:X/CR:X/IR:X/AR:X/MAV:X/MAC:X/MAT:X/MPR:X/MUI:X/MVC:X/MVI:X/MVA:X/MSC:X/MSI:X/MSA:X/S:X/AU:X/R:X/V:X/RE:X/U:X)"/>
            <system-out>Netty is a network application framework for development of protocol servers and clients. Prior to versions 4.1.135.Final and 4.2.15.Final, Netty HTTP/2 max header size handling produces an attack similar to HTTP/2 Rapid Reset. There is a setting in the http2 specification called `SETTINGS_MAX_HEADER_LIST_SIZE`. When a client sends that setting to Netty, it appears that Netty will behave as follows: read the request; proxy the request to the origin; attempt to produce a response; and create an exception while writing the headers for the response. Functionally, this should be similar to the http2 reset attack, but with a different on-the-wire signature. Versions 4.1.135.Final and 4.2.15.Final patch the issue.</system-out>
            <system-err>location: /src/target/gateway-service-0.0.1-SNAPSHOT.jar/BOOT-INF/lib/netty-transport-4.2.12.Final.jar, project-references: [  ]</system-err>
        </testcase>
            <testcase classname="CVE-2026-45673" name="pkg:maven/io.netty/netty-transport@4.2.12.Final">
                <failure message="cvssV3: MEDIUM, score: 6.8 (CVSS:3.1/AV:N/AC:H/PR:N/UI:N/S:C/C:N/I:H/A:N/E:P/RC:R/MAV:A)"/>
            <system-out>Netty is a network application framework for development of protocol servers and clients. Prior to versions 4.1.135.Final and 4.2.15.Final, Netty&apos;s DNS resolver uses a predictable PRNG for generating DNS transaction IDs and defaults to a static UDP source port. This combination reduces the entropy of DNS queries, enabling DNS Cache Poisoning (Kaminsky attack). Versions 4.1.135.Final and 4.2.15.Final patch the issue.</system-out>
            <system-err>location: /src/target/gateway-service-0.0.1-SNAPSHOT.jar/BOOT-INF/lib/netty-transport-4.2.12.Final.jar, project-references: [  ]</system-err>
        </testcase>
            <testcase classname="CVE-2026-42580" name="pkg:maven/io.netty/netty-transport@4.2.12.Final">
                <failure message="cvssV3: MEDIUM, score: 6.5 (CVSS:3.1/AV:N/AC:L/PR:N/UI:N/S:U/C:N/I:L/A:L/E:P/RC:R/MAV:A)"/>
[...]
            <system-err>location: /src/target/gateway-service-0.0.1-SNAPSHOT.jar/BOOT-INF/lib/spring-core-7.0.7.jar, project-references: [  ]</system-err>
        </testcase>
            <testcase classname="CVE-2026-41854" name="cpe:2.3:a:vmware:spring_framework:*:*:*:*:*:*:*:* versions from (including) 7.0.0; versions up to (excluding) 7.0.7.1">
                <failure message="cvssV3: MEDIUM, score: 6.5 (CVSS:3.1/AV:N/AC:L/PR:N/UI:N/S:U/C:L/I:L/A:N/E:P/RC:R/MAV:A)"/>
            <system-out>Due to incorrect host parsing, applications that rely on UriComponentsBuilder to parse and validate an externally provided URL string may be exposed to a server-side request forgery (SSRF) attack.

Affected versions:
Spring Framework 7.0.0 through 7.0.7; 6.2.0 through 6.2.18.</system-out>
            <system-err>location: /src/target/gateway-service-0.0.1-SNAPSHOT.jar/BOOT-INF/lib/spring-core-7.0.7.jar, project-references: [  ]</system-err>
        </testcase>
            <testcase classname="CVE-2026-41844" name="cpe:2.3:a:vmware:spring_framework:*:*:*:*:*:*:*:* versions from (including) 7.0.0; versions up to (excluding) 7.0.7.1">
                <failure message="cvssV3: MEDIUM, score: 6.1 (CVSS:3.1/AV:N/AC:L/PR:N/UI:R/S:C/C:L/I:L/A:N/E:P/RC:R/MAV:A)"/>
            <system-out>A Spring MVC or Spring WebFlux application which configures a mapping for &quot;/**&quot; where the view name is not explicitly specified allows an attacker to craft a link resulting in a 302 redirect to an arbitrary external host via the redirect: prefix.

Affected versions:
Spring Framework 7.0.0 through 7.0.7; 6.2.0 through 6.2.18; 6.1.0 through 6.1.27; 5.3.0 through 5.3.48.</system-out>
            <system-err>location: /src/target/gateway-service-0.0.1-SNAPSHOT.jar/BOOT-INF/lib/spring-core-7.0.7.jar, project-references: [  ]</system-err>
        </testcase>
            <testcase classname="CVE-2026-41845" name="cpe:2.3:a:vmware:spring_framework:*:*:*:*:*:*:*:* versions from (including) 7.0.0; versions up to (excluding) 7.0.7.1">
                <failure message="cvssV3: MEDIUM, score: 6.1 (CVSS:3.1/AV:N/AC:L/PR:N/UI:R/S:C/C:L/I:L/A:N/E:P/RC:R/MAV:A)"/>
            <system-out>Due to incorrect escaping, the use of JavaScriptUtils.javaScriptEscape() may lead to JavaScript code injection in the browser, potentially resulting in a cross-site scripting (XSS) vulnerability.

Affected versions:
Spring Framework 7.0.0 through 7.0.7; 6.2.0 through 6.2.18; 6.1.0 through 6.1.27; 5.3.0 through 5.3.48.</system-out>
            <system-err>location: /src/target/gateway-service-0.0.1-SNAPSHOT.jar/BOOT-INF/lib/spring-core-7.0.7.jar, project-references: [  ]</system-err>
        </testcase>
            <testcase classname="CVE-2026-41846" name="cpe:2.3:a:vmware:spring_framework:*:*:*:*:*:*:*:* versions from (including) 7.0.0; versions up to (excluding) 7.0.7.1">
                <failure message="cvssV3: MEDIUM, score: 6.1 (CVSS:3.1/AV:N/AC:L/PR:N/UI:R/S:C/C:L/I:L/A:N/E:P/RC:R/MAV:A)"/>
            <system-out>Spring MVC applications which accept user-supplied values in the cssClass, cssErrorClass, or cssStyle attributes of JSP form tags allow arbitrary HTML/JavaScript code injection, potentially resulting in a cross-site scripting (XSS) vulnerability.

Affected versions:
Spring Framework 7.0.0 through 7.0.7; 6.2.0 through 6.2.18; 6.1.0 through 6.1.27; 5.3.0 through 5.3.48.</system-out>
            <system-err>location: /src/target/gateway-service-0.0.1-SNAPSHOT.jar/BOOT-INF/lib/spring-core-7.0.7.jar, project-references: [  ]</system-err>
        </testcase>
            <testcase classname="CVE-2026-41840" name="cpe:2.3:a:vmware:spring_framework:*:*:*:*:*:*:*:* versions from (including) 7.0.0; versions up to (excluding) 7.0.7.1">
                <failure message="cvssV3: MEDIUM, score: 5.9 (CVSS:3.1/AV:N/AC:H/PR:N/UI:N/S:U/C:N/I:N/A:H/E:P/RC:R/MAV:A)"/>
            <system-out>Spring WebFlux applications are vulnerable to Denial of Service (DoS) attacks when processing multipart requests.
Affected versions: Spring Framework 7.0.0 through 7.0.7, 6.2.0 through 6.2.18, 6.1.0 through 6.1.27, 5.3.0 through 5.3.48.</system-out>
            <system-err>location: /src/target/gateway-service-0.0.1-SNAPSHOT.jar/BOOT-INF/lib/spring-core-7.0.7.jar, project-references: [  ]</system-err>
        </testcase>
            <testcase classname="CVE-2026-41841" name="cpe:2.3:a:vmware:spring_framework:*:*:*:*:*:*:*:* versions from (including) 7.0.0; versions up to (excluding) 7.0.7.1">
                <failure message="cvssV3: MEDIUM, score: 5.9 (CVSS:3.1/AV:N/AC:H/PR:N/UI:N/S:U/C:H/I:N/A:N/E:P/RC:R/MAV:A)"/>
            <system-out>Spring MVC and WebFlux applications are vulnerable to Information Disclosure attacks when resolving static resources.

Affected versions:
Spring Framework 7.0.0 through 7.0.7; 6.2.0 through 6.2.18; 6.1.0 through 6.1.27; 5.3.0 through 5.3.48.</system-out>
            <system-err>location: /src/target/gateway-service-0.0.1-SNAPSHOT.jar/BOOT-INF/lib/spring-core-7.0.7.jar, project-references: [  ]</system-err>
        </testcase>
            <testcase classname="CVE-2026-41843" name="cpe:2.3:a:vmware:spring_framework:*:*:*:*:*:*:*:* versions from (including) 7.0.0; versions up to (excluding) 7.0.7.1">
                <failure message="cvssV3: MEDIUM, score: 5.9 (CVSS:3.1/AV:N/AC:H/PR:N/UI:N/S:U/C:H/I:N/A:N/E:P/RC:R/MAV:A)"/>
            <system-out>Spring MVC and WebFlux applications are vulnerable to Path Traversal attacks when resolving static resources.

Affected versions:
Spring Framework 7.0.0 through 7.0.7; 6.2.0 through 6.2.18; 6.1.0 through 6.1.27; 5.3.0 through 5.3.48.</system-out>
            <system-err>location: /src/target/gateway-service-0.0.1-SNAPSHOT.jar/BOOT-INF/lib/spring-core-7.0.7.jar, project-references: [  ]</system-err>
        </testcase>
            <testcase classname="CVE-2026-41852" name="cpe:2.3:a:vmware:spring_framework:*:*:*:*:*:*:*:* versions from (including) 7.0.0; versions up to (excluding) 7.0.7.1">
                <failure message="cvssV3: MEDIUM, score: 5.3 (CVSS:3.1/AV:N/AC:L/PR:N/UI:N/S:U/C:N/I:L/A:N/E:P/RC:R/MAV:A)"/>
            <system-out>A vulnerability in Spring Expression Language (SpEL) evaluation logic allows for arbitrary zero-argument method invocation, even within restricted or read-only contexts, which may allow an attacker to invoke unintended application logic.

Affected versions:
Spring Framework 7.0.0 through 7.0.7; 6.2.0 through 6.2.18; 6.1.0 through 6.1.27; 5.3.0 through 5.3.48.</system-out>
            <system-err>location: /src/target/gateway-service-0.0.1-SNAPSHOT.jar/BOOT-INF/lib/spring-core-7.0.7.jar, project-references: [  ]</system-err>
        </testcase>
            <testcase classname="CVE-2026-41853" name="cpe:2.3:a:vmware:spring_framework:*:*:*:*:*:*:*:* versions from (including) 7.0.0; versions up to (excluding) 7.0.7.1">
                <failure message="cvssV3: MEDIUM, score: 5.3 (CVSS:3.1/AV:N/AC:L/PR:N/UI:N/S:U/C:N/I:L/A:N/E:P/RC:R/MAV:A)"/>
            <system-out>Spring MVC and WebFlux applications are vulnerable to Multipart request smuggling attacks.

Affected versions:
Spring Framework 7.0.0 through 7.0.7; 6.2.0 through 6.2.18; 6.1.0 through 6.1.27; 5.3.0 through 5.3.48.</system-out>
            <system-err>location: /src/target/gateway-service-0.0.1-SNAPSHOT.jar/BOOT-INF/lib/spring-core-7.0.7.jar, project-references: [  ]</system-err>
        </testcase>
            <testcase classname="CVE-2026-41839" name="cpe:2.3:a:vmware:spring_framework:*:*:*:*:*:*:*:* versions from (including) 7.0.0; versions up to (excluding) 7.0.8">
                <failure message="cvssV3: MEDIUM, score: 4.2 (CVSS:3.1/AV:N/AC:H/PR:N/UI:R/S:U/C:L/I:L/A:N/E:P/RC:R/MAV:A)"/>
            <system-out>A WebFlux application with a compromised subdomain (for example, compromised via cross-site scripting (XSS)) is vulnerable to an escalation attack exchanging a known session ID for that of an authenticated user.

Affected versions:
Spring Framework 7.0.0 through 7.0.7; 6.2.0 through 6.2.18; 6.1.0 through 6.1.27; 5.3.0 through 5.3.48.</system-out>
            <system-err>location: /src/target/gateway-service-0.0.1-SNAPSHOT.jar/BOOT-INF/lib/spring-core-7.0.7.jar, project-references: [  ]</system-err>
        </testcase>
    </testsuite>
        <testsuite failures="0" errors="0" time="0" id="109" name="/src/target/gateway-service-0.0.1-SNAPSHOT.jar/BOOT-INF/lib/spring-data-commons-4.0.5.jar" package="gateway-service-0.0.1-SNAPSHOT.jar: spring-data-commons-4.0.5.jar" skipped="0" tests="1" timestamp="2026-07-25T06:32:19.134878943">
            <testcase classname="dependency-check" name="gateway-service-0.0.1-SNAPSHOT.jar: spring-data-commons-4.0.5.jar"/>
    </testsuite>
        <testsuite failures="0" errors="0" time="0" id="110" name="/src/target/gateway-service-0.0.1-SNAPSHOT.jar/BOOT-INF/lib/spring-data-keyvalue-4.0.5.jar" package="gateway-service-0.0.1-SNAPSHOT.jar: spring-data-keyvalue-4.0.5.jar" skipped="0" tests="1" timestamp="2026-07-25T06:32:19.134878943">
            <testcase classname="dependency-check" name="gateway-service-0.0.1-SNAPSHOT.jar: spring-data-keyvalue-4.0.5.jar"/>
    </testsuite>
        <testsuite failures="0" errors="0" time="0" id="111" name="/src/target/gateway-service-0.0.1-SNAPSHOT.jar/BOOT-INF/lib/spring-data-redis-4.0.5.jar" package="gateway-service-0.0.1-SNAPSHOT.jar: spring-data-redis-4.0.5.jar" skipped="0" tests="1" timestamp="2026-07-25T06:32:19.134878943">
            <testcase classname="dependency-check" name="gateway-service-0.0.1-SNAPSHOT.jar: spring-data-redis-4.0.5.jar"/>
    </testsuite>
        <testsuite failures="1" errors="0" time="0" id="112" name="/src/target/gateway-service-0.0.1-SNAPSHOT.jar/BOOT-INF/lib/spring-security-crypto-7.0.5.jar" package="gateway-service-0.0.1-SNAPSHOT.jar: spring-security-crypto-7.0.5.jar" skipped="0" tests="1" timestamp="2026-07-25T06:32:19.134878943">
            <testcase classname="CVE-2018-1258" name="cpe:2.3:a:pivotal_software:spring_security:*:*:*:*:*:*:*:*">
                <failure message="cvssV3: HIGH, score: 8.8 (CVSS:3.1/AV:N/AC:L/PR:L/UI:N/S:U/C:H/I:H/A:H/E:P/RC:R/MAV:A)"/>
            <system-out>Spring Framework version 5.0.5 when used in combination with any versions of Spring Security contains an authorization bypass when using method security. An unauthorized malicious user can gain unauthorized access to methods that should be restricted.</system-out>
            <system-err>location: /src/target/gateway-service-0.0.1-SNAPSHOT.jar/BOOT-INF/lib/spring-security-crypto-7.0.5.jar, project-references: [  ]</system-err>
        </testcase>
    </testsuite>
        <testsuite failures="0" errors="0" time="0" id="113" name="/src/target/gateway-service-0.0.1-SNAPSHOT.jar/BOOT-INF/lib/spring-tx-7.0.7.jar" package="gateway-service-0.0.1-SNAPSHOT.jar: spring-tx-7.0.7.jar" skipped="0" tests="1" timestamp="2026-07-25T06:32:19.134878943">
            <testcase classname="dependency-check" name="gateway-service-0.0.1-SNAPSHOT.jar: spring-tx-7.0.7.jar"/>
    </testsuite>
        <testsuite failures="0" errors="0" time="0" id="114" name="/src/target/gateway-service-0.0.1-SNAPSHOT.jar/BOOT-INF/lib/spring-web-7.0.7.jar" package="gateway-service-0.0.1-SNAPSHOT.jar: spring-web-7.0.7.jar" skipped="0" tests="1" timestamp="2026-07-25T06:32:19.134878943">
            <testcase classname="dependency-check" name="gateway-service-0.0.1-SNAPSHOT.jar: spring-web-7.0.7.jar"/>
    </testsuite>
        <testsuite failures="0" errors="0" time="0" id="115" name="/src/target/gateway-service-0.0.1-SNAPSHOT.jar/BOOT-INF/lib/third-party-jackson-core-2.25.0.jar" package="gateway-service-0.0.1-SNAPSHOT.jar: third-party-jackson-core-2.25.0.jar" skipped="0" tests="1" timestamp="2026-07-25T06:32:19.134878943">
            <testcase classname="dependency-check" name="gateway-service-0.0.1-SNAPSHOT.jar: third-party-jackson-core-2.25.0.jar"/>
    </testsuite>
        <testsuite failures="0" errors="0" time="0" id="116" name="/src/target/gateway-service-0.0.1-SNAPSHOT.jar/BOOT-INF/lib/tomcat-embed-el-11.0.21.jar" package="gateway-service-0.0.1-SNAPSHOT.jar: tomcat-embed-el-11.0.21.jar" skipped="0" tests="1" timestamp="2026-07-25T06:32:19.134878943">
            <testcase classname="dependency-check" name="gateway-service-0.0.1-SNAPSHOT.jar: tomcat-embed-el-11.0.21.jar"/>
    </testsuite>
        <testsuite failures="0" errors="0" time="0" id="117" name="/src/target/gateway-service-0.0.1-SNAPSHOT.jar/BOOT-INF/lib/utils-2.25.0.jar" package="gateway-service-0.0.1-SNAPSHOT.jar: utils-2.25.0.jar" skipped="0" tests="1" timestamp="2026-07-25T06:32:19.134878943">
            <testcase classname="dependency-check" name="gateway-service-0.0.1-SNAPSHOT.jar: utils-2.25.0.jar"/>
    </testsuite>
        <testsuite failures="6" errors="0" time="0" id="118" name="/src/target/gateway-service-0.0.1-SNAPSHOT.jar/BOOT-INF/lib/vertx-core-4.5.1.jar" package="gateway-service-0.0.1-SNAPSHOT.jar: vertx-core-4.5.1.jar" skipped="0" tests="6" timestamp="2026-07-25T06:32:19.134878943">
            <testcase classname="CVE-2026-15075" name="pkg:maven/io.vertx/vertx-core@4.5.1">
                <failure message="cvssV4: HIGH, score: 8.2 (CVSS:4.0/AV:N/AC:L/AT:P/PR:N/UI:N/VC:H/VI:N/VA:N/SC:N/SI:N/SA:N/E:X/CR:X/IR:X/AR:X/MAV:X/MAC:X/MAT:X/MPR:X/MUI:X/MVC:X/MVI:X/MVA:X/MSC:X/MSI:X/MSA:X/S:X/AU:X/R:X/V:X/RE:X/U:X)"/>
            <system-out>In Eclipse Vert.x versions up to and including 4.5.29 (4.x branch) and 5.1.4 (5.x branch), DefaultRedirectHandler (vertx-core) propagates all request headers as-is across cross-origin HTTP 30x redirects. Only Content-Length is stripped; no origin comparison (scheme, host, port) is performed before copying headers to the redirect target.
As a result, credential headers, including Authorization, Cookie, Proxy-Authorization, and arbitrary custom headers such as X-API-Token, are forwarded to the redirect destination without the caller&apos;s knowledge.




An attacker who can cause a Vert.x HttpClient to issue a request that is redirected to an attacker-controlled host (for example, by supplying a URL to a webhook dispatcher, image proxy, or microservice URL fetcher) can capture bearer tokens, basic-auth credentials, session cookies, and API keys attached to the original request.</system-out>
            <system-err>location: /src/target/gateway-service-0.0.1-SNAPSHOT.jar/BOOT-INF/lib/vertx-core-4.5.1.jar, project-references: [  ]</system-err>
        </testcase>
            <testcase classname="CVE-2026-15076" name="pkg:maven/io.vertx/vertx-core@4.5.1">
                <failure message="cvssV4: HIGH, score: 8.2 (CVSS:4.0/AV:N/AC:L/AT:P/PR:N/UI:N/VC:H/VI:N/VA:N/SC:N/SI:N/SA:N/E:X/CR:X/IR:X/AR:X/MAV:X/MAC:X/MAT:X/MPR:X/MUI:X/MVC:X/MVI:X/MVA:X/MSC:X/MSI:X/MSA:X/S:X/AU:X/R:X/V:X/RE:X/U:X)"/>
            <system-out>In versions up to and including 4.5.29 (4.x branch) and 5.1.4 (5.x branch), the WebClientSession component of Eclipse Vert.x Web Client does not validate that the Domain attribute of a Set-Cookie response header matches the originating server&apos;s domain, in violation of RFC 6265 section 5.3.
An attacker who controls any server that the victim application contacts can inject a cookie scoped to an arbitrary third-party domain; because the session store performs no cross-domain ownership check, it stores and later transmits that cookie to the targeted domain.




When the victim application subsequently sends a request to the targeted domain using the same WebClientSession, it presents the attacker-injected cookie, causing the receiving service to process the request under the attacker&apos;s account. Sensitive data included in the victim application&apos;s requests, such as payment amounts, card details, or other API payloads, may then be accessible to the attacker through their own account on that service.</system-out>
            <system-err>location: /src/target/gateway-service-0.0.1-SNAPSHOT.jar/BOOT-INF/lib/vertx-core-4.5.1.jar, project-references: [  ]</system-err>
        </testcase>
            <testcase classname="CVE-2024-8391" name="pkg:maven/io.vertx/vertx-core@4.5.1">
                <failure message="cvssV4: MEDIUM, score: 6.9 (CVSS:4.0/AV:N/AC:L/AT:N/PR:N/UI:N/VC:N/VI:N/VA:L/SC:N/SI:N/SA:N/E:X/CR:X/IR:X/AR:X/MAV:X/MAC:X/MAT:X/MPR:X/MUI:X/MVC:X/MVI:X/MVA:X/MSC:X/MSI:X/MSA:X/S:X/AU:X/R:X/V:X/RE:X/U:X)"/>
            <system-out>In Eclipse Vert.x version 4.3.0 to 4.5.9, the gRPC server does not limit the maximum length of message payload (Maven GAV: io.vertx:vertx-grpc-server and io.vertx:vertx-grpc-client). 




This is fixed in the 4.5.10 version. 




Note this does not affect the Vert.x gRPC server based grpc-java and Netty libraries (Maven GAV: io.vertx:vertx-grpc)</system-out>
            <system-err>location: /src/target/gateway-service-0.0.1-SNAPSHOT.jar/BOOT-INF/lib/vertx-core-4.5.1.jar, project-references: [  ]</system-err>
        </testcase>
            <testcase classname="CVE-2026-6860" name="pkg:maven/io.vertx/vertx-core@4.5.1">
                <failure message="cvssV4: MEDIUM, score: 6.9 (CVSS:4.0/AV:N/AC:L/AT:N/PR:N/UI:N/VC:N/VI:N/VA:L/SC:N/SI:N/SA:L/E:X/CR:X/IR:X/AR:X/MAV:X/MAC:X/MAT:X/MPR:X/MUI:X/MVC:X/MVI:X/MVA:X/MSC:X/MSI:X/MSA:X/S:X/AU:X/R:X/V:X/RE:X/U:X)"/>
            <system-out>A TCP client can perform a TLS handshake and present the server name extension with a server name that is accepted by a server wildcard name, e.g. if the server is configured with a certificate accepting *.example.com, any XYZ.example.com where xyz is a valid name can be used.</system-out>
            <system-err>location: /src/target/gateway-service-0.0.1-SNAPSHOT.jar/BOOT-INF/lib/vertx-core-4.5.1.jar, project-references: [  ]</system-err>
        </testcase>
            <testcase classname="CVE-2025-11965" name="pkg:maven/io.vertx/vertx-core@4.5.1">
                <failure message="cvssV4: MEDIUM, score: 6.3 (CVSS:4.0/AV:N/AC:L/AT:P/PR:N/UI:N/VC:L/VI:L/VA:N/SC:N/SI:N/SA:N/E:X/CR:X/IR:X/AR:X/MAV:X/MAC:X/MAT:X/MPR:X/MUI:X/MVC:X/MVI:X/MVA:X/MSC:X/MSI:X/MSA:X/S:X/AU:X/R:X/V:X/RE:X/U:X)"/>
            <system-out>In Eclipse Vert.x versions [4.0.0, 4.5.21] and [5.0.0, 5.0.4], a StaticHandler configuration for restricting access to hidden files fails to restrict access to hidden directories, allowing unauthorized users to retrieve files within them (e.g. &apos;.git/config&apos;).</system-out>
            <system-err>location: /src/target/gateway-service-0.0.1-SNAPSHOT.jar/BOOT-INF/lib/vertx-core-4.5.1.jar, project-references: [  ]</system-err>
        </testcase>
            <testcase classname="CVE-2025-11966" name="pkg:maven/io.vertx/vertx-core@4.5.1">
                <failure message="cvssV4: LOW, score: 2.3 (CVSS:4.0/AV:N/AC:H/AT:P/PR:L/UI:N/VC:L/VI:L/VA:N/SC:L/SI:L/SA:N/E:X/CR:X/IR:X/AR:X/MAV:X/MAC:X/MAT:X/MPR:X/MUI:X/MVC:X/MVI:X/MVA:X/MSC:X/MSI:X/MSA:X/S:X/AU:X/R:X/V:X/RE:X/U:X)"/>
            <system-out>In Eclipse Vert.x versions [4.0.0, 4.5.21] and [5.0.0, 5.0.4], when &quot;directory listing&quot; is enabled, file and directory names are inserted into generated HTML without proper escaping in the href, title, and link attributes. An attacker who can create or rename files or directories within a served path can craft filenames containing malicious script or HTML content, leading to stored cross-site scripting (XSS) that executes in the context of users viewing the affected directory listing.</system-out>
            <system-err>location: /src/target/gateway-service-0.0.1-SNAPSHOT.jar/BOOT-INF/lib/vertx-core-4.5.1.jar, project-references: [  ]</system-err>
        </testcase>
    </testsuite>
        <testsuite failures="0" errors="0" time="0" id="119" name="/src/package.json" package="package.json" skipped="0" tests="1" timestamp="2026-07-25T06:32:19.134878943">
            <testcase classname="dependency-check" name="package.json"/>
    </testsuite>
</testsuites>