<?xml version="1.0" encoding="UTF-8"?>
<testsuite xmlns:xsi="http://www.w3.org/2001/XMLSchema-instance" xsi:noNamespaceSchemaLocation="https://maven.apache.org/surefire/maven-surefire-plugin/xsd/surefire-test-report.xsd" version="3.0.2" name="com.uce.linkage_service.LinkageServiceApplicationTests" time="4.932" tests="1" errors="0" skipped="0" failures="0" flakes="0">
  <properties>
[...]
</properties>
  <testcase name="contextLoads" classname="com.uce.linkage_service.LinkageServiceApplicationTests" time="0.381">
    <system-out><![CDATA[
  .   ____          _            __ _ _
 /\\ / ___'_ __ _ _(_)_ __  __ _ \ \ \ \
( ( )\___ | '_ | '_| | '_ \/ _` | \ \ \ \
 \\/  ___)| |_)| | | | | || (_| |  ) ) ) )
  '  |____| .__|_| |_|_| |_\__, | / / / /
 =========|_|==============|___/=/_/_/_/

 :: Spring Boot ::                (v4.0.6)

2026-06-07T21:16:36.888-05:00  INFO 5116 --- [linkage-service] [           main] c.u.l.LinkageServiceApplicationTests     : Starting LinkageServiceApplicationTests using Java 17.0.19 with PID 5116 (started by gisse in C:\Users\gisse\sistema-pasantias-vinculacion\apps\linkage-service)
2026-06-07T21:16:36.894-05:00  INFO 5116 --- [linkage-service] [           main] c.u.l.LinkageServiceApplicationTests     : No active profile set, falling back to 1 default profile: "default"
2026-06-07T21:16:37.492-05:00  INFO 5116 --- [linkage-service] [           main] .s.d.r.c.RepositoryConfigurationDelegate : Bootstrapping Spring Data JPA repositories in DEFAULT mode.
2026-06-07T21:16:37.544-05:00  INFO 5116 --- [linkage-service] [           main] .s.d.r.c.RepositoryConfigurationDelegate : Finished Spring Data repository scanning in 41 ms. Found 1 JPA repository interface.
2026-06-07T21:16:38.006-05:00  INFO 5116 --- [linkage-service] [           main] org.hibernate.orm.jpa                    : HHH008540: Processing PersistenceUnitInfo [name: default]
2026-06-07T21:16:38.121-05:00  INFO 5116 --- [linkage-service] [           main] org.hibernate.orm.core                   : HHH000001: Hibernate ORM core version 7.2.12.Final
2026-06-07T21:16:38.749-05:00  INFO 5116 --- [linkage-service] [           main] o.s.o.j.p.SpringPersistenceUnitInfo      : No LoadTimeWeaver setup: ignoring JPA class transformer
2026-06-07T21:16:38.789-05:00  INFO 5116 --- [linkage-service] [           main] com.zaxxer.hikari.HikariDataSource       : HikariPool-1 - Starting...
2026-06-07T21:16:38.878-05:00  INFO 5116 --- [linkage-service] [           main] com.zaxxer.hikari.pool.HikariPool        : HikariPool-1 - Added connection org.sqlite.jdbc4.JDBC4Connection@289a4b90
2026-06-07T21:16:38.880-05:00  INFO 5116 --- [linkage-service] [           main] com.zaxxer.hikari.HikariDataSource       : HikariPool-1 - Start completed.
2026-06-07T21:16:38.918-05:00  INFO 5116 --- [linkage-service] [           main] org.hibernate.orm.connections.pooling    : HHH10001005: Database info:
	Database JDBC URL [jdbc:sqlite:linkage.db]
	Database driver: SQLite JDBC
	Database dialect: SQLiteDialect
	Database version: 3.50.3
	Default catalog/schema: undefined/undefined
	Autocommit mode: undefined/unknown
	Isolation level: SERIALIZABLE [default SERIALIZABLE]
	JDBC fetch size: none
	Pool: DataSourceConnectionProvider
	Minimum pool size: undefined/unknown
	Maximum pool size: undefined/unknown
2026-06-07T21:16:39.555-05:00  INFO 5116 --- [linkage-service] [           main] org.hibernate.orm.core                   : HHH000489: No JTA platform available (set 'hibernate.transaction.jta.platform' to enable JTA platform integration)
Hibernate: create table linkage_projects (id integer, description varchar(255), institution varchar(255), name varchar(255), status varchar(255), primary key (id))
2026-06-07T21:16:39.601-05:00  INFO 5116 --- [linkage-service] [           main] j.LocalContainerEntityManagerFactoryBean : Initialized JPA EntityManagerFactory for persistence unit 'default'
2026-06-07T21:16:39.710-05:00  INFO 5116 --- [linkage-service] [           main] o.s.d.j.r.query.QueryEnhancerFactories   : Hibernate is in classpath; If applicable, HQL parser will be used.
2026-06-07T21:16:39.960-05:00  WARN 5116 --- [linkage-service] [           main] JpaBaseConfiguration$JpaWebConfiguration : spring.jpa.open-in-view is enabled by default. Therefore, database queries may be performed during view rendering. Explicitly configure spring.jpa.open-in-view to disable this warning
2026-06-07T21:16:40.641-05:00  INFO 5116 --- [linkage-service] [           main] c.u.l.LinkageServiceApplicationTests     : Started LinkageServiceApplicationTests in 4.053 seconds (process running for 5.071)
]]></system-out>
  </testcase>
</testsuite>